<?xml version="1.0" encoding="utf-8"?><testsuites name="pytest tests"><testsuite name="pytest" errors="0" failures="1" skipped="0" tests="19" time="4.961" timestamp="2026-08-04T15:56:10.994068+00:00" hostname="agent-env-21f9466c-5498-45d7-81a6-dbe438116ad1"><testcase classname="tests.test_iter32_counsel_guide.TestCounselAuth" name="test_counsel_login_role" time="0.661" /><testcase classname="tests.test_iter32_counsel_guide.TestLegalDocs" name="test_docs_index_contains_counsel_entries" time="0.426" /><testcase classname="tests.test_iter32_counsel_guide.TestLegalDocs" name="test_counsel_guide_draft_download" time="0.145" /><testcase classname="tests.test_iter32_counsel_guide.TestLegalDocs" name="test_counsel_review_plan_draft_download" time="0.165" /><testcase classname="tests.test_iter32_counsel_guide.TestLegalDocs" name="test_briefing_docx_and_md_fast_path" time="0.194"><failure message="AssertionError: # Birthright Foundation — Legal Briefing for Counsel&#10;  _Prepared for: outside counsel forming the entity and drafting agreements._&#10;  _Prepared by: platform engineering (technical scoping only — not legal analysis)._&#10;  _Version: February 2026. All figures below reflect the state of the platform in production at **https://birthright.live**._&#10;  &#10;  &gt; How to use this document: each section describes what exists in the product today, then flags the concrete legal instruments we believe need to be drafted, revie&#10;assert 'Counsel Fast Path' in '# Birthright Foundation — Legal Briefing for Counsel\n_Prepared for: outside counsel forming the entity and drafting agreements._\n_Prepared by: platform engineering (technical scoping only — not legal analysis)._\n_Version: February 2026. All figures below reflect the state of the platform in production at **https://birthright.live**._\n\n&gt; How to use this document: each section describes what exists in the product today, then flags the concrete legal instruments we believe need to be drafted, reviewed, or updated. URLs point to live pages counsel can inspect directly. Nothing in this document is legal advice; it is a technical dossier.\n\n---\n\n## 1. Entity Overview\n\n| Attribute | Description |\n|---|---|\n| Common name | **Birthright Foundation** (also referred to as “birthright” in copy) |\n| Public brand | birthright.live |\n| Product | A community + education platform combining: (a) an online storefront (physical + digital goods), (b) live and recorded workshops, (c) a peer-artist gallery, (d) a facilitator directory and paid partner program, (e) research and long-form content, and (f) an AI Help Assistant that answers members\' questions using platform DB context. |\n|... appears at the top of every page during the session.\n\n- **Sign-in URL:** `https://birthright.live/login`\n- **Email:** `counsel@birthright.org`\n- **Password:** `counsel-review-2026`\n- **Role:** `readonly_admin`\n\n**One important disclosure:** every request from the counsel session (URL visited, HTTP method, response status, IP address, user-agent, and timestamp) is logged to an internal audit trail visible to Foundation administrators. This is a normal security measure and is described more fully in §4b and in the recommended Counsel Terms of Access (draft §8b item 22). Counsel accounts are themselves blocked from viewing the audit log, so a compromised counsel session cannot inspect or alter its own record.\n\nA companion **review checklist** at `https://birthright.live/admin/counsel-review` (visible to counsel and admin) lets counsel check off each document as reviewed with initials and notes; that record persists indefinitely as the durable sign-off trail.\n\nPlease notify engineering (via the executive director) when the review is complete so the account can be rotated or archived.\n\nPlease direct clarifying questions to James, who will loop in engineering as needed.\n'">E   AssertionError: # Birthright Foundation — Legal Briefing for Counsel
      _Prepared for: outside counsel forming the entity and drafting agreements._
      _Prepared by: platform engineering (technical scoping only — not legal analysis)._
      _Version: February 2026. All figures below reflect the state of the platform in production at **https://birthright.live**._
      
      &gt; How to use this document: each section describes what exists in the product today, then flags the concrete legal instruments we believe need to be drafted, revie
    assert 'Counsel Fast Path' in '# Birthright Foundation — Legal Briefing for Counsel\n_Prepared for: outside counsel forming the entity and drafting agreements._\n_Prepared by: platform engineering (technical scoping only — not legal analysis)._\n_Version: February 2026. All figures below reflect the state of the platform in production at **https://birthright.live**._\n\n&gt; How to use this document: each section describes what exists in the product today, then flags the concrete legal instruments we believe need to be drafted, reviewed, or updated. URLs point to live pages counsel can inspect directly. Nothing in this document is legal advice; it is a technical dossier.\n\n---\n\n## 1. Entity Overview\n\n| Attribute | Description |\n|---|---|\n| Common name | **Birthright Foundation** (also referred to as “birthright” in copy) |\n| Public brand | birthright.live |\n| Product | A community + education platform combining: (a) an online storefront (physical + digital goods), (b) live and recorded workshops, (c) a peer-artist gallery, (d) a facilitator directory and paid partner program, (e) research and long-form content, and (f) an AI Help Assistant that answers members\' questions using platform DB context. |\n|... appears at the top of every page during the session.\n\n- **Sign-in URL:** `https://birthright.live/login`\n- **Email:** `counsel@birthright.org`\n- **Password:** `counsel-review-2026`\n- **Role:** `readonly_admin`\n\n**One important disclosure:** every request from the counsel session (URL visited, HTTP method, response status, IP address, user-agent, and timestamp) is logged to an internal audit trail visible to Foundation administrators. This is a normal security measure and is described more fully in §4b and in the recommended Counsel Terms of Access (draft §8b item 22). Counsel accounts are themselves blocked from viewing the audit log, so a compromised counsel session cannot inspect or alter its own record.\n\nA companion **review checklist** at `https://birthright.live/admin/counsel-review` (visible to counsel and admin) lets counsel check off each document as reviewed with initials and notes; that record persists indefinitely as the durable sign-off trail.\n\nPlease notify engineering (via the executive director) when the review is complete so the account can be rotated or archived.\n\nPlease direct clarifying questions to James, who will loop in engineering as needed.\n'</failure></testcase><testcase classname="tests.test_iter32_counsel_guide.TestLegalDocs" name="test_counsel_guide_md_has_correct_password" time="0.000" /><testcase classname="tests.test_iter32_counsel_guide.TestLegalDocs" name="test_counsel_guide_advises_pushing_billable_work_to_admin" time="0.000" /><testcase classname="tests.test_iter32_counsel_guide.TestPublicLegal" name="test_pages_six_slugs" time="0.138" /><testcase classname="tests.test_iter32_counsel_guide.TestPublicLegal" name="test_page_terms_body" time="0.215" /><testcase classname="tests.test_iter32_counsel_guide.TestPublicLegal" name="test_history_and_rss" time="0.243" /><testcase classname="tests.test_iter32_counsel_guide.TestCounselWrites" name="test_counsel_can_read_comments" time="0.088" /><testcase classname="tests.test_iter32_counsel_guide.TestCounselWrites" name="test_counsel_can_post_comment" time="0.150" /><testcase classname="tests.test_iter32_counsel_guide.TestCounselWrites" name="test_counsel_ratification_blocked" time="0.071" /><testcase classname="tests.test_iter32_counsel_guide.TestCounselWrites" name="test_counsel_rebuild_blocked" time="0.069" /><testcase classname="tests.test_iter32_counsel_guide.TestCounselWrites" name="test_admin_ratification_succeeds_and_revoke" time="0.683" /><testcase classname="tests.test_iter32_counsel_guide.TestCounselWrites" name="test_admin_rebuild_docx" time="1.280" /><testcase classname="tests.test_iter32_counsel_guide" name="test_zz_cleanup_comments" time="0.069" /><testcase classname="tests.test_iter32_counsel_guide.TestHelpKB" name="test_counsel_fast_path_kb" time="0.129" /><testcase classname="tests.test_iter32_counsel_guide.TestHelpKB" name="test_counsel_redline_kb" time="0.135" /></testsuite></testsuites>