<?xml version="1.0" encoding="utf-8"?><testsuites name="pytest tests"><testsuite name="pytest" errors="0" failures="0" skipped="0" tests="10" time="10.259" timestamp="2026-08-05T00:11:54.571419+00:00" hostname="agent-env-21f9466c-5498-45d7-81a6-dbe438116ad1"><testcase classname="tests.test_iter52_mention_digest.TestNoPerCommentEmail" name="test_comment_with_mention_creates_no_email" time="7.232" /><testcase classname="tests.test_iter52_mention_digest.TestNoPerCommentEmail" name="test_mention_digest_field_persisted_on_get" time="0.063" /><testcase classname="tests.test_iter52_mention_digest.TestDigestFlow" name="test_digest_groups_and_marks" time="2.089" /><testcase classname="tests.test_iter52_mention_digest.TestDigestFlow" name="test_second_trigger_is_noop" time="0.055" /><testcase classname="tests.test_iter52_mention_digest.TestDigestFlow" name="test_comments_without_mentions_never_pending" time="0.137" /><testcase classname="tests.test_iter52_mention_digest.TestDigestPermissions" name="test_counsel_forbidden" time="0.073" /><testcase classname="tests.test_iter52_mention_digest.TestDigestPermissions" name="test_anonymous_unauthorized" time="0.127" /><testcase classname="tests.test_iter52_mention_digest.TestClosedDraftSkipped" name="test_discarded_wd_mentions_skipped" time="0.237" /><testcase classname="tests.test_iter52_mention_digest.TestSchedulerRegistration" name="test_job_registered_in_module" time="0.000" /><testcase classname="tests.test_iter52_mention_digest.TestSchedulerRegistration" name="test_scheduler_started_log_mentions_job" time="0.094" /></testsuite></testsuites>