<?xml version="1.0" encoding="utf-8"?><testsuites name="pytest tests"><testsuite name="pytest" errors="0" failures="0" skipped="0" tests="22" time="4.967" timestamp="2026-05-23T08:45:23.340554+00:00" hostname="agent-env-21f9466c-5498-45d7-81a6-dbe438116ad1"><testcase classname="tests.test_iter12_vendor_catalog.TestAccessControl" name="test_non_vendor_cannot_create" time="0.463" /><testcase classname="tests.test_iter12_vendor_catalog.TestAccessControl" name="test_non_vendor_list_empty" time="0.101" /><testcase classname="tests.test_iter12_vendor_catalog.TestAccessControl" name="test_unauthenticated_blocked" time="0.098" /><testcase classname="tests.test_iter12_vendor_catalog.TestVendorCRUD" name="test_create_product_auto_fields" time="0.426" /><testcase classname="tests.test_iter12_vendor_catalog.TestVendorCRUD" name="test_list_only_my_products" time="0.110" /><testcase classname="tests.test_iter12_vendor_catalog.TestVendorCRUD" name="test_update_own_product" time="0.103" /><testcase classname="tests.test_iter12_vendor_catalog.TestVendorCRUD" name="test_update_non_owner_404" time="0.111" /><testcase classname="tests.test_iter12_vendor_catalog.TestVendorCRUD" name="test_delete_with_paid_orders_blocked" time="0.605" /><testcase classname="tests.test_iter12_vendor_catalog.TestVendorCRUD" name="test_delete_own_clean_product" time="0.207" /><testcase classname="tests.test_iter12_vendor_catalog.TestAdminModeration" name="test_admin_list_all" time="0.106" /><testcase classname="tests.test_iter12_vendor_catalog.TestAdminModeration" name="test_non_admin_blocked" time="0.102" /><testcase classname="tests.test_iter12_vendor_catalog.TestAdminModeration" name="test_status_filter" time="0.101" /><testcase classname="tests.test_iter12_vendor_catalog.TestAdminModeration" name="test_flag_then_hidden_from_public" time="0.418" /><testcase classname="tests.test_iter12_vendor_catalog.TestAdminModeration" name="test_owner_can_see_flagged" time="0.100" /><testcase classname="tests.test_iter12_vendor_catalog.TestAdminModeration" name="test_update_unpublished_blocked" time="0.207" /><testcase classname="tests.test_iter12_vendor_catalog.TestAdminModeration" name="test_restore" time="0.209" /><testcase classname="tests.test_iter12_vendor_catalog.TestAdminModeration" name="test_unflag" time="0.218" /><testcase classname="tests.test_iter12_vendor_catalog.TestPublicListing" name="test_foundation_products_unchanged" time="0.108" /><testcase classname="tests.test_iter12_vendor_catalog.TestPublicListing" name="test_vendor_id_filter" time="0.197" /><testcase classname="tests.test_iter12_vendor_catalog.TestRegression" name="test_referrals_my_link_still_works" time="0.104" /><testcase classname="tests.test_iter12_vendor_catalog.TestRegression" name="test_admin_reports_still_works" time="0.125" /><testcase classname="tests.test_iter12_vendor_catalog.TestRegression" name="test_admin_can_still_crud_foundation_product" time="0.654" /></testsuite></testsuites>