<?xml version="1.0" encoding="utf-8"?><testsuites name="pytest tests"><testsuite name="pytest" errors="0" failures="0" skipped="0" tests="19" time="3.949" timestamp="2026-05-23T07:34:28.212789+00:00" hostname="agent-env-21f9466c-5498-45d7-81a6-dbe438116ad1"><testcase classname="tests.test_iter10_subscriptions.TestPlans" name="test_list_all_no_filter_returns_12" time="0.134" /><testcase classname="tests.test_iter10_subscriptions.TestPlans" name="test_filter_facilitator" time="0.107" /><testcase classname="tests.test_iter10_subscriptions.TestPlans" name="test_filter_community" time="0.097" /><testcase classname="tests.test_iter10_subscriptions.TestPlans" name="test_invalid_partner_type_400" time="0.107" /><testcase classname="tests.test_iter10_subscriptions.TestCheckout" name="test_checkout_anonymous_401" time="0.226" /><testcase classname="tests.test_iter10_subscriptions.TestCheckout" name="test_checkout_unknown_plan_404" time="1.115" /><testcase classname="tests.test_iter10_subscriptions.TestCheckout" name="test_checkout_demo_facilitator_forbidden" time="0.105" /><testcase classname="tests.test_iter10_subscriptions.TestCheckout" name="test_checkout_demo_community_succeeds" time="0.587" /><testcase classname="tests.test_iter10_subscriptions.TestCheckout" name="test_payment_transaction_row_created" time="0.072" /><testcase classname="tests.test_iter10_subscriptions.TestFulfilment" name="test_create_subscription_from_txn_and_idempotent" time="0.218" /><testcase classname="tests.test_iter10_subscriptions.TestMySubscriptions" name="test_my_subscriptions_after_fulfilment" time="0.112" /><testcase classname="tests.test_iter10_subscriptions.TestRevShare" name="test_invalid_partner_type_400" time="0.102" /><testcase classname="tests.test_iter10_subscriptions.TestRevShare" name="test_demo_community_after_fulfilment_is_subscription" time="0.103" /><testcase classname="tests.test_iter10_subscriptions.TestRevShare" name="test_elena_facilitator_no_sub_uses_global_default" time="0.221" /><testcase classname="tests.test_iter10_subscriptions.TestRegression" name="test_partners_listing" time="0.102" /><testcase classname="tests.test_iter10_subscriptions.TestRegression" name="test_sam_rivera_slug" time="0.113" /><testcase classname="tests.test_iter10_subscriptions.TestRegression" name="test_governance_proposals" time="0.108" /><testcase classname="tests.test_iter10_subscriptions.TestRegression" name="test_workshops" time="0.122" /><testcase classname="tests.test_iter10_subscriptions.TestRegression" name="test_reviews_search" time="0.108" /></testsuite></testsuites>