<?xml version="1.0" encoding="utf-8"?><testsuites name="pytest tests"><testsuite name="pytest" errors="0" failures="0" skipped="0" tests="14" time="3.129" timestamp="2026-08-05T04:03:40.559821+00:00" hostname="agent-env-21f9466c-5498-45d7-81a6-dbe438116ad1"><testcase classname="tests.test_iter53_wd_diff_disclaimer.TestStripHelper" name="test_strips_leading_blockquote" time="0.260" /><testcase classname="tests.test_iter53_wd_diff_disclaimer.TestStripHelper" name="test_noop_when_absent" time="0.000" /><testcase classname="tests.test_iter53_wd_diff_disclaimer.TestStripHelper" name="test_released_source_actually_has_disclaimer" time="0.000" /><testcase classname="tests.test_iter53_wd_diff_disclaimer.TestWorkingDraftDiffPayload" name="test_both_sides_stripped" time="0.575" /><testcase classname="tests.test_iter53_wd_diff_disclaimer.TestWorkingDraftDiffPayload" name="test_released_hash_matches_stripped_body" time="0.106" /><testcase classname="tests.test_iter53_wd_diff_disclaimer.TestWorkingDraftDiffPayload" name="test_is_stale_false_right_after_creation" time="0.103" /><testcase classname="tests.test_iter53_wd_diff_disclaimer.TestWorkingDraftDiffPayload" name="test_diff_is_small_not_whole_document" time="0.109" /><testcase classname="tests.test_iter53_wd_diff_disclaimer.TestWorkingDraftDiffPayload" name="test_404_for_slug_without_open_draft" time="0.111" /><testcase classname="tests.test_iter53_wd_diff_disclaimer.TestWorkingDraftDiffPayload" name="test_requires_auth" time="0.101" /><testcase classname="tests.test_iter53_wd_diff_disclaimer.TestWorkingDraftDiffPayload" name="test_counsel_access" time="0.439" /><testcase classname="tests.test_iter53_wd_diff_disclaimer.TestRegressions" name="test_upload_creates_draft_and_lists" time="0.106" /><testcase classname="tests.test_iter53_wd_diff_disclaimer.TestRegressions" name="test_line_anchored_comment" time="0.306" /><testcase classname="tests.test_iter53_wd_diff_disclaimer.TestRegressions" name="test_docs_bundle_zip" time="0.622" /><testcase classname="tests.test_iter53_wd_diff_disclaimer.TestRegressions" name="test_public_page_still_renders_without_disclaimer_body" time="0.224" /></testsuite></testsuites>