<?xml version="1.0" encoding="utf-8"?><testsuites name="pytest tests"><testsuite name="pytest" errors="0" failures="0" skipped="0" tests="20" time="6.857" timestamp="2026-05-31T11:03:15.600662+00:00" hostname="agent-env-21f9466c-5498-45d7-81a6-dbe438116ad1"><testcase classname="backend.tests.test_iter42_partner_prospects_generic" name="test_public_preview_spec_per_type[facilitator]" time="0.038" /><testcase classname="backend.tests.test_iter42_partner_prospects_generic" name="test_public_preview_spec_per_type[community]" time="0.023" /><testcase classname="backend.tests.test_iter42_partner_prospects_generic" name="test_public_preview_spec_per_type[research]" time="0.023" /><testcase classname="backend.tests.test_iter42_partner_prospects_generic" name="test_public_preview_spec_per_type[vendor]" time="0.024" /><testcase classname="backend.tests.test_iter42_partner_prospects_generic" name="test_public_preview_spec_per_type[artist]" time="0.023" /><testcase classname="backend.tests.test_iter42_partner_prospects_generic" name="test_public_preview_spec_per_type[steward]" time="0.027" /><testcase classname="backend.tests.test_iter42_partner_prospects_generic" name="test_public_preview_index_lists_all_types" time="0.024" /><testcase classname="backend.tests.test_iter42_partner_prospects_generic" name="test_create_and_interact_with_prospect[facilitator]" time="0.441" /><testcase classname="backend.tests.test_iter42_partner_prospects_generic" name="test_create_and_interact_with_prospect[community]" time="0.416" /><testcase classname="backend.tests.test_iter42_partner_prospects_generic" name="test_create_and_interact_with_prospect[research]" time="0.372" /><testcase classname="backend.tests.test_iter42_partner_prospects_generic" name="test_create_and_interact_with_prospect[vendor]" time="0.371" /><testcase classname="backend.tests.test_iter42_partner_prospects_generic" name="test_create_and_interact_with_prospect[steward]" time="0.364" /><testcase classname="backend.tests.test_iter42_partner_prospects_generic" name="test_explore_then_embrace_per_type[facilitator]" time="0.716" /><testcase classname="backend.tests.test_iter42_partner_prospects_generic" name="test_explore_then_embrace_per_type[community]" time="0.708" /><testcase classname="backend.tests.test_iter42_partner_prospects_generic" name="test_explore_then_embrace_per_type[research]" time="0.710" /><testcase classname="backend.tests.test_iter42_partner_prospects_generic" name="test_explore_then_embrace_per_type[vendor]" time="0.865" /><testcase classname="backend.tests.test_iter42_partner_prospects_generic" name="test_explore_then_embrace_per_type[steward]" time="0.707" /><testcase classname="backend.tests.test_iter42_partner_prospects_generic" name="test_invite_decline_path" time="0.417" /><testcase classname="backend.tests.test_iter42_partner_prospects_generic" name="test_anon_blocked_from_admin_endpoints" time="0.108" /><testcase classname="backend.tests.test_iter42_partner_prospects_generic" name="test_promote_requires_contact_email" time="0.326" /></testsuite></testsuites>