<?xml version="1.0" encoding="utf-8"?><testsuites name="pytest tests"><testsuite name="pytest" errors="0" failures="0" skipped="0" tests="14" time="10.732" timestamp="2026-05-23T11:57:34.114045+00:00" hostname="agent-env-21f9466c-5498-45d7-81a6-dbe438116ad1"><testcase classname="tests.test_iter14_runtime_seed.TestStartupHookLogs" name="test_runtime_seed_catalog_log_present" time="0.001" /><testcase classname="tests.test_iter14_runtime_seed.TestStartupHookLogs" name="test_runtime_seed_image_repair_log_present" time="0.001" /><testcase classname="tests.test_iter14_runtime_seed.TestProductsCatalog" name="test_products_returns_60_with_50_catalog_slugs" time="0.304" /><testcase classname="tests.test_iter14_runtime_seed.TestProductsCatalog" name="test_specific_catalog_slug_present[belonging-raglan-bone-teal]" time="0.106" /><testcase classname="tests.test_iter14_runtime_seed.TestProductsCatalog" name="test_specific_catalog_slug_present[bonded-linen-retreat-robe]" time="0.111" /><testcase classname="tests.test_iter14_runtime_seed.TestProductsCatalog" name="test_specific_catalog_slug_present[brass-bookmark-hand-stamped]" time="0.105" /><testcase classname="tests.test_iter14_runtime_seed.TestRepairedImages" name="test_hardcover_journal_uses_local_png" time="0.109" /><testcase classname="tests.test_iter14_runtime_seed.TestRepairedImages" name="test_enamel_pin_uses_local_png" time="0.118" /><testcase classname="tests.test_iter14_runtime_seed.TestRepairedImages" name="test_static_png_served_non_zero[birthright-hardcover-journal.png]" time="0.175" /><testcase classname="tests.test_iter14_runtime_seed.TestRepairedImages" name="test_static_png_served_non_zero[enamel-pin-flame.png]" time="0.158" /><testcase classname="tests.test_iter14_runtime_seed.TestCatalogSeedIdempotency" name="test_delete_then_restart_reinserts" time="4.495" /><testcase classname="tests.test_iter14_runtime_seed.TestImageRepairIdempotency" name="test_break_url_then_restart_repairs" time="4.652" /><testcase classname="tests.test_iter14_runtime_seed.TestRegressionEndpoints" name="test_health_endpoint" time="0.140" /><testcase classname="tests.test_iter14_runtime_seed.TestRegressionEndpoints" name="test_vendor_catalog_unauth_returns_401" time="0.106" /></testsuite></testsuites>