<?xml version="1.0" encoding="utf-8"?><testsuites name="pytest tests"><testsuite name="pytest" errors="0" failures="1" skipped="0" tests="87" time="80.716" timestamp="2026-05-23T05:25:45.558408+00:00" hostname="agent-env-21f9466c-5498-45d7-81a6-dbe438116ad1"><testcase classname="backend.tests.test_iter4_workshops_photos.TestCreateWorkshop" name="test_admin_create_omits_check_in_code_gets_generated" time="0.419" /><testcase classname="backend.tests.test_iter4_workshops_photos.TestCreateWorkshop" name="test_facilitator_create_self_assigns" time="0.418" /><testcase classname="backend.tests.test_iter4_workshops_photos.TestDuplicate" name="test_admin_duplicate" time="0.100" /><testcase classname="backend.tests.test_iter4_workshops_photos.TestDuplicate" name="test_facilitator_duplicate_someone_elses_403" time="0.466" /><testcase classname="backend.tests.test_iter4_workshops_photos.TestCancel" name="test_admin_cancel_with_seed_demo_registrations" time="0.866" /><testcase classname="backend.tests.test_iter4_workshops_photos.TestRevenue" name="test_revenue_admin_ok" time="0.096" /><testcase classname="backend.tests.test_iter4_workshops_photos.TestRevenue" name="test_revenue_facilitator_other_403" time="0.100" /><testcase classname="backend.tests.test_iter4_workshops_photos.TestRevenue" name="test_revenue_anonymous_unauthorized" time="0.205" /><testcase classname="backend.tests.test_iter4_workshops_photos.TestWorkshopPhotos" name="test_paid_participant_upload_pending" time="1.197" /><testcase classname="backend.tests.test_iter4_workshops_photos.TestWorkshopPhotos" name="test_facilitator_upload_approved" time="0.065" /><testcase classname="backend.tests.test_iter4_workshops_photos.TestWorkshopPhotos" name="test_admin_upload_approved" time="0.061" /><testcase classname="backend.tests.test_iter4_workshops_photos.TestWorkshopPhotos" name="test_unpaid_registered_user_blocked" time="0.052" /><testcase classname="backend.tests.test_iter4_workshops_photos.TestWorkshopPhotos" name="test_stranger_blocked" time="0.052" /><testcase classname="backend.tests.test_iter4_workshops_photos.TestWorkshopPhotos" name="test_oversize_413" time="0.379" /><testcase classname="backend.tests.test_iter4_workshops_photos.TestWorkshopPhotos" name="test_non_image_400" time="0.055" /><testcase classname="backend.tests.test_iter4_workshops_photos.TestWorkshopPhotos" name="test_list_anonymous_returns_only_approved" time="0.052" /><testcase classname="backend.tests.test_iter4_workshops_photos.TestWorkshopPhotos" name="test_cross_workshop_pending_admin" time="0.049" /><testcase classname="backend.tests.test_iter4_workshops_photos.TestWorkshopPhotos" name="test_cross_workshop_pending_facilitator_only_theirs" time="0.052" /><testcase classname="backend.tests.test_iter4_workshops_photos.TestWorkshopPhotos" name="test_cross_workshop_pending_participant_403" time="0.053" /><testcase classname="backend.tests.test_iter4_workshops_photos.TestWorkshopPhotos" name="test_approve_and_reject_flow" time="0.170" /><testcase classname="backend.tests.test_iter4_workshops_photos.TestWorkshopPhotos" name="test_stranger_cannot_moderate" time="0.048" /><testcase classname="backend.tests.test_iter4_workshops_photos.TestWorkshopPhotos" name="test_uploader_can_delete_own_pending" time="0.112" /><testcase classname="backend.tests.test_iter4_workshops_photos.TestWorkshopPhotos" name="test_uploader_cannot_delete_own_approved" time="0.161" /><testcase classname="backend.tests.test_iter4_workshops_photos.TestWorkshopPhotos" name="test_admin_can_delete_any" time="0.110" /><testcase classname="backend.tests.test_iter4_workshops_photos.TestWorkshopPhotos" name="test_static_serve_image" time="0.123" /><testcase classname="backend.tests.test_iter5_chat_ws.TestWsAuth" name="test_valid_cookie_paid_participant_gets_presence" time="0.754" /><testcase classname="backend.tests.test_iter5_chat_ws.TestWsAuth" name="test_missing_cookie_rejected" time="0.166" /><testcase classname="backend.tests.test_iter5_chat_ws.TestWsAuth" name="test_invalid_cookie_rejected" time="0.182" /><testcase classname="backend.tests.test_iter5_chat_ws.TestWsAuth" name="test_user_without_paid_registration_rejected" time="0.500" /><testcase classname="backend.tests.test_iter5_chat_ws.TestWsAuth" name="test_facilitator_of_workshop_allowed" time="0.492" /><testcase classname="backend.tests.test_iter5_chat_ws.TestWsAuth" name="test_admin_allowed_any_workshop" time="0.503" /><testcase classname="backend.tests.test_iter5_chat_ws.TestWsAuth" name="test_token_query_param_fallback" time="0.212" /><testcase classname="backend.tests.test_iter5_chat_ws.TestWsMessaging" name="test_group_chat_broadcasts_to_all_and_persists" time="0.486" /><testcase classname="backend.tests.test_iter5_chat_ws.TestWsMessaging" name="test_dm_filtering_three_clients" time="2.532" /><testcase classname="backend.tests.test_iter5_chat_ws.TestWsMessaging" name="test_typing_broadcast_group" time="0.807" /><testcase classname="backend.tests.test_iter5_chat_ws.TestWsMessaging" name="test_ping_pong" time="0.224" /><testcase classname="backend.tests.test_iter5_chat_ws.TestWsMessaging" name="test_empty_content_rejected" time="0.193" /><testcase classname="backend.tests.test_iter5_chat_ws.TestWsMessaging" name="test_oversize_content_rejected" time="0.192" /><testcase classname="backend.tests.test_iter5_chat_ws.TestWsPresence" name="test_presence_updates_on_disconnect" time="0.334" /><testcase classname="backend.tests.test_iter5_chat_ws.TestRestChatStillWorks" name="test_get_history" time="0.109" /><testcase classname="backend.tests.test_iter5_chat_ws.TestRestChatStillWorks" name="test_post_message_rest" time="0.101" /><testcase classname="backend.tests.test_iter6_reviews.TestCreateReview" name="test_workshop_review_as_paid_participant" time="0.567" /><testcase classname="backend.tests.test_iter6_reviews.TestCreateReview" name="test_workshop_review_backcompat_workshop_id" time="0.108" /><testcase classname="backend.tests.test_iter6_reviews.TestCreateReview" name="test_workshop_review_not_registered_forbidden" time="0.108" /><testcase classname="backend.tests.test_iter6_reviews.TestCreateReview" name="test_product_review_any_signed_in_user" time="0.210" /><testcase classname="backend.tests.test_iter6_reviews.TestCreateReview" name="test_second_review_updates_not_duplicates" time="0.324" /><testcase classname="backend.tests.test_iter6_reviews.TestCreateReview" name="test_invalid_subject_type" time="0.102" /><testcase classname="backend.tests.test_iter6_reviews.TestCreateReview" name="test_missing_subject_id" time="0.099" /><testcase classname="backend.tests.test_iter6_reviews.TestCreateReview" name="test_short_text_rejected_422" time="0.096" /><testcase classname="backend.tests.test_iter6_reviews.TestCreateReview" name="test_rating_out_of_range_422" time="0.112" /><testcase classname="backend.tests.test_iter6_reviews.TestListAndAggregate" name="test_list_by_subject" time="0.105" /><testcase classname="backend.tests.test_iter6_reviews.TestListAndAggregate" name="test_list_backcompat_workshop_id" time="0.100" /><testcase classname="backend.tests.test_iter6_reviews.TestListAndAggregate" name="test_aggregate" time="0.106" /><testcase classname="backend.tests.test_iter6_reviews.TestListAndAggregate" name="test_search_filters" time="0.517" /><testcase classname="backend.tests.test_iter6_reviews.TestReport" name="test_report_increments_count" time="1.100" /><testcase classname="backend.tests.test_iter6_reviews.TestModerate" name="test_admin_can_hide_and_restore" time="0.946" /><testcase classname="backend.tests.test_iter6_reviews.TestModerate" name="test_non_admin_forbidden" time="0.214" /><testcase classname="backend.tests.test_iter7_governance.TestUserProfileFlags" name="test_admin_has_both_flags" time="0.450" /><testcase classname="backend.tests.test_iter7_governance.TestUserProfileFlags" name="test_demo_has_no_flags" time="0.427" /><testcase classname="backend.tests.test_iter7_governance.TestUserProfileFlags" name="test_facilitator_is_governance_member" time="0.482" /><testcase classname="backend.tests.test_iter7_governance.TestGlobalDefaults" name="test_get_singleton_keys" time="0.117" /><testcase classname="backend.tests.test_iter7_governance.TestGlobalDefaults" name="test_non_admin_put_forbidden" time="0.104" /><testcase classname="backend.tests.test_iter7_governance.TestGlobalDefaults" name="test_admin_put_updates_and_audits" time="0.341" /><testcase classname="backend.tests.test_iter7_governance.TestMembers" name="test_list_signed_in" time="0.108" /><testcase classname="backend.tests.test_iter7_governance.TestMembers" name="test_non_admin_put_forbidden" time="0.100" /><testcase classname="backend.tests.test_iter7_governance.TestMembers" name="test_admin_set_then_revert" time="0.228" /><testcase classname="backend.tests.test_iter7_governance.TestProposals" name="test_participant_cannot_create" time="0.114" /><testcase classname="backend.tests.test_iter7_governance.TestProposals" name="test_short_title_422" time="0.103" /><testcase classname="backend.tests.test_iter7_governance.TestProposals" name="test_short_body_422" time="0.100" /><testcase classname="backend.tests.test_iter7_governance.TestProposals" name="test_created_status_open_and_closes_at" time="0.107" /><testcase classname="backend.tests.test_iter7_governance.TestProposals" name="test_audit_entry_for_create" time="0.103" /><testcase classname="backend.tests.test_iter7_governance.TestProposals" name="test_list_filters" time="0.221" /><testcase classname="backend.tests.test_iter7_governance.TestProposals" name="test_get_single_and_404" time="0.204" /><testcase classname="backend.tests.test_iter7_governance.TestVoting" name="test_non_governance_cannot_vote" time="0.239" /><testcase classname="backend.tests.test_iter7_governance.TestVoting" name="test_vote_yes_then_recast_no" time="0.641" /><testcase classname="backend.tests.test_iter7_governance.TestCloseProposal" name="test_admin_close_passes_with_yes_majority" time="30.247"><failure message="requests.exceptions.ConnectTimeout: HTTPSConnectionPool(host='birthright-hub.preview.emergentagent.com', port=443): Max retries exceeded with url: /api/governance/proposals/c998530c-c738-4003-aebe-c96fefb0ca69/close (Caused by ConnectTimeoutError(&lt;HTTPSConnection(host='birthright-hub.preview.emergentagent.com', port=443) at 0xf8d6b6805890&gt;, 'Connection to birthright-hub.preview.emergentagent.com timed out. (connect timeout=15)'))">/root/.venv/lib/python3.11/site-packages/urllib3/connection.py:204: in _new_conn
    sock = connection.create_connection(
/root/.venv/lib/python3.11/site-packages/urllib3/util/connection.py:85: in create_connection
    raise err
/root/.venv/lib/python3.11/site-packages/urllib3/util/connection.py:73: in create_connection
    sock.connect(sa)
E   TimeoutError: timed out

The above exception was the direct cause of the following exception:
/root/.venv/lib/python3.11/site-packages/urllib3/connectionpool.py:788: in urlopen
    response = self._make_request(
/root/.venv/lib/python3.11/site-packages/urllib3/connectionpool.py:488: in _make_request
    raise new_e
/root/.venv/lib/python3.11/site-packages/urllib3/connectionpool.py:464: in _make_request
    self._validate_conn(conn)
/root/.venv/lib/python3.11/site-packages/urllib3/connectionpool.py:1106: in _validate_conn
    conn.connect()
/root/.venv/lib/python3.11/site-packages/urllib3/connection.py:759: in connect
    self.sock = sock = self._new_conn()
                       ^^^^^^^^^^^^^^^^
/root/.venv/lib/python3.11/site-packages/urllib3/connection.py:213: in _new_conn
    raise ConnectTimeoutError(
E   urllib3.exceptions.ConnectTimeoutError: (&lt;HTTPSConnection(host='birthright-hub.preview.emergentagent.com', port=443) at 0xf8d6b6805890&gt;, 'Connection to birthright-hub.preview.emergentagent.com timed out. (connect timeout=15)')

The above exception was the direct cause of the following exception:
/root/.venv/lib/python3.11/site-packages/requests/adapters.py:696: in send
    resp = conn.urlopen(
/root/.venv/lib/python3.11/site-packages/urllib3/connectionpool.py:842: in urlopen
    retries = retries.increment(
/root/.venv/lib/python3.11/site-packages/urllib3/util/retry.py:543: in increment
    raise MaxRetryError(_pool, url, reason) from reason  # type: ignore[arg-type]
    ^^^^^^^^^^^^^^^^^^^^^^^^^^^^^^^^^^^^^^^^^^^^^^^^^^^
E   urllib3.exceptions.MaxRetryError: HTTPSConnectionPool(host='birthright-hub.preview.emergentagent.com', port=443): Max retries exceeded with url: /api/governance/proposals/c998530c-c738-4003-aebe-c96fefb0ca69/close (Caused by ConnectTimeoutError(&lt;HTTPSConnection(host='birthright-hub.preview.emergentagent.com', port=443) at 0xf8d6b6805890&gt;, 'Connection to birthright-hub.preview.emergentagent.com timed out. (connect timeout=15)'))

During handling of the above exception, another exception occurred:
backend/tests/test_iter7_governance.py:390: in test_admin_close_passes_with_yes_majority
    r = requests.post(
/root/.venv/lib/python3.11/site-packages/requests/api.py:134: in post
    return request("post", url, data=data, json=json, **kwargs)
           ^^^^^^^^^^^^^^^^^^^^^^^^^^^^^^^^^^^^^^^^^^^^^^^^^^^^
/root/.venv/lib/python3.11/site-packages/requests/api.py:71: in request
    return session.request(method=method, url=url, **kwargs)
           ^^^^^^^^^^^^^^^^^^^^^^^^^^^^^^^^^^^^^^^^^^^^^^^^^
/root/.venv/lib/python3.11/site-packages/requests/sessions.py:651: in request
    resp = self.send(prep, **send_kwargs)
           ^^^^^^^^^^^^^^^^^^^^^^^^^^^^^^
/root/.venv/lib/python3.11/site-packages/requests/sessions.py:784: in send
    r = adapter.send(request, **kwargs)
        ^^^^^^^^^^^^^^^^^^^^^^^^^^^^^^^
/root/.venv/lib/python3.11/site-packages/requests/adapters.py:717: in send
    raise ConnectTimeout(e, request=request)
E   requests.exceptions.ConnectTimeout: HTTPSConnectionPool(host='birthright-hub.preview.emergentagent.com', port=443): Max retries exceeded with url: /api/governance/proposals/c998530c-c738-4003-aebe-c96fefb0ca69/close (Caused by ConnectTimeoutError(&lt;HTTPSConnection(host='birthright-hub.preview.emergentagent.com', port=443) at 0xf8d6b6805890&gt;, 'Connection to birthright-hub.preview.emergentagent.com timed out. (connect timeout=15)'))</failure></testcase><testcase classname="backend.tests.test_iter7_governance.TestCloseProposal" name="test_admin_close_fails_with_no_majority" time="22.682" /><testcase classname="backend.tests.test_iter7_governance.TestCloseProposal" name="test_proposer_only_close_is_withdrawn" time="0.238" /><testcase classname="backend.tests.test_iter7_governance.TestCloseProposal" name="test_ineligible_close_forbidden" time="3.279" /><testcase classname="backend.tests.test_iter7_governance.TestLegalIndemnification" name="test_active_auto_bootstrap" time="0.109" /><testcase classname="backend.tests.test_iter7_governance.TestLegalIndemnification" name="test_sign_idempotent_for_demo" time="0.216" /><testcase classname="backend.tests.test_iter7_governance.TestLegalIndemnification" name="test_my_status_signed_true" time="0.219" /><testcase classname="backend.tests.test_iter7_governance.TestLegalIndemnification" name="test_publish_new_version_resets_signature" time="0.626" /><testcase classname="backend.tests.test_iter7_governance.TestAudit" name="test_admin_can_read" time="0.104" /><testcase classname="backend.tests.test_iter7_governance.TestAudit" name="test_participant_forbidden" time="0.101" /><testcase classname="backend.tests.test_iter7_governance.TestAudit" name="test_facilitator_non_ombudsman_forbidden" time="0.101" /><testcase classname="backend.tests.test_iter7_governance.TestAudit" name="test_filter_action_prefix" time="0.107" /></testsuite></testsuites>