<?xml version="1.0" encoding="utf-8"?><testsuites name="pytest tests"><testsuite name="pytest" errors="0" failures="0" skipped="0" tests="23" time="53.023" timestamp="2026-05-25T15:39:35.829486+00:00" hostname="agent-env-21f9466c-5498-45d7-81a6-dbe438116ad1"><testcase classname="tests.test_iter27_ai_billing.TestAiWalletMe" name="test_wallet_me_for_signed_in_user" time="0.721" /><testcase classname="tests.test_iter27_ai_billing.TestAiWalletMe" name="test_wallet_me_requires_auth" time="0.230" /><testcase classname="tests.test_iter27_ai_billing.TestAutoRecharge" name="test_set_auto_recharge" time="0.668" /><testcase classname="tests.test_iter27_ai_billing.TestAutoRecharge" name="test_auto_recharge_validation" time="0.593" /><testcase classname="tests.test_iter27_ai_billing.TestTopupCheckout" name="test_topup_checkout_returns_stripe_url" time="0.967" /><testcase classname="tests.test_iter27_ai_billing.TestTopupCheckout" name="test_topup_min_validation" time="0.453" /><testcase classname="tests.test_iter27_ai_billing.TestTopupCheckout" name="test_topup_max_validation" time="0.437" /><testcase classname="tests.test_iter27_ai_billing.TestAdminAiWallet" name="test_admin_grant_credits_user_wallet" time="1.494" /><testcase classname="tests.test_iter27_ai_billing.TestAdminAiWallet" name="test_admin_grant_requires_admin" time="0.450" /><testcase classname="tests.test_iter27_ai_billing.TestAdminAiWallet" name="test_admin_usage_report" time="0.511" /><testcase classname="tests.test_iter27_ai_billing.TestAdminAiWallet" name="test_admin_usage_report_requires_admin" time="0.471" /><testcase classname="tests.test_iter27_ai_billing.TestResearchCollab" name="test_admin_blocked_from_research_collab" time="0.461" /><testcase classname="tests.test_iter27_ai_billing.TestResearchCollab" name="test_demo_blocked_from_research_collab" time="0.445" /><testcase classname="tests.test_iter27_ai_billing.TestResearchCollab" name="test_elena_research_partner_grant_balance" time="1.634" /><testcase classname="tests.test_iter27_ai_billing.TestResearchCollab" name="test_elena_synthesize_literature_live" time="17.865" /><testcase classname="tests.test_iter27_ai_billing.TestResearchCollab" name="test_elena_suggest_tags_live" time="4.198" /><testcase classname="tests.test_iter27_ai_billing.TestVendorAi" name="test_admin_blocked_from_vendor_ai" time="0.491" /><testcase classname="tests.test_iter27_ai_billing.TestVendorAi" name="test_david_write_description_live" time="6.127" /><testcase classname="tests.test_iter27_ai_billing.TestVendorAi" name="test_david_suggest_price_live" time="5.009" /><testcase classname="tests.test_iter27_ai_billing.TestAssistantMetering" name="test_anon_chat_no_balance_gate" time="2.551" /><testcase classname="tests.test_iter27_ai_billing.TestAssistantMetering" name="test_participant_chat_no_balance_gate" time="2.983" /><testcase classname="tests.test_iter27_ai_billing.TestAssistantMetering" name="test_my_sessions_last_empty_for_brand_new_session" time="0.477" /><testcase classname="tests.test_iter27_ai_billing.TestAssistantMetering" name="test_my_sessions_last_after_chat" time="3.705" /></testsuite></testsuites>