<?xml version="1.0" encoding="utf-8"?><testsuites name="pytest tests"><testsuite name="pytest" errors="0" failures="0" skipped="0" tests="49" time="19.849" timestamp="2026-08-04T18:27:30.890558+00:00" hostname="agent-env-21f9466c-5498-45d7-81a6-dbe438116ad1"><testcase classname="tests.test_iter35_counsel_settings_strict.TestCounselStrictGate" name="test_counsel_get_forbidden" time="0.636" /><testcase classname="tests.test_iter35_counsel_settings_strict.TestCounselStrictGate" name="test_counsel_rotate_forbidden" time="0.124" /><testcase classname="tests.test_iter35_counsel_settings_strict.TestCounselStrictGate" name="test_counsel_credentials_unchanged_after_attempt" time="0.346" /><testcase classname="tests.test_iter35_counsel_settings_strict.TestAdminRegression" name="test_admin_get_ok" time="0.726" /><testcase classname="tests.test_iter35_counsel_settings_strict.TestAdminRegression" name="test_admin_rotate_and_restore" time="1.804" /><testcase classname="tests.test_iter34_counsel_settings.TestCounselSettingsRead" name="test_get_as_admin" time="0.677" /><testcase classname="tests.test_iter34_counsel_settings.TestCounselSettingsRead" name="test_get_as_participant_forbidden" time="0.459" /><testcase classname="tests.test_iter34_counsel_settings.TestCounselSettingsRead" name="test_get_unauthenticated" time="0.115" /><testcase classname="tests.test_iter34_counsel_settings.TestCounselSettingsRead" name="test_get_as_counsel_actual_behaviour" time="0.591" /><testcase classname="tests.test_iter34_counsel_settings.TestValidation" name="test_short_password" time="0.115" /><testcase classname="tests.test_iter34_counsel_settings.TestValidation" name="test_bad_email" time="0.141" /><testcase classname="tests.test_iter34_counsel_settings.TestValidation" name="test_empty_payload" time="0.141" /><testcase classname="tests.test_iter34_counsel_settings.TestValidation" name="test_email_collision_conflict" time="0.107" /><testcase classname="tests.test_iter34_counsel_settings.TestValidation" name="test_counsel_cannot_rotate" time="0.478" /><testcase classname="tests.test_iter34_counsel_settings.TestRotateFlow" name="test_rotate_and_login" time="1.265" /><testcase classname="tests.test_iter34_counsel_settings.TestRotateFlow" name="test_persistence_after_restart" time="5.709" /><testcase classname="tests.test_iter32_counsel_guide.TestCounselAuth" name="test_counsel_login_role" time="0.363" /><testcase classname="tests.test_iter32_counsel_guide.TestLegalDocs" name="test_docs_index_contains_counsel_entries" time="0.431" /><testcase classname="tests.test_iter32_counsel_guide.TestLegalDocs" name="test_counsel_guide_draft_download" time="0.153" /><testcase classname="tests.test_iter32_counsel_guide.TestLegalDocs" name="test_counsel_review_plan_draft_download" time="0.112" /><testcase classname="tests.test_iter32_counsel_guide.TestLegalDocs" name="test_briefing_docx_and_md_fast_path" time="0.149" /><testcase classname="tests.test_iter32_counsel_guide.TestLegalDocs" name="test_counsel_guide_md_has_correct_password" time="0.000" /><testcase classname="tests.test_iter32_counsel_guide.TestLegalDocs" name="test_counsel_guide_advises_pushing_billable_work_to_admin" time="0.000" /><testcase classname="tests.test_iter32_counsel_guide.TestPublicLegal" name="test_pages_six_slugs" time="0.619" /><testcase classname="tests.test_iter32_counsel_guide.TestPublicLegal" name="test_page_terms_body" time="0.152" /><testcase classname="tests.test_iter32_counsel_guide.TestPublicLegal" name="test_history_and_rss" time="0.272" /><testcase classname="tests.test_iter32_counsel_guide.TestCounselWrites" name="test_counsel_can_read_comments" time="0.057" /><testcase classname="tests.test_iter32_counsel_guide.TestCounselWrites" name="test_counsel_can_post_comment" time="0.121" /><testcase classname="tests.test_iter32_counsel_guide.TestCounselWrites" name="test_counsel_ratification_blocked" time="0.077" /><testcase classname="tests.test_iter32_counsel_guide.TestCounselWrites" name="test_counsel_rebuild_blocked" time="0.060" /><testcase classname="tests.test_iter32_counsel_guide.TestCounselWrites" name="test_admin_ratification_succeeds_and_revoke" time="0.599" /><testcase classname="tests.test_iter32_counsel_guide.TestCounselWrites" name="test_admin_rebuild_docx" time="1.263" /><testcase classname="tests.test_iter32_counsel_guide" name="test_zz_cleanup_comments" time="0.072" /><testcase classname="tests.test_iter32_counsel_guide.TestHelpKB" name="test_counsel_fast_path_kb" time="0.150" /><testcase classname="tests.test_iter32_counsel_guide.TestHelpKB" name="test_counsel_redline_kb" time="0.118" /><testcase classname="tests.test_iter32_counsel_guide.TestCounselAllowListScope" name="test_counsel_apply_roundtrip_reachability" time="0.069" /><testcase classname="tests.test_iter32_counsel_guide.TestCounselAllowListScope" name="test_counsel_resolve_comment_reachability" time="0.066" /><testcase classname="tests.test_iter32_counsel_guide" name="test_zzz_cleanup_playwright_comments" time="0.007" /><testcase classname="tests.test_iter33_counsel_allowlist.TestBriefingFastPath" name="test_md_contains_fast_path_near_top" time="0.433" /><testcase classname="tests.test_iter33_counsel_allowlist.TestBriefingFastPath" name="test_docx_contains_fast_path" time="0.078" /><testcase classname="tests.test_iter33_counsel_allowlist.TestCounselAllowList" name="test_comment_create_still_allowed" time="0.130" /><testcase classname="tests.test_iter33_counsel_allowlist.TestCounselAllowList" name="test_apply_roundtrip_blocked" time="0.069" /><testcase classname="tests.test_iter33_counsel_allowlist.TestCounselAllowList" name="test_import_roundtrip_blocked" time="0.068" /><testcase classname="tests.test_iter33_counsel_allowlist.TestCounselAllowList" name="test_resolve_blocked" time="0.074" /><testcase classname="tests.test_iter33_counsel_allowlist.TestCounselAllowList" name="test_export_post_blocked_but_get_allowed" time="0.191" /><testcase classname="tests.test_iter33_counsel_allowlist.TestCounselAllowList" name="test_ratification_post_and_delete_blocked" time="0.133" /><testcase classname="tests.test_iter33_counsel_allowlist.TestCounselAllowList" name="test_rebuild_docx_blocked" time="0.067" /><testcase classname="tests.test_iter33_counsel_allowlist" name="test_history_rss_valid_xml" time="0.143" /><testcase classname="tests.test_iter33_counsel_allowlist" name="test_zzz_cleanup" time="0.006" /></testsuite></testsuites>