<?xml version="1.0" encoding="utf-8"?><testsuites name="pytest tests"><testsuite name="pytest" errors="0" failures="1" skipped="0" tests="65" time="109.235" timestamp="2026-08-04T18:59:05.408729+00:00" hostname="agent-env-21f9466c-5498-45d7-81a6-dbe438116ad1"><testcase classname="tests.test_iter32_counsel_guide.TestCounselAuth" name="test_counsel_login_role" time="0.352" /><testcase classname="tests.test_iter32_counsel_guide.TestLegalDocs" name="test_docs_index_contains_counsel_entries" time="0.427" /><testcase classname="tests.test_iter32_counsel_guide.TestLegalDocs" name="test_counsel_guide_draft_download" time="0.133" /><testcase classname="tests.test_iter32_counsel_guide.TestLegalDocs" name="test_counsel_review_plan_draft_download" time="0.154" /><testcase classname="tests.test_iter32_counsel_guide.TestLegalDocs" name="test_briefing_docx_and_md_fast_path" time="0.155" /><testcase classname="tests.test_iter32_counsel_guide.TestLegalDocs" name="test_counsel_guide_md_has_correct_password" time="0.000" /><testcase classname="tests.test_iter32_counsel_guide.TestLegalDocs" name="test_counsel_guide_advises_pushing_billable_work_to_admin" time="0.000" /><testcase classname="tests.test_iter32_counsel_guide.TestPublicLegal" name="test_pages_six_slugs" time="0.125" /><testcase classname="tests.test_iter32_counsel_guide.TestPublicLegal" name="test_page_terms_body" time="0.201" /><testcase classname="tests.test_iter32_counsel_guide.TestPublicLegal" name="test_history_and_rss" time="0.256" /><testcase classname="tests.test_iter32_counsel_guide.TestCounselWrites" name="test_counsel_can_read_comments" time="0.079" /><testcase classname="tests.test_iter32_counsel_guide.TestCounselWrites" name="test_counsel_can_post_comment" time="0.123" /><testcase classname="tests.test_iter32_counsel_guide.TestCounselWrites" name="test_counsel_ratification_blocked" time="0.074" /><testcase classname="tests.test_iter32_counsel_guide.TestCounselWrites" name="test_counsel_rebuild_blocked" time="0.073" /><testcase classname="tests.test_iter32_counsel_guide.TestCounselWrites" name="test_admin_ratification_succeeds_and_revoke" time="0.655" /><testcase classname="tests.test_iter32_counsel_guide.TestCounselWrites" name="test_admin_rebuild_docx" time="1.265" /><testcase classname="tests.test_iter32_counsel_guide" name="test_zz_cleanup_comments" time="0.016" /><testcase classname="tests.test_iter32_counsel_guide.TestHelpKB" name="test_counsel_fast_path_kb" time="0.156" /><testcase classname="tests.test_iter32_counsel_guide.TestHelpKB" name="test_counsel_redline_kb" time="0.120" /><testcase classname="tests.test_iter32_counsel_guide.TestCounselAllowListScope" name="test_counsel_apply_roundtrip_reachability" time="0.068" /><testcase classname="tests.test_iter32_counsel_guide.TestCounselAllowListScope" name="test_counsel_resolve_comment_reachability" time="0.060" /><testcase classname="tests.test_iter32_counsel_guide" name="test_zzz_cleanup_playwright_comments" time="0.008" /><testcase classname="tests.test_iter33_counsel_allowlist.TestBriefingFastPath" name="test_md_contains_fast_path_near_top" time="0.430" /><testcase classname="tests.test_iter33_counsel_allowlist.TestBriefingFastPath" name="test_docx_contains_fast_path" time="0.085" /><testcase classname="tests.test_iter33_counsel_allowlist.TestCounselAllowList" name="test_comment_create_still_allowed" time="0.137" /><testcase classname="tests.test_iter33_counsel_allowlist.TestCounselAllowList" name="test_apply_roundtrip_blocked" time="0.063" /><testcase classname="tests.test_iter33_counsel_allowlist.TestCounselAllowList" name="test_import_roundtrip_blocked" time="0.065" /><testcase classname="tests.test_iter33_counsel_allowlist.TestCounselAllowList" name="test_resolve_blocked" time="0.066" /><testcase classname="tests.test_iter33_counsel_allowlist.TestCounselAllowList" name="test_export_post_blocked_but_get_allowed" time="0.175" /><testcase classname="tests.test_iter33_counsel_allowlist.TestCounselAllowList" name="test_ratification_post_and_delete_blocked" time="0.139" /><testcase classname="tests.test_iter33_counsel_allowlist.TestCounselAllowList" name="test_rebuild_docx_blocked" time="0.063" /><testcase classname="tests.test_iter33_counsel_allowlist" name="test_history_rss_valid_xml" time="0.136" /><testcase classname="tests.test_iter33_counsel_allowlist" name="test_zzz_cleanup" time="0.006" /><testcase classname="tests.test_iter34_counsel_settings.TestCounselSettingsRead" name="test_get_as_admin" time="0.722" /><testcase classname="tests.test_iter34_counsel_settings.TestCounselSettingsRead" name="test_get_as_participant_forbidden" time="0.461" /><testcase classname="tests.test_iter34_counsel_settings.TestCounselSettingsRead" name="test_get_unauthenticated" time="0.119" /><testcase classname="tests.test_iter34_counsel_settings.TestCounselSettingsRead" name="test_get_as_counsel_actual_behaviour" time="0.517" /><testcase classname="tests.test_iter34_counsel_settings.TestValidation" name="test_short_password" time="0.142" /><testcase classname="tests.test_iter34_counsel_settings.TestValidation" name="test_bad_email" time="0.125" /><testcase classname="tests.test_iter34_counsel_settings.TestValidation" name="test_empty_payload" time="0.169" /><testcase classname="tests.test_iter34_counsel_settings.TestValidation" name="test_email_collision_conflict" time="0.128" /><testcase classname="tests.test_iter34_counsel_settings.TestValidation" name="test_counsel_cannot_rotate" time="0.483" /><testcase classname="tests.test_iter34_counsel_settings.TestRotateFlow" name="test_rotate_and_login" time="1.170" /><testcase classname="tests.test_iter34_counsel_settings.TestRotateFlow" name="test_persistence_after_restart" time="5.291" /><testcase classname="tests.test_iter35_counsel_settings_strict.TestCounselStrictGate" name="test_counsel_get_forbidden" time="0.493" /><testcase classname="tests.test_iter35_counsel_settings_strict.TestCounselStrictGate" name="test_counsel_rotate_forbidden" time="0.135" /><testcase classname="tests.test_iter35_counsel_settings_strict.TestCounselStrictGate" name="test_counsel_credentials_unchanged_after_attempt" time="0.352" /><testcase classname="tests.test_iter35_counsel_settings_strict.TestAdminRegression" name="test_admin_get_ok" time="0.717" /><testcase classname="tests.test_iter35_counsel_settings_strict.TestAdminRegression" name="test_admin_rotate_and_restore" time="1.806" /><testcase classname="tests.test_iter36_counsel_session_setpw.TestDoc" name="test_cloudflare_resend_doc" time="0.002" /><testcase classname="tests.test_iter36_counsel_session_setpw.TestSessionRevocation" name="test_revocation_kills_old_token" time="2.535" /><testcase classname="tests.test_iter36_counsel_session_setpw.TestSendLink" name="test_send_link_happy" time="0.747" /><testcase classname="tests.test_iter36_counsel_session_setpw.TestSendLink" name="test_send_link_counsel_forbidden" time="0.494" /><testcase classname="tests.test_iter36_counsel_session_setpw.TestSetPasswordFromToken" name="test_happy_path_and_session_kill" time="2.186" /><testcase classname="tests.test_iter36_counsel_session_setpw.TestSetPasswordFromToken" name="test_missing_token" time="0.159" /><testcase classname="tests.test_iter36_counsel_session_setpw.TestSetPasswordFromToken" name="test_unknown_token" time="0.118" /><testcase classname="tests.test_iter36_counsel_session_setpw.TestSetPasswordFromToken" name="test_expired_token" time="0.137" /><testcase classname="tests.test_iter36_counsel_session_setpw.TestSetPasswordFromToken" name="test_short_password" time="0.836" /><testcase classname="tests.test_iter36b_counsel_race_boundary.TestRotateLoginRace" name="test_no_false_revocation_5x" time="4.865" /><testcase classname="tests.test_iter36b_counsel_race_boundary.TestOlderTokenStillRevoked" name="test_old_token_revoked" time="60.062"><failure message="requests.exceptions.ConnectTimeout: HTTPSConnectionPool(host='birthright-hub.preview.emergentagent.com', port=443): Max retries exceeded with url: /api/auth/login (Caused by ConnectTimeoutError(&lt;HTTPSConnection(host='birthright-hub.preview.emergentagent.com', port=443) at 0xfaf8b1f93e10&gt;, 'Connection to birthright-hub.preview.emergentagent.com timed out. (connect timeout=30)'))">/root/.venv/lib/python3.11/site-packages/urllib3/connection.py:204: in _new_conn
    sock = connection.create_connection(
/root/.venv/lib/python3.11/site-packages/urllib3/util/connection.py:85: in create_connection
    raise err
/root/.venv/lib/python3.11/site-packages/urllib3/util/connection.py:73: in create_connection
    sock.connect(sa)
E   TimeoutError: timed out

The above exception was the direct cause of the following exception:
/root/.venv/lib/python3.11/site-packages/urllib3/connectionpool.py:788: in urlopen
    response = self._make_request(
/root/.venv/lib/python3.11/site-packages/urllib3/connectionpool.py:488: in _make_request
    raise new_e
/root/.venv/lib/python3.11/site-packages/urllib3/connectionpool.py:464: in _make_request
    self._validate_conn(conn)
/root/.venv/lib/python3.11/site-packages/urllib3/connectionpool.py:1106: in _validate_conn
    conn.connect()
/root/.venv/lib/python3.11/site-packages/urllib3/connection.py:759: in connect
    self.sock = sock = self._new_conn()
                       ^^^^^^^^^^^^^^^^
/root/.venv/lib/python3.11/site-packages/urllib3/connection.py:213: in _new_conn
    raise ConnectTimeoutError(
E   urllib3.exceptions.ConnectTimeoutError: (&lt;HTTPSConnection(host='birthright-hub.preview.emergentagent.com', port=443) at 0xfaf8b1f93e10&gt;, 'Connection to birthright-hub.preview.emergentagent.com timed out. (connect timeout=30)')

The above exception was the direct cause of the following exception:
/root/.venv/lib/python3.11/site-packages/requests/adapters.py:696: in send
    resp = conn.urlopen(
/root/.venv/lib/python3.11/site-packages/urllib3/connectionpool.py:842: in urlopen
    retries = retries.increment(
/root/.venv/lib/python3.11/site-packages/urllib3/util/retry.py:543: in increment
    raise MaxRetryError(_pool, url, reason) from reason  # type: ignore[arg-type]
    ^^^^^^^^^^^^^^^^^^^^^^^^^^^^^^^^^^^^^^^^^^^^^^^^^^^
E   urllib3.exceptions.MaxRetryError: HTTPSConnectionPool(host='birthright-hub.preview.emergentagent.com', port=443): Max retries exceeded with url: /api/auth/login (Caused by ConnectTimeoutError(&lt;HTTPSConnection(host='birthright-hub.preview.emergentagent.com', port=443) at 0xfaf8b1f93e10&gt;, 'Connection to birthright-hub.preview.emergentagent.com timed out. (connect timeout=30)'))

During handling of the above exception, another exception occurred:
tests/test_iter36b_counsel_race_boundary.py:102: in test_old_token_revoked
    tok_a = token_for(COUNSEL_EMAIL, COUNSEL_PW)
            ^^^^^^^^^^^^^^^^^^^^^^^^^^^^^^^^^^^^
tests/test_iter36b_counsel_race_boundary.py:50: in token_for
    r = login(email, password)
        ^^^^^^^^^^^^^^^^^^^^^^
tests/test_iter36b_counsel_race_boundary.py:46: in login
    return requests.post(f"{API}/auth/login", json={"email": email, "password": password}, timeout=30)
           ^^^^^^^^^^^^^^^^^^^^^^^^^^^^^^^^^^^^^^^^^^^^^^^^^^^^^^^^^^^^^^^^^^^^^^^^^^^^^^^^^^^^^^^^^^^
/root/.venv/lib/python3.11/site-packages/requests/api.py:134: in post
    return request("post", url, data=data, json=json, **kwargs)
           ^^^^^^^^^^^^^^^^^^^^^^^^^^^^^^^^^^^^^^^^^^^^^^^^^^^^
/root/.venv/lib/python3.11/site-packages/requests/api.py:71: in request
    return session.request(method=method, url=url, **kwargs)
           ^^^^^^^^^^^^^^^^^^^^^^^^^^^^^^^^^^^^^^^^^^^^^^^^^
/root/.venv/lib/python3.11/site-packages/requests/sessions.py:651: in request
    resp = self.send(prep, **send_kwargs)
           ^^^^^^^^^^^^^^^^^^^^^^^^^^^^^^
/root/.venv/lib/python3.11/site-packages/requests/sessions.py:784: in send
    r = adapter.send(request, **kwargs)
        ^^^^^^^^^^^^^^^^^^^^^^^^^^^^^^^
/root/.venv/lib/python3.11/site-packages/requests/adapters.py:717: in send
    raise ConnectTimeout(e, request=request)
E   requests.exceptions.ConnectTimeout: HTTPSConnectionPool(host='birthright-hub.preview.emergentagent.com', port=443): Max retries exceeded with url: /api/auth/login (Caused by ConnectTimeoutError(&lt;HTTPSConnection(host='birthright-hub.preview.emergentagent.com', port=443) at 0xfaf8b1f93e10&gt;, 'Connection to birthright-hub.preview.emergentagent.com timed out. (connect timeout=30)'))</failure></testcase><testcase classname="tests.test_iter36b_counsel_race_boundary.TestSameSecondBoundary" name="test_same_second_iat_accepted" time="1.154" /><testcase classname="tests.test_iter38_counsel_iat_ms.TestIatMsClaim" name="test_fresh_token_has_iat_ms" time="0.362" /><testcase classname="tests.test_iter38_counsel_iat_ms.TestSameSecondRevocation" name="test_same_second_revocation_5x" time="7.095" /><testcase classname="tests.test_iter38_counsel_iat_ms.TestFreshLoginAfterRotate" name="test_fresh_login_after_rotate_5x" time="5.046" /><testcase classname="tests.test_iter38_counsel_iat_ms.TestOlderTokenRegression" name="test_older_token_revoked" time="4.463" /></testsuite></testsuites>