<?xml version="1.0" encoding="utf-8"?><testsuites name="pytest tests"><testsuite name="pytest" errors="0" failures="0" skipped="0" tests="36" time="4.712" timestamp="2026-08-04T23:27:42.162465+00:00" hostname="agent-env-21f9466c-5498-45d7-81a6-dbe438116ad1"><testcase classname="tests.test_iter50_wd_comments.TestListComments" name="test_no_open_wd_returns_empty_list" time="0.553" /><testcase classname="tests.test_iter50_wd_comments.TestListComments" name="test_empty_for_fresh_wd" time="0.591" /><testcase classname="tests.test_iter50_wd_comments.TestListComments" name="test_requires_auth" time="0.111" /><testcase classname="tests.test_iter50_wd_comments.TestCreateComment" name="test_happy_path_shape" time="0.135" /><testcase classname="tests.test_iter50_wd_comments.TestCreateComment" name="test_counsel_can_post_and_reply" time="0.105" /><testcase classname="tests.test_iter50_wd_comments.TestCreateComment" name="test_sorted_created_at_asc" time="0.048" /><testcase classname="tests.test_iter50_wd_comments.TestCreateComment" name="test_empty_body_400[payload0]" time="0.050" /><testcase classname="tests.test_iter50_wd_comments.TestCreateComment" name="test_empty_body_400[payload1]" time="0.050" /><testcase classname="tests.test_iter50_wd_comments.TestCreateComment" name="test_empty_body_400[payload2]" time="0.048" /><testcase classname="tests.test_iter50_wd_comments.TestCreateComment" name="test_body_too_long_400" time="0.048" /><testcase classname="tests.test_iter50_wd_comments.TestCreateComment" name="test_body_at_limit_ok" time="0.049" /><testcase classname="tests.test_iter50_wd_comments.TestCreateComment" name="test_bad_side_400" time="0.047" /><testcase classname="tests.test_iter50_wd_comments.TestCreateComment" name="test_invalid_line_number_coerced_to_general[0]" time="0.049" /><testcase classname="tests.test_iter50_wd_comments.TestCreateComment" name="test_invalid_line_number_coerced_to_general[-1]" time="0.050" /><testcase classname="tests.test_iter50_wd_comments.TestCreateComment" name="test_invalid_line_number_coerced_to_general[abc]" time="0.049" /><testcase classname="tests.test_iter50_wd_comments.TestCreateComment" name="test_invalid_line_number_coerced_to_general[]" time="0.049" /><testcase classname="tests.test_iter50_wd_comments.TestCreateComment" name="test_float_line_number_truncates" time="0.049" /><testcase classname="tests.test_iter50_wd_comments.TestCreateComment" name="test_numeric_string_line_number_coerced_to_int" time="0.048" /><testcase classname="tests.test_iter50_wd_comments.TestCreateComment" name="test_default_side_general" time="0.049" /><testcase classname="tests.test_iter50_wd_comments.TestCreateComment" name="test_parent_on_other_wd_404" time="0.142" /><testcase classname="tests.test_iter50_wd_comments.TestCreateComment" name="test_unknown_parent_404" time="0.047" /><testcase classname="tests.test_iter50_wd_comments.TestCreateComment" name="test_no_open_wd_404" time="0.097" /><testcase classname="tests.test_iter50_wd_comments.TestCommentStats" name="test_stats_present_and_correct" time="0.140" /><testcase classname="tests.test_iter50_wd_comments.TestCommentStats" name="test_stats_isolated_per_wd" time="0.099" /><testcase classname="tests.test_iter50_wd_comments.TestResolve" name="test_resolve_true" time="0.163" /><testcase classname="tests.test_iter50_wd_comments.TestResolve" name="test_unresolve" time="0.197" /><testcase classname="tests.test_iter50_wd_comments.TestResolve" name="test_empty_body_defaults_true" time="0.097" /><testcase classname="tests.test_iter50_wd_comments.TestResolve" name="test_empty_json_defaults_true" time="0.094" /><testcase classname="tests.test_iter50_wd_comments.TestResolve" name="test_counsel_can_resolve_admin_comment" time="0.100" /><testcase classname="tests.test_iter50_wd_comments.TestResolve" name="test_unknown_comment_404" time="0.049" /><testcase classname="tests.test_iter50_wd_comments.TestResolve" name="test_cross_wd_comment_404" time="0.094" /><testcase classname="tests.test_iter50_wd_comments.TestDelete" name="test_counsel_cannot_delete_admin_comment" time="0.147" /><testcase classname="tests.test_iter50_wd_comments.TestDelete" name="test_counsel_can_delete_own" time="0.144" /><testcase classname="tests.test_iter50_wd_comments.TestDelete" name="test_admin_cascade_delete_removes_replies" time="0.247" /><testcase classname="tests.test_iter50_wd_comments.TestDelete" name="test_delete_unknown_404" time="0.051" /><testcase classname="tests.test_iter50_wd_comments.TestWdCycleScoping" name="test_comments_survive_in_db_but_not_returned_after_discard" time="0.441" /></testsuite></testsuites>