<?xml version="1.0" encoding="utf-8"?><testsuites name="pytest tests"><testsuite name="pytest" errors="0" failures="0" skipped="0" tests="13" time="1.936" timestamp="2026-05-22T12:08:01.426028+00:00" hostname="agent-env-21f9466c-5498-45d7-81a6-dbe438116ad1"><testcase classname="backend.tests.test_products_iter2.TestProductCatalogCounts" name="test_total_60" time="0.282" /><testcase classname="backend.tests.test_products_iter2.TestProductCatalogCounts" name="test_merch_56" time="0.053" /><testcase classname="backend.tests.test_products_iter2.TestProductCatalogCounts" name="test_workshop_material_4" time="0.053" /><testcase classname="backend.tests.test_products_iter2.TestProductCatalogCounts" name="test_apparel_filter" time="0.053" /><testcase classname="backend.tests.test_products_iter2.TestStaticServing" name="test_static_inside_out_work_tee" time="0.115" /><testcase classname="backend.tests.test_products_iter2.TestStaticServing" name="test_inside_out_work_tee_in_catalog" time="0.052" /><testcase classname="backend.tests.test_products_iter2.TestStaticServing" name="test_get_product_by_id_has_correct_image" time="0.166" /><testcase classname="backend.tests.test_products_iter2.TestAdminProductCRUD" name="test_create_requires_admin" time="0.046" /><testcase classname="backend.tests.test_products_iter2.TestAdminProductCRUD" name="test_create_blocked_for_non_admin" time="0.319" /><testcase classname="backend.tests.test_products_iter2.TestAdminProductCRUD" name="test_create_as_admin" time="0.370" /><testcase classname="backend.tests.test_products_iter2.TestAdminProductCRUD" name="test_update_as_admin" time="0.103" /><testcase classname="backend.tests.test_products_iter2.TestAdminProductCRUD" name="test_delete_as_admin" time="0.097" /><testcase classname="backend.tests.test_products_iter2.TestSlugField" name="test_new_products_have_slug" time="0.048" /></testsuite></testsuites>