<?xml version="1.0" encoding="utf-8"?><testsuites name="pytest tests"><testsuite name="pytest" errors="0" failures="0" skipped="0" tests="25" time="4.854" timestamp="2026-05-25T01:13:37.421033+00:00" hostname="agent-env-21f9466c-5498-45d7-81a6-dbe438116ad1"><testcase classname="backend.tests.test_iter16_outbound_sales.TestOutboundRedirect" name="test_known_slug_302_to_external" time="0.216" /><testcase classname="backend.tests.test_iter16_outbound_sales.TestOutboundRedirect" name="test_unknown_slug_redirects_to_partners" time="0.129" /><testcase classname="backend.tests.test_iter16_outbound_sales.TestOutboundRedirect" name="test_dest_same_host_honored" time="0.158" /><testcase classname="backend.tests.test_iter16_outbound_sales.TestOutboundRedirect" name="test_dest_cross_host_ignored" time="0.138" /><testcase classname="backend.tests.test_iter16_outbound_sales.TestOutboundRedirect" name="test_utm_params_logged" time="0.645" /><testcase classname="backend.tests.test_iter16_outbound_sales.TestPartnerSelfReport" name="test_submit_community_report" time="0.451" /><testcase classname="backend.tests.test_iter16_outbound_sales.TestPartnerSelfReport" name="test_submit_vendor_report" time="0.144" /><testcase classname="backend.tests.test_iter16_outbound_sales.TestPartnerSelfReport" name="test_no_active_profile_404" time="0.112" /><testcase classname="backend.tests.test_iter16_outbound_sales.TestPartnerSelfReport" name="test_invalid_period_400" time="0.145" /><testcase classname="backend.tests.test_iter16_outbound_sales.TestPartnerSelfReport" name="test_list_my_reports" time="0.113" /><testcase classname="backend.tests.test_iter16_outbound_sales.TestWebhookMintRotate" name="test_get_webhook_info_idempotent" time="0.209" /><testcase classname="backend.tests.test_iter16_outbound_sales.TestWebhookMintRotate" name="test_regenerate_rotates" time="0.114" /><testcase classname="backend.tests.test_iter16_outbound_sales.TestWebhookSubmit" name="test_missing_signature_401" time="0.219" /><testcase classname="backend.tests.test_iter16_outbound_sales.TestWebhookSubmit" name="test_wrong_signature_401" time="0.211" /><testcase classname="backend.tests.test_iter16_outbound_sales.TestWebhookSubmit" name="test_valid_signature_creates_report" time="0.249" /><testcase classname="backend.tests.test_iter16_outbound_sales.TestWebhookSubmit" name="test_partner_without_minted_secret_400" time="0.107" /><testcase classname="backend.tests.test_iter16_outbound_sales.TestAdminDecisions" name="test_admin_list_protected" time="0.133" /><testcase classname="backend.tests.test_iter16_outbound_sales.TestAdminDecisions" name="test_admin_list_with_filter" time="0.105" /><testcase classname="backend.tests.test_iter16_outbound_sales.TestAdminDecisions" name="test_dispute_no_credit" time="0.107" /><testcase classname="backend.tests.test_iter16_outbound_sales.TestAdminDecisions" name="test_revise_allows_resubmit" time="0.230" /><testcase classname="backend.tests.test_iter16_outbound_sales.TestAdminDecisions" name="test_approve_creates_credit" time="0.123" /><testcase classname="backend.tests.test_iter16_outbound_sales.TestAdminDecisions" name="test_approve_overrides" time="0.240" /><testcase classname="backend.tests.test_iter16_outbound_sales.TestAdminDecisions" name="test_double_approve_400" time="0.127" /><testcase classname="backend.tests.test_iter16_outbound_sales.TestAdminDecisions" name="test_invalid_status_400" time="0.227" /><testcase classname="backend.tests.test_iter16_outbound_sales.TestAdminDecisions" name="test_non_admin_403" time="0.105" /></testsuite></testsuites>