<?xml version="1.0" encoding="utf-8"?><testsuites name="pytest tests"><testsuite name="pytest" errors="0" failures="0" skipped="0" tests="17" time="11.251" timestamp="2026-08-04T22:16:05.677569+00:00" hostname="agent-env-21f9466c-5498-45d7-81a6-dbe438116ad1"><testcase classname="tests.test_iter47_working_drafts.TestWorkingDraftHappyPath" name="test_01_counsel_upload_creates_working_draft" time="3.870" /><testcase classname="tests.test_iter47_working_drafts.TestWorkingDraftHappyPath" name="test_02_list_working_drafts_contains_row" time="0.055" /><testcase classname="tests.test_iter47_working_drafts.TestWorkingDraftHappyPath" name="test_03_working_draft_detail" time="0.052" /><testcase classname="tests.test_iter47_working_drafts.TestWorkingDraftHappyPath" name="test_04_download_working_draft_docx" time="0.134" /><testcase classname="tests.test_iter47_working_drafts.TestWorkingDraftHappyPath" name="test_05_mark_ready" time="0.103" /><testcase classname="tests.test_iter47_working_drafts.TestWorkingDraftHappyPath" name="test_06_counsel_cannot_release" time="0.051" /><testcase classname="tests.test_iter47_working_drafts.TestWorkingDraftHappyPath" name="test_07_admin_release_promotes_to_md" time="1.637" /><testcase classname="tests.test_iter47_working_drafts.TestUploadValidation" name="test_size_cap" time="0.194" /><testcase classname="tests.test_iter47_working_drafts.TestUploadValidation" name="test_unknown_slug" time="0.051" /><testcase classname="tests.test_iter47_working_drafts.TestUploadValidation" name="test_empty_file" time="0.051" /><testcase classname="tests.test_iter47_working_drafts.TestUploadValidation" name="test_unsupported_extension" time="0.049" /><testcase classname="tests.test_iter47_working_drafts.TestUploadValidation" name="test_anonymous_upload_rejected" time="0.140" /><testcase classname="tests.test_iter47_working_drafts.TestDiscard" name="test_discard_flow" time="0.302" /><testcase classname="tests.test_iter47_working_drafts.TestVersionBump" name="test_bump_minor_unit" time="0.000" /><testcase classname="tests.test_iter47_working_drafts.TestVersionBump" name="test_version_override_wins" time="1.356" /><testcase classname="tests.test_iter47_working_drafts.TestVersionBump" name="test_auto_bump_after_prior" time="1.351" /><testcase classname="tests.test_iter47_working_drafts.TestApplyRoundtripWorkingDraft" name="test_roundtrip_targets_working_draft" time="1.680" /></testsuite></testsuites>