<?xml version="1.0" encoding="utf-8"?><testsuites name="pytest tests"><testsuite name="pytest" errors="0" failures="0" skipped="0" tests="16" time="8.509" timestamp="2026-05-22T23:35:56.657336+00:00" hostname="agent-env-21f9466c-5498-45d7-81a6-dbe438116ad1"><testcase classname="backend.tests.test_iter5_chat_ws.TestWsAuth" name="test_valid_cookie_paid_participant_gets_presence" time="0.865" /><testcase classname="backend.tests.test_iter5_chat_ws.TestWsAuth" name="test_missing_cookie_rejected" time="0.404" /><testcase classname="backend.tests.test_iter5_chat_ws.TestWsAuth" name="test_invalid_cookie_rejected" time="0.198" /><testcase classname="backend.tests.test_iter5_chat_ws.TestWsAuth" name="test_user_without_paid_registration_rejected" time="0.563" /><testcase classname="backend.tests.test_iter5_chat_ws.TestWsAuth" name="test_facilitator_of_workshop_allowed" time="0.506" /><testcase classname="backend.tests.test_iter5_chat_ws.TestWsAuth" name="test_admin_allowed_any_workshop" time="0.515" /><testcase classname="backend.tests.test_iter5_chat_ws.TestWsAuth" name="test_token_query_param_fallback" time="0.183" /><testcase classname="backend.tests.test_iter5_chat_ws.TestWsMessaging" name="test_group_chat_broadcasts_to_all_and_persists" time="0.523" /><testcase classname="backend.tests.test_iter5_chat_ws.TestWsMessaging" name="test_dm_filtering_three_clients" time="2.604" /><testcase classname="backend.tests.test_iter5_chat_ws.TestWsMessaging" name="test_typing_broadcast_group" time="0.814" /><testcase classname="backend.tests.test_iter5_chat_ws.TestWsMessaging" name="test_ping_pong" time="0.203" /><testcase classname="backend.tests.test_iter5_chat_ws.TestWsMessaging" name="test_empty_content_rejected" time="0.215" /><testcase classname="backend.tests.test_iter5_chat_ws.TestWsMessaging" name="test_oversize_content_rejected" time="0.222" /><testcase classname="backend.tests.test_iter5_chat_ws.TestWsPresence" name="test_presence_updates_on_disconnect" time="0.352" /><testcase classname="backend.tests.test_iter5_chat_ws.TestRestChatStillWorks" name="test_get_history" time="0.144" /><testcase classname="backend.tests.test_iter5_chat_ws.TestRestChatStillWorks" name="test_post_message_rest" time="0.113" /></testsuite></testsuites>