<?xml version="1.0" encoding="utf-8"?><testsuites name="pytest tests"><testsuite name="pytest" errors="0" failures="0" skipped="0" tests="30" time="7.349" timestamp="2026-05-23T04:49:43.697039+00:00" hostname="agent-env-21f9466c-5498-45d7-81a6-dbe438116ad1"><testcase classname="backend.tests.test_iter7_governance.TestUserProfileFlags" name="test_admin_has_both_flags" time="0.572" /><testcase classname="backend.tests.test_iter7_governance.TestUserProfileFlags" name="test_demo_has_no_flags" time="0.441" /><testcase classname="backend.tests.test_iter7_governance.TestUserProfileFlags" name="test_facilitator_is_governance_member" time="0.454" /><testcase classname="backend.tests.test_iter7_governance.TestGlobalDefaults" name="test_get_singleton_keys" time="0.103" /><testcase classname="backend.tests.test_iter7_governance.TestGlobalDefaults" name="test_non_admin_put_forbidden" time="0.139" /><testcase classname="backend.tests.test_iter7_governance.TestGlobalDefaults" name="test_admin_put_updates_and_audits" time="0.355" /><testcase classname="backend.tests.test_iter7_governance.TestMembers" name="test_list_signed_in" time="0.116" /><testcase classname="backend.tests.test_iter7_governance.TestMembers" name="test_non_admin_put_forbidden" time="0.165" /><testcase classname="backend.tests.test_iter7_governance.TestMembers" name="test_admin_set_then_revert" time="0.211" /><testcase classname="backend.tests.test_iter7_governance.TestProposals" name="test_participant_cannot_create" time="0.111" /><testcase classname="backend.tests.test_iter7_governance.TestProposals" name="test_short_title_422" time="0.111" /><testcase classname="backend.tests.test_iter7_governance.TestProposals" name="test_short_body_422" time="0.124" /><testcase classname="backend.tests.test_iter7_governance.TestProposals" name="test_created_status_open_and_closes_at" time="0.103" /><testcase classname="backend.tests.test_iter7_governance.TestProposals" name="test_audit_entry_for_create" time="0.099" /><testcase classname="backend.tests.test_iter7_governance.TestProposals" name="test_list_filters" time="0.205" /><testcase classname="backend.tests.test_iter7_governance.TestProposals" name="test_get_single_and_404" time="0.210" /><testcase classname="backend.tests.test_iter7_governance.TestVoting" name="test_non_governance_cannot_vote" time="0.258" /><testcase classname="backend.tests.test_iter7_governance.TestVoting" name="test_vote_yes_then_recast_no" time="0.649" /><testcase classname="backend.tests.test_iter7_governance.TestCloseProposal" name="test_admin_close_passes_with_yes_majority" time="0.437" /><testcase classname="backend.tests.test_iter7_governance.TestCloseProposal" name="test_admin_close_fails_with_no_majority" time="0.342" /><testcase classname="backend.tests.test_iter7_governance.TestCloseProposal" name="test_proposer_only_close_is_withdrawn" time="0.207" /><testcase classname="backend.tests.test_iter7_governance.TestCloseProposal" name="test_ineligible_close_forbidden" time="0.234" /><testcase classname="backend.tests.test_iter7_governance.TestLegalIndemnification" name="test_active_auto_bootstrap" time="0.100" /><testcase classname="backend.tests.test_iter7_governance.TestLegalIndemnification" name="test_sign_idempotent_for_demo" time="0.220" /><testcase classname="backend.tests.test_iter7_governance.TestLegalIndemnification" name="test_my_status_signed_true" time="0.205" /><testcase classname="backend.tests.test_iter7_governance.TestLegalIndemnification" name="test_publish_new_version_resets_signature" time="0.648" /><testcase classname="backend.tests.test_iter7_governance.TestAudit" name="test_admin_can_read" time="0.097" /><testcase classname="backend.tests.test_iter7_governance.TestAudit" name="test_participant_forbidden" time="0.100" /><testcase classname="backend.tests.test_iter7_governance.TestAudit" name="test_facilitator_non_ombudsman_forbidden" time="0.117" /><testcase classname="backend.tests.test_iter7_governance.TestAudit" name="test_filter_action_prefix" time="0.106" /></testsuite></testsuites>