<?xml version="1.0" encoding="utf-8"?><testsuites name="pytest tests"><testsuite name="pytest" errors="0" failures="0" skipped="0" tests="23" time="9.243" timestamp="2026-05-25T08:06:57.265096+00:00" hostname="agent-env-21f9466c-5498-45d7-81a6-dbe438116ad1"><testcase classname="backend.tests.test_iter19_disbursement_shares.TestDisbursementSettings" name="test_admin_get_settings" time="0.460" /><testcase classname="backend.tests.test_iter19_disbursement_shares.TestDisbursementSettings" name="test_admin_put_settings_persists" time="0.540" /><testcase classname="backend.tests.test_iter19_disbursement_shares.TestDisbursementSettings" name="test_non_admin_cannot_set" time="0.429" /><testcase classname="backend.tests.test_iter19_disbursement_shares.TestDisbursementSettings" name="test_partner_sees_next_disbursement" time="0.876" /><testcase classname="backend.tests.test_iter19_disbursement_shares.TestDisbursementSettings" name="test_ledger_includes_disbursement_fields" time="0.422" /><testcase classname="backend.tests.test_iter19_disbursement_shares.TestReadyToPay" name="test_json" time="0.429" /><testcase classname="backend.tests.test_iter19_disbursement_shares.TestReadyToPay" name="test_csv" time="0.441" /><testcase classname="backend.tests.test_iter19_disbursement_shares.TestReadyToPay" name="test_non_admin_denied" time="0.439" /><testcase classname="backend.tests.test_iter19_disbursement_shares.TestMarkPaidEmail" name="test_mark_paid_queues_email" time="0.984" /><testcase classname="backend.tests.test_iter19_disbursement_shares.TestShareLog" name="test_log_anon_no_via" time="0.124" /><testcase classname="backend.tests.test_iter19_disbursement_shares.TestShareLog" name="test_log_with_invalid_via_no_cookie" time="0.112" /><testcase classname="backend.tests.test_iter19_disbursement_shares.TestShareLog" name="test_log_with_valid_via_sets_cookie" time="0.534" /><testcase classname="backend.tests.test_iter19_disbursement_shares.TestShareToken" name="test_community_partner_pays_out" time="0.439" /><testcase classname="backend.tests.test_iter19_disbursement_shares.TestShareToken" name="test_non_partner_returns_userid" time="0.476" /><testcase classname="backend.tests.test_iter19_disbursement_shares.TestShareToken" name="test_anon_denied" time="0.113" /><testcase classname="backend.tests.test_iter19_disbursement_shares.TestBookmarks" name="test_full_crud_and_idempotency" time="1.049" /><testcase classname="backend.tests.test_iter19_disbursement_shares.TestBookmarks" name="test_anon_denied" time="0.103" /><testcase classname="backend.tests.test_iter19_disbursement_shares.TestResearchCite" name="test_apa7" time="0.231" /><testcase classname="backend.tests.test_iter19_disbursement_shares.TestResearchCite" name="test_bibtex" time="0.200" /><testcase classname="backend.tests.test_iter19_disbursement_shares.TestResearchCite" name="test_bad_format" time="0.206" /><testcase classname="backend.tests.test_iter19_disbursement_shares.TestWorkshopICS" name="test_ics_by_id" time="0.199" /><testcase classname="backend.tests.test_iter19_disbursement_shares.TestWorkshopICS" name="test_ics_by_slug" time="0.211" /><testcase classname="backend.tests.test_iter19_disbursement_shares.TestWorkshopICS" name="test_ics_404" time="0.117" /></testsuite></testsuites>