<?xml version="1.0" encoding="utf-8"?><testsuites name="pytest tests"><testsuite name="pytest" errors="0" failures="0" skipped="0" tests="23" time="3.070" timestamp="2026-05-25T10:04:57.780864+00:00" hostname="agent-env-21f9466c-5498-45d7-81a6-dbe438116ad1"><testcase classname="backend.tests.test_iter21_dm.TestDmPreferences" name="test_get_defaults_after_seed" time="0.500" /><testcase classname="backend.tests.test_iter21_dm.TestDmPreferences" name="test_elena_defaults_research_false" time="0.372" /><testcase classname="backend.tests.test_iter21_dm.TestDmPreferences" name="test_toggle_preferences" time="0.109" /><testcase classname="backend.tests.test_iter21_dm.TestDmThreadOpen" name="test_thread_with_elena_starts_pending_when_research_false" time="0.103" /><testcase classname="backend.tests.test_iter21_dm.TestDmThreadOpen" name="test_cannot_dm_self" time="0.049" /><testcase classname="backend.tests.test_iter21_dm.TestDmThreadOpen" name="test_recipient_not_found" time="0.049" /><testcase classname="backend.tests.test_iter21_dm.TestDmThreadOpen" name="test_thread_enriched_other_participant" time="0.047" /><testcase classname="backend.tests.test_iter21_dm.TestDmPendingFlow" name="test_sender_cannot_post_while_pending" time="0.050" /><testcase classname="backend.tests.test_iter21_dm.TestDmPendingFlow" name="test_recipient_reply_flips_to_active" time="0.115" /><testcase classname="backend.tests.test_iter21_dm.TestDmActions" name="test_post_message_after_active" time="0.047" /><testcase classname="backend.tests.test_iter21_dm.TestDmActions" name="test_mark_read_zeros_unread" time="0.096" /><testcase classname="backend.tests.test_iter21_dm.TestDmActions" name="test_flag_thread" time="0.094" /><testcase classname="backend.tests.test_iter21_dm.TestDmActions" name="test_archive_removes_from_inbox" time="0.485" /><testcase classname="backend.tests.test_iter21_dm.TestAdminDm" name="test_admin_list_threads" time="0.051" /><testcase classname="backend.tests.test_iter21_dm.TestAdminDm" name="test_admin_non_flagged_thread_bodies_locked" time="0.190" /><testcase classname="backend.tests.test_iter21_dm.TestAdminDm" name="test_admin_flagged_thread_returns_messages" time="0.049" /><testcase classname="backend.tests.test_iter21_dm.TestAdminDm" name="test_admin_only_endpoint" time="0.049" /><testcase classname="backend.tests.test_iter21_dm.TestDmBlock" name="test_block_requires_recipient" time="0.047" /><testcase classname="backend.tests.test_iter21_dm.TestRegression" name="test_admin_disbursement_settings" time="0.049" /><testcase classname="backend.tests.test_iter21_dm.TestRegression" name="test_admin_subscriptions" time="0.050" /><testcase classname="backend.tests.test_iter21_dm.TestRegression" name="test_me_bookmarks" time="0.050" /><testcase classname="backend.tests.test_iter21_dm.TestRegression" name="test_shares_log" time="0.051" /><testcase classname="backend.tests.test_iter21_dm.TestRegression" name="test_workshops_ics" time="0.211" /></testsuite></testsuites>