<?xml version="1.0" encoding="utf-8"?><testsuites name="pytest tests"><testsuite name="pytest" errors="0" failures="0" skipped="0" tests="16" time="5.117" timestamp="2026-05-23T04:06:54.566465+00:00" hostname="agent-env-21f9466c-5498-45d7-81a6-dbe438116ad1"><testcase classname="backend.tests.test_iter6_reviews.TestCreateReview" name="test_workshop_review_as_paid_participant" time="0.658" /><testcase classname="backend.tests.test_iter6_reviews.TestCreateReview" name="test_workshop_review_backcompat_workshop_id" time="0.104" /><testcase classname="backend.tests.test_iter6_reviews.TestCreateReview" name="test_workshop_review_not_registered_forbidden" time="0.115" /><testcase classname="backend.tests.test_iter6_reviews.TestCreateReview" name="test_product_review_any_signed_in_user" time="0.220" /><testcase classname="backend.tests.test_iter6_reviews.TestCreateReview" name="test_second_review_updates_not_duplicates" time="0.330" /><testcase classname="backend.tests.test_iter6_reviews.TestCreateReview" name="test_invalid_subject_type" time="0.108" /><testcase classname="backend.tests.test_iter6_reviews.TestCreateReview" name="test_missing_subject_id" time="0.109" /><testcase classname="backend.tests.test_iter6_reviews.TestCreateReview" name="test_short_text_rejected_422" time="0.111" /><testcase classname="backend.tests.test_iter6_reviews.TestCreateReview" name="test_rating_out_of_range_422" time="0.104" /><testcase classname="backend.tests.test_iter6_reviews.TestListAndAggregate" name="test_list_by_subject" time="0.113" /><testcase classname="backend.tests.test_iter6_reviews.TestListAndAggregate" name="test_list_backcompat_workshop_id" time="0.120" /><testcase classname="backend.tests.test_iter6_reviews.TestListAndAggregate" name="test_aggregate" time="0.118" /><testcase classname="backend.tests.test_iter6_reviews.TestListAndAggregate" name="test_search_filters" time="0.560" /><testcase classname="backend.tests.test_iter6_reviews.TestReport" name="test_report_increments_count" time="1.097" /><testcase classname="backend.tests.test_iter6_reviews.TestModerate" name="test_admin_can_hide_and_restore" time="0.953" /><testcase classname="backend.tests.test_iter6_reviews.TestModerate" name="test_non_admin_forbidden" time="0.212" /></testsuite></testsuites>