<?xml version="1.0" encoding="utf-8"?><testsuites name="pytest tests"><testsuite name="pytest" errors="0" failures="0" skipped="0" tests="25" time="6.704" timestamp="2026-05-22T21:49:45.788593+00:00" hostname="agent-env-21f9466c-5498-45d7-81a6-dbe438116ad1"><testcase classname="backend.tests.test_iter4_workshops_photos.TestCreateWorkshop" name="test_admin_create_omits_check_in_code_gets_generated" time="0.466" /><testcase classname="backend.tests.test_iter4_workshops_photos.TestCreateWorkshop" name="test_facilitator_create_self_assigns" time="0.426" /><testcase classname="backend.tests.test_iter4_workshops_photos.TestDuplicate" name="test_admin_duplicate" time="0.139" /><testcase classname="backend.tests.test_iter4_workshops_photos.TestDuplicate" name="test_facilitator_duplicate_someone_elses_403" time="0.486" /><testcase classname="backend.tests.test_iter4_workshops_photos.TestCancel" name="test_admin_cancel_with_seed_demo_registrations" time="0.891" /><testcase classname="backend.tests.test_iter4_workshops_photos.TestRevenue" name="test_revenue_admin_ok" time="0.136" /><testcase classname="backend.tests.test_iter4_workshops_photos.TestRevenue" name="test_revenue_facilitator_other_403" time="0.129" /><testcase classname="backend.tests.test_iter4_workshops_photos.TestRevenue" name="test_revenue_anonymous_unauthorized" time="0.190" /><testcase classname="backend.tests.test_iter4_workshops_photos.TestWorkshopPhotos" name="test_paid_participant_upload_pending" time="1.202" /><testcase classname="backend.tests.test_iter4_workshops_photos.TestWorkshopPhotos" name="test_facilitator_upload_approved" time="0.124" /><testcase classname="backend.tests.test_iter4_workshops_photos.TestWorkshopPhotos" name="test_admin_upload_approved" time="0.079" /><testcase classname="backend.tests.test_iter4_workshops_photos.TestWorkshopPhotos" name="test_unpaid_registered_user_blocked" time="0.068" /><testcase classname="backend.tests.test_iter4_workshops_photos.TestWorkshopPhotos" name="test_stranger_blocked" time="0.106" /><testcase classname="backend.tests.test_iter4_workshops_photos.TestWorkshopPhotos" name="test_oversize_413" time="0.698" /><testcase classname="backend.tests.test_iter4_workshops_photos.TestWorkshopPhotos" name="test_non_image_400" time="0.076" /><testcase classname="backend.tests.test_iter4_workshops_photos.TestWorkshopPhotos" name="test_list_anonymous_returns_only_approved" time="0.138" /><testcase classname="backend.tests.test_iter4_workshops_photos.TestWorkshopPhotos" name="test_cross_workshop_pending_admin" time="0.061" /><testcase classname="backend.tests.test_iter4_workshops_photos.TestWorkshopPhotos" name="test_cross_workshop_pending_facilitator_only_theirs" time="0.075" /><testcase classname="backend.tests.test_iter4_workshops_photos.TestWorkshopPhotos" name="test_cross_workshop_pending_participant_403" time="0.064" /><testcase classname="backend.tests.test_iter4_workshops_photos.TestWorkshopPhotos" name="test_approve_and_reject_flow" time="0.233" /><testcase classname="backend.tests.test_iter4_workshops_photos.TestWorkshopPhotos" name="test_stranger_cannot_moderate" time="0.063" /><testcase classname="backend.tests.test_iter4_workshops_photos.TestWorkshopPhotos" name="test_uploader_can_delete_own_pending" time="0.137" /><testcase classname="backend.tests.test_iter4_workshops_photos.TestWorkshopPhotos" name="test_uploader_cannot_delete_own_approved" time="0.238" /><testcase classname="backend.tests.test_iter4_workshops_photos.TestWorkshopPhotos" name="test_admin_can_delete_any" time="0.135" /><testcase classname="backend.tests.test_iter4_workshops_photos.TestWorkshopPhotos" name="test_static_serve_image" time="0.165" /></testsuite></testsuites>