<?xml version="1.0" encoding="utf-8"?><testsuites name="pytest tests"><testsuite name="pytest" errors="0" failures="3" skipped="0" tests="58" time="23.772" timestamp="2026-08-04T18:48:44.197075+00:00" hostname="agent-env-21f9466c-5498-45d7-81a6-dbe438116ad1"><testcase classname="tests.test_iter32_counsel_guide.TestCounselAuth" name="test_counsel_login_role" time="0.424" /><testcase classname="tests.test_iter32_counsel_guide.TestLegalDocs" name="test_docs_index_contains_counsel_entries" time="0.462" /><testcase classname="tests.test_iter32_counsel_guide.TestLegalDocs" name="test_counsel_guide_draft_download" time="0.146" /><testcase classname="tests.test_iter32_counsel_guide.TestLegalDocs" name="test_counsel_review_plan_draft_download" time="0.148" /><testcase classname="tests.test_iter32_counsel_guide.TestLegalDocs" name="test_briefing_docx_and_md_fast_path" time="0.180" /><testcase classname="tests.test_iter32_counsel_guide.TestLegalDocs" name="test_counsel_guide_md_has_correct_password" time="0.000" /><testcase classname="tests.test_iter32_counsel_guide.TestLegalDocs" name="test_counsel_guide_advises_pushing_billable_work_to_admin" time="0.000" /><testcase classname="tests.test_iter32_counsel_guide.TestPublicLegal" name="test_pages_six_slugs" time="0.148" /><testcase classname="tests.test_iter32_counsel_guide.TestPublicLegal" name="test_page_terms_body" time="0.154" /><testcase classname="tests.test_iter32_counsel_guide.TestPublicLegal" name="test_history_and_rss" time="0.254" /><testcase classname="tests.test_iter32_counsel_guide.TestCounselWrites" name="test_counsel_can_read_comments" time="0.083" /><testcase classname="tests.test_iter32_counsel_guide.TestCounselWrites" name="test_counsel_can_post_comment" time="0.159" /><testcase classname="tests.test_iter32_counsel_guide.TestCounselWrites" name="test_counsel_ratification_blocked" time="0.084" /><testcase classname="tests.test_iter32_counsel_guide.TestCounselWrites" name="test_counsel_rebuild_blocked" time="0.077" /><testcase classname="tests.test_iter32_counsel_guide.TestCounselWrites" name="test_admin_ratification_succeeds_and_revoke" time="0.742" /><testcase classname="tests.test_iter32_counsel_guide.TestCounselWrites" name="test_admin_rebuild_docx" time="1.238" /><testcase classname="tests.test_iter32_counsel_guide" name="test_zz_cleanup_comments" time="0.016" /><testcase classname="tests.test_iter32_counsel_guide.TestHelpKB" name="test_counsel_fast_path_kb" time="0.140" /><testcase classname="tests.test_iter32_counsel_guide.TestHelpKB" name="test_counsel_redline_kb" time="0.167" /><testcase classname="tests.test_iter32_counsel_guide.TestCounselAllowListScope" name="test_counsel_apply_roundtrip_reachability" time="0.077" /><testcase classname="tests.test_iter32_counsel_guide.TestCounselAllowListScope" name="test_counsel_resolve_comment_reachability" time="0.076" /><testcase classname="tests.test_iter32_counsel_guide" name="test_zzz_cleanup_playwright_comments" time="0.007" /><testcase classname="tests.test_iter33_counsel_allowlist.TestBriefingFastPath" name="test_md_contains_fast_path_near_top" time="0.405" /><testcase classname="tests.test_iter33_counsel_allowlist.TestBriefingFastPath" name="test_docx_contains_fast_path" time="0.056" /><testcase classname="tests.test_iter33_counsel_allowlist.TestCounselAllowList" name="test_comment_create_still_allowed" time="0.316" /><testcase classname="tests.test_iter33_counsel_allowlist.TestCounselAllowList" name="test_apply_roundtrip_blocked" time="0.052" /><testcase classname="tests.test_iter33_counsel_allowlist.TestCounselAllowList" name="test_import_roundtrip_blocked" time="0.053" /><testcase classname="tests.test_iter33_counsel_allowlist.TestCounselAllowList" name="test_resolve_blocked" time="0.052" /><testcase classname="tests.test_iter33_counsel_allowlist.TestCounselAllowList" name="test_export_post_blocked_but_get_allowed" time="0.146" /><testcase classname="tests.test_iter33_counsel_allowlist.TestCounselAllowList" name="test_ratification_post_and_delete_blocked" time="0.134" /><testcase classname="tests.test_iter33_counsel_allowlist.TestCounselAllowList" name="test_rebuild_docx_blocked" time="0.148" /><testcase classname="tests.test_iter33_counsel_allowlist" name="test_history_rss_valid_xml" time="0.138" /><testcase classname="tests.test_iter33_counsel_allowlist" name="test_zzz_cleanup" time="0.006" /><testcase classname="tests.test_iter34_counsel_settings.TestCounselSettingsRead" name="test_get_as_admin" time="0.698" /><testcase classname="tests.test_iter34_counsel_settings.TestCounselSettingsRead" name="test_get_as_participant_forbidden" time="0.466" /><testcase classname="tests.test_iter34_counsel_settings.TestCounselSettingsRead" name="test_get_unauthenticated" time="0.148" /><testcase classname="tests.test_iter34_counsel_settings.TestCounselSettingsRead" name="test_get_as_counsel_actual_behaviour" time="0.535" /><testcase classname="tests.test_iter34_counsel_settings.TestValidation" name="test_short_password" time="0.139" /><testcase classname="tests.test_iter34_counsel_settings.TestValidation" name="test_bad_email" time="0.131" /><testcase classname="tests.test_iter34_counsel_settings.TestValidation" name="test_empty_payload" time="0.153" /><testcase classname="tests.test_iter34_counsel_settings.TestValidation" name="test_email_collision_conflict" time="0.111" /><testcase classname="tests.test_iter34_counsel_settings.TestValidation" name="test_counsel_cannot_rotate" time="0.484" /><testcase classname="tests.test_iter34_counsel_settings.TestRotateFlow" name="test_rotate_and_login" time="1.239" /><testcase classname="tests.test_iter34_counsel_settings.TestRotateFlow" name="test_persistence_after_restart" time="5.411" /><testcase classname="tests.test_iter35_counsel_settings_strict.TestCounselStrictGate" name="test_counsel_get_forbidden" time="0.502" /><testcase classname="tests.test_iter35_counsel_settings_strict.TestCounselStrictGate" name="test_counsel_rotate_forbidden" time="0.136" /><testcase classname="tests.test_iter35_counsel_settings_strict.TestCounselStrictGate" name="test_counsel_credentials_unchanged_after_attempt" time="0.416" /><testcase classname="tests.test_iter35_counsel_settings_strict.TestAdminRegression" name="test_admin_get_ok" time="0.728" /><testcase classname="tests.test_iter35_counsel_settings_strict.TestAdminRegression" name="test_admin_rotate_and_restore" time="1.826" /><testcase classname="tests.test_iter36_counsel_session_setpw.TestDoc" name="test_cloudflare_resend_doc" time="0.002" /><testcase classname="tests.test_iter36_counsel_session_setpw.TestSessionRevocation" name="test_revocation_kills_old_token" time="1.355"><failure message="AssertionError: expected 401 got 200: [{&quot;id&quot;:&quot;7d6cab2e-bce7-442f-aed8-eb982f97ceac&quot;,&quot;source_slug&quot;:&quot;01-terms-of-service&quot;,&quot;section&quot;:&quot;14. Governing Law&quot;,&quot;quoted_text&quot;:&quot;Mecklenburg County&quot;,&quot;suggested_replacement&quot;:&quot;Wake County&quot;,&quot;body&quot;:&quot;Prefer Wake County.&quot;,&quot;kind&quot;:&quot;redline&quot;,&quot;resolved&quot;:true,&quot;resolved_at&quot;:&quot;2026-08-04T15:34:09.877726+00:00&quot;,&quot;res&#10;assert 200 == 401&#10; +  where 200 = &lt;Response [200]&gt;.status_code">tests/test_iter36_counsel_session_setpw.py:113: in test_revocation_kills_old_token
    assert r2.status_code == 401, f"expected 401 got {r2.status_code}: {r2.text[:300]}"
E   AssertionError: expected 401 got 200: [{"id":"7d6cab2e-bce7-442f-aed8-eb982f97ceac","source_slug":"01-terms-of-service","section":"14. Governing Law","quoted_text":"Mecklenburg County","suggested_replacement":"Wake County","body":"Prefer Wake County.","kind":"redline","resolved":true,"resolved_at":"2026-08-04T15:34:09.877726+00:00","res
E   assert 200 == 401
E    +  where 200 = &lt;Response [200]&gt;.status_code</failure></testcase><testcase classname="tests.test_iter36_counsel_session_setpw.TestSendLink" name="test_send_link_happy" time="0.738" /><testcase classname="tests.test_iter36_counsel_session_setpw.TestSendLink" name="test_send_link_counsel_forbidden" time="0.379"><failure message="AssertionError: login failed for counsel@birthright.org: 401 {&quot;detail&quot;:&quot;Invalid email or password&quot;}&#10;assert 401 == 200&#10; +  where 401 = &lt;Response [401]&gt;.status_code">tests/test_iter36_counsel_session_setpw.py:149: in test_send_link_counsel_forbidden
    tok = token_for(COUNSEL_EMAIL, COUNSEL_PW)
          ^^^^^^^^^^^^^^^^^^^^^^^^^^^^^^^^^^^^
tests/test_iter36_counsel_session_setpw.py:49: in token_for
    assert r.status_code == 200, f"login failed for {email}: {r.status_code} {r.text[:300]}"
E   AssertionError: login failed for counsel@birthright.org: 401 {"detail":"Invalid email or password"}
E   assert 401 == 200
E    +  where 401 = &lt;Response [401]&gt;.status_code</failure></testcase><testcase classname="tests.test_iter36_counsel_session_setpw.TestSetPasswordFromToken" name="test_happy_path_and_session_kill" time="0.354"><failure message="AssertionError: login failed for counsel@birthright.org: 401 {&quot;detail&quot;:&quot;Invalid email or password&quot;}&#10;assert 401 == 200&#10; +  where 401 = &lt;Response [401]&gt;.status_code">tests/test_iter36_counsel_session_setpw.py:160: in test_happy_path_and_session_kill
    tok_x = token_for(COUNSEL_EMAIL, COUNSEL_PW)
            ^^^^^^^^^^^^^^^^^^^^^^^^^^^^^^^^^^^^
tests/test_iter36_counsel_session_setpw.py:49: in token_for
    assert r.status_code == 200, f"login failed for {email}: {r.status_code} {r.text[:300]}"
E   AssertionError: login failed for counsel@birthright.org: 401 {"detail":"Invalid email or password"}
E   assert 401 == 200
E    +  where 401 = &lt;Response [401]&gt;.status_code</failure></testcase><testcase classname="tests.test_iter36_counsel_session_setpw.TestSetPasswordFromToken" name="test_missing_token" time="0.141" /><testcase classname="tests.test_iter36_counsel_session_setpw.TestSetPasswordFromToken" name="test_unknown_token" time="0.121" /><testcase classname="tests.test_iter36_counsel_session_setpw.TestSetPasswordFromToken" name="test_expired_token" time="0.136" /><testcase classname="tests.test_iter36_counsel_session_setpw.TestSetPasswordFromToken" name="test_short_password" time="0.928" /></testsuite></testsuites>