<?xml version="1.0" encoding="utf-8"?><testsuites name="pytest tests"><testsuite name="pytest" errors="0" failures="1" skipped="0" tests="16" time="9.263" timestamp="2026-05-22T17:38:21.958297+00:00" hostname="agent-env-21f9466c-5498-45d7-81a6-dbe438116ad1"><testcase classname="backend.tests.test_iter3_emails" name="test_health" time="0.284" /><testcase classname="backend.tests.test_iter3_emails" name="test_contact_queues_two_emails" time="1.159" /><testcase classname="backend.tests.test_iter3_emails" name="test_request_password_reset_existing" time="0.637" /><testcase classname="backend.tests.test_iter3_emails" name="test_request_password_reset_nonexistent" time="0.649" /><testcase classname="backend.tests.test_iter3_emails" name="test_reset_password_with_valid_token" time="2.499" /><testcase classname="backend.tests.test_iter3_emails" name="test_reset_password_invalidates_other_outstanding_tokens" time="1.082" /><testcase classname="backend.tests.test_iter3_emails" name="test_newsletter_subscribe" time="0.649"><failure message="assert None">backend/tests/test_iter3_emails.py:192: in test_newsletter_subscribe
    assert sub
E   assert None</failure></testcase><testcase classname="backend.tests.test_iter3_emails" name="test_cancel_registration_promotes_waitlist" time="1.261" /><testcase classname="backend.tests.test_iter3_emails" name="test_cancel_registration_wrong_user_forbidden" time="0.429" /><testcase classname="backend.tests.test_iter3_emails" name="test_release_seat_participant_forbidden" time="0.067" /><testcase classname="backend.tests.test_iter3_emails" name="test_release_seat_admin_works" time="0.066" /><testcase classname="backend.tests.test_iter3_emails" name="test_regenerate_image_participant_forbidden" time="0.069" /><testcase classname="backend.tests.test_iter3_emails" name="test_regenerate_image_short_prompt_422" time="0.067" /><testcase classname="backend.tests.test_iter3_emails" name="test_admin_email_log" time="0.071" /><testcase classname="backend.tests.test_iter3_emails" name="test_email_log_participant_forbidden" time="0.092" /><testcase classname="backend.tests.test_iter3_emails" name="test_scheduler_started" time="0.006" /></testsuite></testsuites>