<?xml version="1.0" encoding="utf-8"?><testsuites name="pytest tests"><testsuite name="pytest" errors="0" failures="0" skipped="0" tests="11" time="1.668" timestamp="2026-08-04T16:08:26.785959+00:00" hostname="agent-env-21f9466c-5498-45d7-81a6-dbe438116ad1"><testcase classname="tests.test_iter33_counsel_allowlist.TestBriefingFastPath" name="test_md_contains_fast_path_near_top" time="0.483" /><testcase classname="tests.test_iter33_counsel_allowlist.TestBriefingFastPath" name="test_docx_contains_fast_path" time="0.078" /><testcase classname="tests.test_iter33_counsel_allowlist.TestCounselAllowList" name="test_comment_create_still_allowed" time="0.139" /><testcase classname="tests.test_iter33_counsel_allowlist.TestCounselAllowList" name="test_apply_roundtrip_blocked" time="0.067" /><testcase classname="tests.test_iter33_counsel_allowlist.TestCounselAllowList" name="test_import_roundtrip_blocked" time="0.070" /><testcase classname="tests.test_iter33_counsel_allowlist.TestCounselAllowList" name="test_resolve_blocked" time="0.069" /><testcase classname="tests.test_iter33_counsel_allowlist.TestCounselAllowList" name="test_export_post_blocked_but_get_allowed" time="0.197" /><testcase classname="tests.test_iter33_counsel_allowlist.TestCounselAllowList" name="test_ratification_post_and_delete_blocked" time="0.148" /><testcase classname="tests.test_iter33_counsel_allowlist.TestCounselAllowList" name="test_rebuild_docx_blocked" time="0.070" /><testcase classname="tests.test_iter33_counsel_allowlist" name="test_history_rss_valid_xml" time="0.179" /><testcase classname="tests.test_iter33_counsel_allowlist" name="test_zzz_cleanup" time="0.081" /></testsuite></testsuites>