<?xml version="1.0" encoding="utf-8"?><testsuites name="pytest tests"><testsuite name="pytest" errors="0" failures="0" skipped="0" tests="57" time="5.924" timestamp="2026-05-25T11:06:45.447976+00:00" hostname="agent-env-21f9466c-5498-45d7-81a6-dbe438116ad1"><testcase classname="tests.test_iter23_refunds_agreement.TestAgreementV2Published" name="test_active_version_is_v2" time="0.147" /><testcase classname="tests.test_iter23_refunds_agreement.TestAgreementV2Published" name="test_versions_list_v1_inactive_v2_active" time="0.385" /><testcase classname="tests.test_iter23_refunds_agreement.TestAgreementGate" name="test_demo_dm_thread_blocked_unsigned" time="0.373" /><testcase classname="tests.test_iter23_refunds_agreement.TestAgreementGate" name="test_demo_sub_checkout_blocked_unsigned" time="0.050" /><testcase classname="tests.test_iter23_refunds_agreement.TestAgreementGate" name="test_get_endpoints_not_gated" time="0.047" /><testcase classname="tests.test_iter23_refunds_agreement.TestAgreementGate" name="test_dispute_filing_not_gated" time="0.048" /><testcase classname="tests.test_iter23_refunds_agreement.TestAgreementSignUnblocks" name="test_sign_then_dm_open_succeeds" time="0.098" /><testcase classname="tests.test_iter23_refunds_agreement.TestAgreementSignUnblocks" name="test_sub_checkout_no_longer_409" time="0.052" /><testcase classname="tests.test_iter23_refunds_agreement.TestWorkshopRefund" name="test_workshop_refund_cancels_reg_and_increments_spots" time="0.059" /><testcase classname="tests.test_iter23_refunds_agreement.TestWorkshopRefund" name="test_double_refund_rejected" time="0.100" /><testcase classname="tests.test_iter23_refunds_agreement.TestWorkshopRefund" name="test_unknown_txn_400" time="0.050" /><testcase classname="tests.test_iter23_refunds_agreement.TestOtherSideEffects" name="test_subscription_refund" time="0.058" /><testcase classname="tests.test_iter23_refunds_agreement.TestOtherSideEffects" name="test_featured_slot_refund" time="0.051" /><testcase classname="tests.test_iter23_refunds_agreement.TestOtherSideEffects" name="test_research_promotion_refund" time="0.050" /><testcase classname="tests.test_iter23_refunds_agreement.TestOtherSideEffects" name="test_order_refund" time="0.053" /><testcase classname="tests.test_iter23_refunds_agreement.TestOtherSideEffects" name="test_sponsor_refund" time="0.052" /><testcase classname="tests.test_iter23_refunds_agreement.TestOtherSideEffects" name="test_donation_refund" time="0.065" /><testcase classname="tests.test_iter23_refunds_agreement.TestClawbacks" name="test_earned_reversed_and_paid_enqueued" time="0.252" /><testcase classname="tests.test_iter23_refunds_agreement.TestCascadeAdminEndpoints" name="test_list_filter_and_detail" time="0.197" /><testcase classname="tests.test_iter23_refunds_agreement.TestCascadeAdminEndpoints" name="test_non_admin_cannot_access" time="0.096" /><testcase classname="tests.test_iter23_refunds_agreement.TestDisputeRefundIntegration" name="test_resolve_with_cascade_persists_cascade_id" time="0.139" /><testcase classname="tests.test_iter23_refunds_agreement.TestDisputeRefundIntegration" name="test_resolve_cascade_requires_txn" time="0.101" /><testcase classname="tests.test_iter23_refunds_agreement.TestDisputeRefundIntegration" name="test_resolve_cascade_rejects_dismissed" time="0.104" /><testcase classname="tests.test_iter22_disputes.TestFileDispute" name="test_file_dispute_success" time="0.369" /><testcase classname="tests.test_iter22_disputes.TestFileDispute" name="test_reject_self_dispute" time="0.056" /><testcase classname="tests.test_iter22_disputes.TestFileDispute" name="test_reject_missing_respondent" time="0.047" /><testcase classname="tests.test_iter22_disputes.TestFileDispute" name="test_reject_bad_transaction" time="0.044" /><testcase classname="tests.test_iter22_disputes.TestFileDispute" name="test_reject_bad_thread" time="0.048" /><testcase classname="tests.test_iter22_disputes.TestFileDispute" name="test_validation_title_too_short" time="0.051" /><testcase classname="tests.test_iter22_disputes.TestFileDispute" name="test_validation_description_too_short" time="0.046" /><testcase classname="tests.test_iter22_disputes.TestMyDisputes" name="test_my_disputes_role_all" time="0.046" /><testcase classname="tests.test_iter22_disputes.TestMyDisputes" name="test_my_disputes_role_filed" time="0.044" /><testcase classname="tests.test_iter22_disputes.TestMyDisputes" name="test_my_disputes_role_against" time="0.381" /><testcase classname="tests.test_iter22_disputes.TestMyDisputes" name="test_my_dispute_detail_as_filer" time="0.047" /><testcase classname="tests.test_iter22_disputes.TestMyDisputes" name="test_my_dispute_detail_as_respondent" time="0.052" /><testcase classname="tests.test_iter22_disputes.TestMyDisputes" name="test_my_dispute_detail_forbidden_for_outsider" time="0.376" /><testcase classname="tests.test_iter22_disputes.TestAdminList" name="test_admin_list_all" time="0.369" /><testcase classname="tests.test_iter22_disputes.TestAdminList" name="test_admin_list_status_filter" time="0.049" /><testcase classname="tests.test_iter22_disputes.TestAdminList" name="test_admin_list_unassigned" time="0.047" /><testcase classname="tests.test_iter22_disputes.TestAdminList" name="test_non_admin_non_ombuds_forbidden" time="0.048" /><testcase classname="tests.test_iter22_disputes.TestAdminList" name="test_ombudsman_can_list" time="0.057" /><testcase classname="tests.test_iter22_disputes.TestAssign" name="test_assign_rejects_non_ombudsman" time="0.050" /><testcase classname="tests.test_iter22_disputes.TestAssign" name="test_assign_to_elena" time="0.049" /><testcase classname="tests.test_iter22_disputes.TestStatusUpdate" name="test_status_to_under_review" time="0.052" /><testcase classname="tests.test_iter22_disputes.TestStatusUpdate" name="test_status_rejects_terminal" time="0.054" /><testcase classname="tests.test_iter22_disputes.TestStatusUpdate" name="test_status_note_too_short" time="0.049" /><testcase classname="tests.test_iter22_disputes.TestResolve" name="test_resolve_with_credit" time="0.054" /><testcase classname="tests.test_iter22_disputes.TestResolve" name="test_resolve_rejects_already_terminal" time="0.051" /><testcase classname="tests.test_iter22_disputes.TestResolve" name="test_resolve_dismissed_path" time="0.102" /><testcase classname="tests.test_iter22_disputes.TestResolve" name="test_resolve_note_too_short" time="0.099" /><testcase classname="tests.test_iter22_disputes.TestResolve" name="test_resolve_negative_credit_rejected" time="0.101" /><testcase classname="tests.test_iter22_disputes.TestOmbudsmanQueue" name="test_queue_as_admin" time="0.049" /><testcase classname="tests.test_iter22_disputes.TestOmbudsmanQueue" name="test_queue_as_ombudsman" time="0.053" /><testcase classname="tests.test_iter22_disputes.TestOmbudsmanQueue" name="test_queue_forbidden_to_regular_user" time="0.048" /><testcase classname="tests.test_iter22_disputes.TestOmbudsmanQueue" name="test_ombudsman_users_list" time="0.047" /><testcase classname="tests.test_iter22_disputes.TestIter21Regression" name="test_dm_preferences_get" time="0.045" /><testcase classname="tests.test_iter22_disputes.TestIter21Regression" name="test_admin_dm_threads_list" time="0.052" /></testsuite></testsuites>