<?xml version="1.0" encoding="utf-8"?><testsuites name="pytest tests"><testsuite name="pytest" errors="38" failures="15" skipped="0" tests="65" time="4.402" timestamp="2026-08-04T19:13:46.191055+00:00" hostname="agent-env-21f9466c-5498-45d7-81a6-dbe438116ad1"><testcase classname="tests.test_iter32_counsel_guide.TestCounselAuth" name="test_counsel_login_role" time="0.145"><failure message="AssertionError: {&quot;detail&quot;:&quot;Invalid email or password&quot;}&#10;assert 401 == 200&#10; +  where 401 = &lt;Response [401]&gt;.status_code">E   AssertionError: {"detail":"Invalid email or password"}
    assert 401 == 200
     +  where 401 = &lt;Response [401]&gt;.status_code</failure></testcase><testcase classname="tests.test_iter32_counsel_guide.TestLegalDocs" name="test_docs_index_contains_counsel_entries" time="0.132"><error message="failed on setup with &quot;Failed: counsel login failed 401: {&quot;detail&quot;:&quot;Invalid email or password&quot;}&quot;">E   Failed: counsel login failed 401: {"detail":"Invalid email or password"}</error></testcase><testcase classname="tests.test_iter32_counsel_guide.TestLegalDocs" name="test_counsel_guide_draft_download" time="0.143" /><testcase classname="tests.test_iter32_counsel_guide.TestLegalDocs" name="test_counsel_review_plan_draft_download" time="0.167" /><testcase classname="tests.test_iter32_counsel_guide.TestLegalDocs" name="test_briefing_docx_and_md_fast_path" time="0.000"><error message="failed on setup with &quot;Failed: counsel login failed 401: {&quot;detail&quot;:&quot;Invalid email or password&quot;}&quot;">E   Failed: counsel login failed 401: {"detail":"Invalid email or password"}</error></testcase><testcase classname="tests.test_iter32_counsel_guide.TestLegalDocs" name="test_counsel_guide_md_has_correct_password" time="0.000"><error message="failed on setup with &quot;Failed: counsel login failed 401: {&quot;detail&quot;:&quot;Invalid email or password&quot;}&quot;">E   Failed: counsel login failed 401: {"detail":"Invalid email or password"}</error></testcase><testcase classname="tests.test_iter32_counsel_guide.TestLegalDocs" name="test_counsel_guide_advises_pushing_billable_work_to_admin" time="0.000" /><testcase classname="tests.test_iter32_counsel_guide.TestPublicLegal" name="test_pages_six_slugs" time="0.125" /><testcase classname="tests.test_iter32_counsel_guide.TestPublicLegal" name="test_page_terms_body" time="0.155" /><testcase classname="tests.test_iter32_counsel_guide.TestPublicLegal" name="test_history_and_rss" time="0.248" /><testcase classname="tests.test_iter32_counsel_guide.TestCounselWrites" name="test_counsel_can_read_comments" time="0.000"><error message="failed on setup with &quot;Failed: counsel login failed 401: {&quot;detail&quot;:&quot;Invalid email or password&quot;}&quot;">E   Failed: counsel login failed 401: {"detail":"Invalid email or password"}</error></testcase><testcase classname="tests.test_iter32_counsel_guide.TestCounselWrites" name="test_counsel_can_post_comment" time="0.000"><error message="failed on setup with &quot;Failed: counsel login failed 401: {&quot;detail&quot;:&quot;Invalid email or password&quot;}&quot;">E   Failed: counsel login failed 401: {"detail":"Invalid email or password"}</error></testcase><testcase classname="tests.test_iter32_counsel_guide.TestCounselWrites" name="test_counsel_ratification_blocked" time="0.000"><error message="failed on setup with &quot;Failed: counsel login failed 401: {&quot;detail&quot;:&quot;Invalid email or password&quot;}&quot;">E   Failed: counsel login failed 401: {"detail":"Invalid email or password"}</error></testcase><testcase classname="tests.test_iter32_counsel_guide.TestCounselWrites" name="test_counsel_rebuild_blocked" time="0.000"><error message="failed on setup with &quot;Failed: counsel login failed 401: {&quot;detail&quot;:&quot;Invalid email or password&quot;}&quot;">E   Failed: counsel login failed 401: {"detail":"Invalid email or password"}</error></testcase><testcase classname="tests.test_iter32_counsel_guide.TestCounselWrites" name="test_admin_ratification_succeeds_and_revoke" time="0.130"><error message="failed on setup with &quot;Failed: admin login failed 401: {&quot;detail&quot;:&quot;Invalid email or password&quot;}&quot;">E   Failed: admin login failed 401: {"detail":"Invalid email or password"}</error></testcase><testcase classname="tests.test_iter32_counsel_guide.TestCounselWrites" name="test_admin_rebuild_docx" time="0.000"><error message="failed on setup with &quot;Failed: admin login failed 401: {&quot;detail&quot;:&quot;Invalid email or password&quot;}&quot;">E   Failed: admin login failed 401: {"detail":"Invalid email or password"}</error></testcase><testcase classname="tests.test_iter32_counsel_guide" name="test_zz_cleanup_comments" time="0.011" /><testcase classname="tests.test_iter32_counsel_guide.TestHelpKB" name="test_counsel_fast_path_kb" time="0.129" /><testcase classname="tests.test_iter32_counsel_guide.TestHelpKB" name="test_counsel_redline_kb" time="0.119" /><testcase classname="tests.test_iter32_counsel_guide.TestCounselAllowListScope" name="test_counsel_apply_roundtrip_reachability" time="0.000"><error message="failed on setup with &quot;Failed: counsel login failed 401: {&quot;detail&quot;:&quot;Invalid email or password&quot;}&quot;">E   Failed: counsel login failed 401: {"detail":"Invalid email or password"}</error></testcase><testcase classname="tests.test_iter32_counsel_guide.TestCounselAllowListScope" name="test_counsel_resolve_comment_reachability" time="0.000"><error message="failed on setup with &quot;Failed: counsel login failed 401: {&quot;detail&quot;:&quot;Invalid email or password&quot;}&quot;">E   Failed: counsel login failed 401: {"detail":"Invalid email or password"}</error></testcase><testcase classname="tests.test_iter32_counsel_guide" name="test_zzz_cleanup_playwright_comments" time="0.008" /><testcase classname="tests.test_iter33_counsel_allowlist.TestBriefingFastPath" name="test_md_contains_fast_path_near_top" time="0.121"><error message="failed on setup with &quot;Failed: counsel login failed 401: {&quot;detail&quot;:&quot;Invalid email or password&quot;}&quot;">E   Failed: counsel login failed 401: {"detail":"Invalid email or password"}</error></testcase><testcase classname="tests.test_iter33_counsel_allowlist.TestBriefingFastPath" name="test_docx_contains_fast_path" time="0.000"><error message="failed on setup with &quot;Failed: counsel login failed 401: {&quot;detail&quot;:&quot;Invalid email or password&quot;}&quot;">E   Failed: counsel login failed 401: {"detail":"Invalid email or password"}</error></testcase><testcase classname="tests.test_iter33_counsel_allowlist.TestCounselAllowList" name="test_comment_create_still_allowed" time="0.000"><error message="failed on setup with &quot;Failed: counsel login failed 401: {&quot;detail&quot;:&quot;Invalid email or password&quot;}&quot;">E   Failed: counsel login failed 401: {"detail":"Invalid email or password"}</error></testcase><testcase classname="tests.test_iter33_counsel_allowlist.TestCounselAllowList" name="test_apply_roundtrip_blocked" time="0.000"><error message="failed on setup with &quot;Failed: counsel login failed 401: {&quot;detail&quot;:&quot;Invalid email or password&quot;}&quot;">E   Failed: counsel login failed 401: {"detail":"Invalid email or password"}</error></testcase><testcase classname="tests.test_iter33_counsel_allowlist.TestCounselAllowList" name="test_import_roundtrip_blocked" time="0.000"><error message="failed on setup with &quot;Failed: counsel login failed 401: {&quot;detail&quot;:&quot;Invalid email or password&quot;}&quot;">E   Failed: counsel login failed 401: {"detail":"Invalid email or password"}</error></testcase><testcase classname="tests.test_iter33_counsel_allowlist.TestCounselAllowList" name="test_resolve_blocked" time="0.000"><error message="failed on setup with &quot;Failed: counsel login failed 401: {&quot;detail&quot;:&quot;Invalid email or password&quot;}&quot;">E   Failed: counsel login failed 401: {"detail":"Invalid email or password"}</error></testcase><testcase classname="tests.test_iter33_counsel_allowlist.TestCounselAllowList" name="test_export_post_blocked_but_get_allowed" time="0.000"><error message="failed on setup with &quot;Failed: counsel login failed 401: {&quot;detail&quot;:&quot;Invalid email or password&quot;}&quot;">E   Failed: counsel login failed 401: {"detail":"Invalid email or password"}</error></testcase><testcase classname="tests.test_iter33_counsel_allowlist.TestCounselAllowList" name="test_ratification_post_and_delete_blocked" time="0.000"><error message="failed on setup with &quot;Failed: counsel login failed 401: {&quot;detail&quot;:&quot;Invalid email or password&quot;}&quot;">E   Failed: counsel login failed 401: {"detail":"Invalid email or password"}</error></testcase><testcase classname="tests.test_iter33_counsel_allowlist.TestCounselAllowList" name="test_rebuild_docx_blocked" time="0.000"><error message="failed on setup with &quot;Failed: counsel login failed 401: {&quot;detail&quot;:&quot;Invalid email or password&quot;}&quot;">E   Failed: counsel login failed 401: {"detail":"Invalid email or password"}</error></testcase><testcase classname="tests.test_iter33_counsel_allowlist" name="test_history_rss_valid_xml" time="0.113" /><testcase classname="tests.test_iter33_counsel_allowlist" name="test_zzz_cleanup" time="0.006" /><testcase classname="tests.test_iter34_counsel_settings.TestCounselSettingsRead" name="test_get_as_admin" time="0.125"><error message="failed on setup with &quot;AssertionError: login failed admin@birthright.org: 401 {&quot;detail&quot;:&quot;Invalid email or password&quot;}&#10;assert 401 == 200&#10; +  where 401 = &lt;Response [401]&gt;.status_code&quot;">E   AssertionError: login failed admin@birthright.org: 401 {"detail":"Invalid email or password"}
    assert 401 == 200
     +  where 401 = &lt;Response [401]&gt;.status_code</error></testcase><testcase classname="tests.test_iter34_counsel_settings.TestCounselSettingsRead" name="test_get_as_participant_forbidden" time="0.000"><error message="failed on setup with &quot;AssertionError: login failed admin@birthright.org: 401 {&quot;detail&quot;:&quot;Invalid email or password&quot;}&#10;assert 401 == 200&#10; +  where 401 = &lt;Response [401]&gt;.status_code&quot;">E   AssertionError: login failed admin@birthright.org: 401 {"detail":"Invalid email or password"}
    assert 401 == 200
     +  where 401 = &lt;Response [401]&gt;.status_code</error></testcase><testcase classname="tests.test_iter34_counsel_settings.TestCounselSettingsRead" name="test_get_unauthenticated" time="0.000"><error message="failed on setup with &quot;AssertionError: login failed admin@birthright.org: 401 {&quot;detail&quot;:&quot;Invalid email or password&quot;}&#10;assert 401 == 200&#10; +  where 401 = &lt;Response [401]&gt;.status_code&quot;">E   AssertionError: login failed admin@birthright.org: 401 {"detail":"Invalid email or password"}
    assert 401 == 200
     +  where 401 = &lt;Response [401]&gt;.status_code</error></testcase><testcase classname="tests.test_iter34_counsel_settings.TestCounselSettingsRead" name="test_get_as_counsel_actual_behaviour" time="0.000"><error message="failed on setup with &quot;AssertionError: login failed admin@birthright.org: 401 {&quot;detail&quot;:&quot;Invalid email or password&quot;}&#10;assert 401 == 200&#10; +  where 401 = &lt;Response [401]&gt;.status_code&quot;">E   AssertionError: login failed admin@birthright.org: 401 {"detail":"Invalid email or password"}
    assert 401 == 200
     +  where 401 = &lt;Response [401]&gt;.status_code</error></testcase><testcase classname="tests.test_iter34_counsel_settings.TestValidation" name="test_short_password" time="0.000"><error message="failed on setup with &quot;AssertionError: login failed admin@birthright.org: 401 {&quot;detail&quot;:&quot;Invalid email or password&quot;}&#10;assert 401 == 200&#10; +  where 401 = &lt;Response [401]&gt;.status_code&quot;">E   AssertionError: login failed admin@birthright.org: 401 {"detail":"Invalid email or password"}
    assert 401 == 200
     +  where 401 = &lt;Response [401]&gt;.status_code</error></testcase><testcase classname="tests.test_iter34_counsel_settings.TestValidation" name="test_bad_email" time="0.000"><error message="failed on setup with &quot;AssertionError: login failed admin@birthright.org: 401 {&quot;detail&quot;:&quot;Invalid email or password&quot;}&#10;assert 401 == 200&#10; +  where 401 = &lt;Response [401]&gt;.status_code&quot;">E   AssertionError: login failed admin@birthright.org: 401 {"detail":"Invalid email or password"}
    assert 401 == 200
     +  where 401 = &lt;Response [401]&gt;.status_code</error></testcase><testcase classname="tests.test_iter34_counsel_settings.TestValidation" name="test_empty_payload" time="0.000"><error message="failed on setup with &quot;AssertionError: login failed admin@birthright.org: 401 {&quot;detail&quot;:&quot;Invalid email or password&quot;}&#10;assert 401 == 200&#10; +  where 401 = &lt;Response [401]&gt;.status_code&quot;">E   AssertionError: login failed admin@birthright.org: 401 {"detail":"Invalid email or password"}
    assert 401 == 200
     +  where 401 = &lt;Response [401]&gt;.status_code</error></testcase><testcase classname="tests.test_iter34_counsel_settings.TestValidation" name="test_email_collision_conflict" time="0.000"><error message="failed on setup with &quot;AssertionError: login failed admin@birthright.org: 401 {&quot;detail&quot;:&quot;Invalid email or password&quot;}&#10;assert 401 == 200&#10; +  where 401 = &lt;Response [401]&gt;.status_code&quot;">E   AssertionError: login failed admin@birthright.org: 401 {"detail":"Invalid email or password"}
    assert 401 == 200
     +  where 401 = &lt;Response [401]&gt;.status_code</error></testcase><testcase classname="tests.test_iter34_counsel_settings.TestValidation" name="test_counsel_cannot_rotate" time="0.000"><error message="failed on setup with &quot;AssertionError: login failed admin@birthright.org: 401 {&quot;detail&quot;:&quot;Invalid email or password&quot;}&#10;assert 401 == 200&#10; +  where 401 = &lt;Response [401]&gt;.status_code&quot;">E   AssertionError: login failed admin@birthright.org: 401 {"detail":"Invalid email or password"}
    assert 401 == 200
     +  where 401 = &lt;Response [401]&gt;.status_code</error></testcase><testcase classname="tests.test_iter34_counsel_settings.TestRotateFlow" name="test_rotate_and_login" time="0.000"><error message="failed on setup with &quot;AssertionError: login failed admin@birthright.org: 401 {&quot;detail&quot;:&quot;Invalid email or password&quot;}&#10;assert 401 == 200&#10; +  where 401 = &lt;Response [401]&gt;.status_code&quot;">E   AssertionError: login failed admin@birthright.org: 401 {"detail":"Invalid email or password"}
    assert 401 == 200
     +  where 401 = &lt;Response [401]&gt;.status_code</error></testcase><testcase classname="tests.test_iter34_counsel_settings.TestRotateFlow" name="test_persistence_after_restart" time="0.000"><error message="failed on setup with &quot;AssertionError: login failed admin@birthright.org: 401 {&quot;detail&quot;:&quot;Invalid email or password&quot;}&#10;assert 401 == 200&#10; +  where 401 = &lt;Response [401]&gt;.status_code&quot;">E   AssertionError: login failed admin@birthright.org: 401 {"detail":"Invalid email or password"}
    assert 401 == 200
     +  where 401 = &lt;Response [401]&gt;.status_code</error></testcase><testcase classname="tests.test_iter35_counsel_settings_strict.TestCounselStrictGate" name="test_counsel_get_forbidden" time="0.115"><error message="failed on setup with &quot;AssertionError: login failed counsel@birthright.org: 401 {&quot;detail&quot;:&quot;Invalid email or password&quot;}&#10;assert 401 == 200&#10; +  where 401 = &lt;Response [401]&gt;.status_code&quot;">E   AssertionError: login failed counsel@birthright.org: 401 {"detail":"Invalid email or password"}
    assert 401 == 200
     +  where 401 = &lt;Response [401]&gt;.status_code</error></testcase><testcase classname="tests.test_iter35_counsel_settings_strict.TestCounselStrictGate" name="test_counsel_rotate_forbidden" time="0.000"><error message="failed on setup with &quot;AssertionError: login failed counsel@birthright.org: 401 {&quot;detail&quot;:&quot;Invalid email or password&quot;}&#10;assert 401 == 200&#10; +  where 401 = &lt;Response [401]&gt;.status_code&quot;">E   AssertionError: login failed counsel@birthright.org: 401 {"detail":"Invalid email or password"}
    assert 401 == 200
     +  where 401 = &lt;Response [401]&gt;.status_code</error></testcase><testcase classname="tests.test_iter35_counsel_settings_strict.TestCounselStrictGate" name="test_counsel_credentials_unchanged_after_attempt" time="0.119"><failure message="AssertionError: login failed counsel@birthright.org: 401 {&quot;detail&quot;:&quot;Invalid email or password&quot;}&#10;assert 401 == 200&#10; +  where 401 = &lt;Response [401]&gt;.status_code">E   AssertionError: login failed counsel@birthright.org: 401 {"detail":"Invalid email or password"}
    assert 401 == 200
     +  where 401 = &lt;Response [401]&gt;.status_code</failure></testcase><testcase classname="tests.test_iter35_counsel_settings_strict.TestAdminRegression" name="test_admin_get_ok" time="0.116"><error message="failed on setup with &quot;AssertionError: login failed admin@birthright.org: 401 {&quot;detail&quot;:&quot;Invalid email or password&quot;}&#10;assert 401 == 200&#10; +  where 401 = &lt;Response [401]&gt;.status_code&quot;">E   AssertionError: login failed admin@birthright.org: 401 {"detail":"Invalid email or password"}
    assert 401 == 200
     +  where 401 = &lt;Response [401]&gt;.status_code</error></testcase><testcase classname="tests.test_iter35_counsel_settings_strict.TestAdminRegression" name="test_admin_rotate_and_restore" time="0.000"><error message="failed on setup with &quot;AssertionError: login failed admin@birthright.org: 401 {&quot;detail&quot;:&quot;Invalid email or password&quot;}&#10;assert 401 == 200&#10; +  where 401 = &lt;Response [401]&gt;.status_code&quot;">E   AssertionError: login failed admin@birthright.org: 401 {"detail":"Invalid email or password"}
    assert 401 == 200
     +  where 401 = &lt;Response [401]&gt;.status_code</error></testcase><testcase classname="tests.test_iter36_counsel_session_setpw.TestDoc" name="test_cloudflare_resend_doc" time="0.003" /><testcase classname="tests.test_iter36_counsel_session_setpw.TestSessionRevocation" name="test_revocation_kills_old_token" time="0.120"><failure message="AssertionError: login failed for counsel@birthright.org: 401 {&quot;detail&quot;:&quot;Invalid email or password&quot;}&#10;assert 401 == 200&#10; +  where 401 = &lt;Response [401]&gt;.status_code">E   AssertionError: login failed for counsel@birthright.org: 401 {"detail":"Invalid email or password"}
    assert 401 == 200
     +  where 401 = &lt;Response [401]&gt;.status_code</failure></testcase><testcase classname="tests.test_iter36_counsel_session_setpw.TestSendLink" name="test_send_link_happy" time="0.131"><failure message="AssertionError: login failed for admin@birthright.org: 401 {&quot;detail&quot;:&quot;Invalid email or password&quot;}&#10;assert 401 == 200&#10; +  where 401 = &lt;Response [401]&gt;.status_code">E   AssertionError: login failed for admin@birthright.org: 401 {"detail":"Invalid email or password"}
    assert 401 == 200
     +  where 401 = &lt;Response [401]&gt;.status_code</failure></testcase><testcase classname="tests.test_iter36_counsel_session_setpw.TestSendLink" name="test_send_link_counsel_forbidden" time="0.106"><failure message="AssertionError: login failed for counsel@birthright.org: 401 {&quot;detail&quot;:&quot;Invalid email or password&quot;}&#10;assert 401 == 200&#10; +  where 401 = &lt;Response [401]&gt;.status_code">E   AssertionError: login failed for counsel@birthright.org: 401 {"detail":"Invalid email or password"}
    assert 401 == 200
     +  where 401 = &lt;Response [401]&gt;.status_code</failure></testcase><testcase classname="tests.test_iter36_counsel_session_setpw.TestSetPasswordFromToken" name="test_happy_path_and_session_kill" time="0.116"><failure message="AssertionError: login failed for counsel@birthright.org: 401 {&quot;detail&quot;:&quot;Invalid email or password&quot;}&#10;assert 401 == 200&#10; +  where 401 = &lt;Response [401]&gt;.status_code">E   AssertionError: login failed for counsel@birthright.org: 401 {"detail":"Invalid email or password"}
    assert 401 == 200
     +  where 401 = &lt;Response [401]&gt;.status_code</failure></testcase><testcase classname="tests.test_iter36_counsel_session_setpw.TestSetPasswordFromToken" name="test_missing_token" time="0.124" /><testcase classname="tests.test_iter36_counsel_session_setpw.TestSetPasswordFromToken" name="test_unknown_token" time="0.114" /><testcase classname="tests.test_iter36_counsel_session_setpw.TestSetPasswordFromToken" name="test_expired_token" time="0.002"><failure message="AssertionError: counsel user not seeded&#10;assert None">E   AssertionError: counsel user not seeded
    assert None</failure></testcase><testcase classname="tests.test_iter36_counsel_session_setpw.TestSetPasswordFromToken" name="test_short_password" time="0.001"><failure message="AssertionError: counsel user not seeded&#10;assert None">E   AssertionError: counsel user not seeded
    assert None</failure></testcase><testcase classname="tests.test_iter36_counsel_session_setpw.TestSetPasswordFromToken" name="test_short_password" time="0.139"><error message="failed on teardown with &quot;AssertionError: login failed for admin@birthright.org: 401 {&quot;detail&quot;:&quot;Invalid email or password&quot;}&#10;assert 401 == 200&#10; +  where 401 = &lt;Response [401]&gt;.status_code&quot;">E   AssertionError: login failed for admin@birthright.org: 401 {"detail":"Invalid email or password"}
    assert 401 == 200
     +  where 401 = &lt;Response [401]&gt;.status_code</error></testcase><testcase classname="tests.test_iter36b_counsel_race_boundary.TestRotateLoginRace" name="test_no_false_revocation_5x" time="0.123"><failure message="AssertionError: login failed for admin@birthright.org: 401 {&quot;detail&quot;:&quot;Invalid email or password&quot;}&#10;assert 401 == 200&#10; +  where 401 = &lt;Response [401]&gt;.status_code">E   AssertionError: login failed for admin@birthright.org: 401 {"detail":"Invalid email or password"}
    assert 401 == 200
     +  where 401 = &lt;Response [401]&gt;.status_code</failure></testcase><testcase classname="tests.test_iter36b_counsel_race_boundary.TestOlderTokenStillRevoked" name="test_old_token_revoked" time="0.130"><failure message="AssertionError: login failed for counsel@birthright.org: 401 {&quot;detail&quot;:&quot;Invalid email or password&quot;}&#10;assert 401 == 200&#10; +  where 401 = &lt;Response [401]&gt;.status_code">E   AssertionError: login failed for counsel@birthright.org: 401 {"detail":"Invalid email or password"}
    assert 401 == 200
     +  where 401 = &lt;Response [401]&gt;.status_code</failure></testcase><testcase classname="tests.test_iter36b_counsel_race_boundary.TestSameSecondBoundary" name="test_same_second_iat_accepted" time="0.002"><failure message="AssertionError: counsel user not seeded&#10;assert None">E   AssertionError: counsel user not seeded
    assert None</failure></testcase><testcase classname="tests.test_iter36b_counsel_race_boundary.TestSameSecondBoundary" name="test_same_second_iat_accepted" time="0.143"><error message="failed on teardown with &quot;AssertionError: login failed for admin@birthright.org: 401 {&quot;detail&quot;:&quot;Invalid email or password&quot;}&#10;assert 401 == 200&#10; +  where 401 = &lt;Response [401]&gt;.status_code&quot;">E   AssertionError: login failed for admin@birthright.org: 401 {"detail":"Invalid email or password"}
    assert 401 == 200
     +  where 401 = &lt;Response [401]&gt;.status_code</error></testcase><testcase classname="tests.test_iter38_counsel_iat_ms.TestIatMsClaim" name="test_fresh_token_has_iat_ms" time="0.149"><failure message="AssertionError: login failed for counsel@birthright.org: 401 {&quot;detail&quot;:&quot;Invalid email or password&quot;}&#10;assert 401 == 200&#10; +  where 401 = &lt;Response [401]&gt;.status_code">E   AssertionError: login failed for counsel@birthright.org: 401 {"detail":"Invalid email or password"}
    assert 401 == 200
     +  where 401 = &lt;Response [401]&gt;.status_code</failure></testcase><testcase classname="tests.test_iter38_counsel_iat_ms.TestSameSecondRevocation" name="test_same_second_revocation_5x" time="0.166"><failure message="AssertionError: login failed for admin@birthright.org: 401 {&quot;detail&quot;:&quot;Invalid email or password&quot;}&#10;assert 401 == 200&#10; +  where 401 = &lt;Response [401]&gt;.status_code">E   AssertionError: login failed for admin@birthright.org: 401 {"detail":"Invalid email or password"}
    assert 401 == 200
     +  where 401 = &lt;Response [401]&gt;.status_code</failure></testcase><testcase classname="tests.test_iter38_counsel_iat_ms.TestFreshLoginAfterRotate" name="test_fresh_login_after_rotate_5x" time="0.132"><failure message="AssertionError: login failed for admin@birthright.org: 401 {&quot;detail&quot;:&quot;Invalid email or password&quot;}&#10;assert 401 == 200&#10; +  where 401 = &lt;Response [401]&gt;.status_code">E   AssertionError: login failed for admin@birthright.org: 401 {"detail":"Invalid email or password"}
    assert 401 == 200
     +  where 401 = &lt;Response [401]&gt;.status_code</failure></testcase><testcase classname="tests.test_iter38_counsel_iat_ms.TestOlderTokenRegression" name="test_older_token_revoked" time="0.137"><failure message="AssertionError: login failed for counsel@birthright.org: 401 {&quot;detail&quot;:&quot;Invalid email or password&quot;}&#10;assert 401 == 200&#10; +  where 401 = &lt;Response [401]&gt;.status_code">E   AssertionError: login failed for counsel@birthright.org: 401 {"detail":"Invalid email or password"}
    assert 401 == 200
     +  where 401 = &lt;Response [401]&gt;.status_code</failure></testcase><testcase classname="tests.test_iter38_counsel_iat_ms.TestOlderTokenRegression" name="test_older_token_revoked" time="0.125"><error message="failed on teardown with &quot;AssertionError: login failed for admin@birthright.org: 401 {&quot;detail&quot;:&quot;Invalid email or password&quot;}&#10;assert 401 == 200&#10; +  where 401 = &lt;Response [401]&gt;.status_code&quot;">E   AssertionError: login failed for admin@birthright.org: 401 {"detail":"Invalid email or password"}
    assert 401 == 200
     +  where 401 = &lt;Response [401]&gt;.status_code</error></testcase></testsuite></testsuites>