<?xml version="1.0" encoding="utf-8"?><testsuites name="pytest tests"><testsuite name="pytest" errors="0" failures="0" skipped="1" tests="28" time="22.204" timestamp="2026-08-04T23:51:36.983607+00:00" hostname="agent-env-21f9466c-5498-45d7-81a6-dbe438116ad1"><testcase classname="tests.test_iter51_mentions_rollback_preview.TestMentionParsing" name="test_mentions_field[TEST_iter51 hey @admin and @counsel please look-expected0]" time="1.211" /><testcase classname="tests.test_iter51_mentions_rollback_preview.TestMentionParsing" name="test_mentions_field[TEST_iter51 @Admin @COUNSEL mixed case-expected1]" time="0.050" /><testcase classname="tests.test_iter51_mentions_rollback_preview.TestMentionParsing" name="test_mentions_field[TEST_iter51 @counsel first then @admin-expected2]" time="0.054" /><testcase classname="tests.test_iter51_mentions_rollback_preview.TestMentionParsing" name="test_mentions_field[TEST_iter51 @adminfoo is not a mention-expected3]" time="0.051" /><testcase classname="tests.test_iter51_mentions_rollback_preview.TestMentionParsing" name="test_mentions_field[TEST_iter51 @counsellor not matched either-expected4]" time="0.048" /><testcase classname="tests.test_iter51_mentions_rollback_preview.TestMentionParsing" name="test_mentions_field[TEST_iter51 @dev @support @legalteam ignored-expected5]" time="0.068" /><testcase classname="tests.test_iter51_mentions_rollback_preview.TestMentionParsing" name="test_mentions_field[TEST_iter51 plain body no mentions-expected6]" time="0.059" /><testcase classname="tests.test_iter51_mentions_rollback_preview.TestMentionParsing" name="test_mentions_field[TEST_iter51 dedup @admin @admin @admin-expected7]" time="0.096" /><testcase classname="tests.test_iter51_mentions_rollback_preview.TestMentionParsing" name="test_mentions_field[TEST_iter51 punctuation @admin, and @counsel.-expected8]" time="0.050" /><testcase classname="tests.test_iter51_mentions_rollback_preview.TestMentionParsing" name="test_mentions_field[TEST_iter51 email like foo@admin.com-expected9]" time="0.052" /><testcase classname="tests.test_iter51_mentions_rollback_preview.TestMentionParsing" name="test_mentions_persisted_on_get" time="0.107" /><testcase classname="tests.test_iter51_mentions_rollback_preview.TestMentionEmails" name="test_counsel_mentions_admin_emails_admin" time="1.554" /><testcase classname="tests.test_iter51_mentions_rollback_preview.TestMentionEmails" name="test_general_note_anchor_in_subject" time="1.552" /><testcase classname="tests.test_iter51_mentions_rollback_preview.TestMentionEmails" name="test_admin_mentions_counsel_emails_counsel" time="1.563" /><testcase classname="tests.test_iter51_mentions_rollback_preview.TestMentionEmails" name="test_admin_mentions_both_roles" time="1.560" /><testcase classname="tests.test_iter51_mentions_rollback_preview.TestMentionEmails" name="test_self_mention_only_recipient_sends_nothing" time="6.056" /><testcase classname="tests.test_iter51_mentions_rollback_preview.TestMentionEmails" name="test_no_mentions_sends_no_email" time="4.058" /><testcase classname="tests.test_iter51_mentions_rollback_preview.TestMentionUnit" name="test_parse_mentions_unit" time="0.233" /><testcase classname="tests.test_iter51_mentions_rollback_preview.TestMentionUnit" name="test_email_mentions_with_no_matching_users" time="0.078" /><testcase classname="tests.test_iter51_mentions_rollback_preview.TestRollbackPreview" name="test_shape_and_values" time="2.984" /><testcase classname="tests.test_iter51_mentions_rollback_preview.TestRollbackPreview" name="test_counsel_can_read_preview" time="0.055" /><testcase classname="tests.test_iter51_mentions_rollback_preview.TestRollbackPreview" name="test_requires_auth" time="0.121" /><testcase classname="tests.test_iter51_mentions_rollback_preview.TestRollbackPreview" name="test_unknown_ratification_404" time="0.060" /><testcase classname="tests.test_iter51_mentions_rollback_preview.TestRollbackPreview" name="test_unknown_slug_404" time="0.065" /><testcase classname="tests.test_iter51_mentions_rollback_preview.TestRollbackPreview" name="test_ratification_of_other_slug_404" time="0.001"><skipped type="pytest.skip" message="no ratification for another slug available">/app/backend/tests/test_iter51_mentions_rollback_preview.py:385: no ratification for another slug available</skipped></testcase><testcase classname="tests.test_iter51_mentions_rollback_preview.TestRollbackPreview" name="test_missing_snapshot_400" time="0.055" /><testcase classname="tests.test_iter51_mentions_rollback_preview.TestRollbackPreview" name="test_preview_has_no_side_effects" time="0.057" /><testcase classname="tests.test_iter51_mentions_rollback_preview.TestRollbackPreview" name="test_identical_snapshot_preview_matches_current" time="0.120" /></testsuite></testsuites>