<?xml version="1.0" encoding="utf-8"?><testsuites name="pytest tests"><testsuite name="pytest" errors="0" failures="0" skipped="1" tests="6" time="2.843" timestamp="2026-05-25T15:41:47.172072+00:00" hostname="agent-env-21f9466c-5498-45d7-81a6-dbe438116ad1"><testcase classname="tests.test_iter28_welcome_navigation.TestWelcomeCredit" name="test_new_partner_approval_grants_welcome_credit" time="1.051" /><testcase classname="tests.test_iter28_welcome_navigation.TestWelcomeCredit" name="test_welcome_credit_is_idempotent" time="0.000" /><testcase classname="tests.test_iter28_welcome_navigation.TestOutOfFunds402" name="test_research_collab_402_with_min_message" time="1.012"><skipped type="pytest.skip" message="negative admin grant not supported: 422 {&quot;detail&quot;:[{&quot;type&quot;:&quot;greater_than&quot;,&quot;loc&quot;:[&quot;body&quot;,&quot;amount_usd&quot;],&quot;msg&quot;:&quot;Input should be greater than 0&quot;,&quot;input&quot;:-1.0,&quot;ctx&quot;:{&quot;gt&quot;:0.0},&quot;url&quot;:&quot;https://errors.pydantic.dev/2.13/v/greater_than&quot;}]}">/app/backend/tests/test_iter28_welcome_navigation.py:131: negative admin grant not supported: 422 {"detail":[{"type":"greater_than","loc":["body","amount_usd"],"msg":"Input should be greater than 0","input":-1.0,"ctx":{"gt":0.0},"url":"https://errors.pydantic.dev/2.13/v/greater_than"}]}</skipped></testcase><testcase classname="tests.test_iter28_welcome_navigation.TestAiOverviewPage" name="test_ai_marketing_page_renders" time="0.115" /><testcase classname="tests.test_iter28_welcome_navigation.TestAutoRechargeWiring" name="test_auto_recharge_persists" time="0.590" /><testcase classname="tests.test_iter28_welcome_navigation.TestAutoRechargeWiring" name="test_maybe_send_auto_recharge_email_exists" time="0.000" /></testsuite></testsuites>