<?xml version="1.0" encoding="utf-8"?><testsuites name="pytest tests"><testsuite name="pytest" errors="0" failures="0" skipped="0" tests="23" time="50.717" timestamp="2026-05-25T13:46:14.442274+00:00" hostname="agent-env-21f9466c-5498-45d7-81a6-dbe438116ad1"><testcase classname="tests.test_iter27_ai_billing.TestAiWalletMe" name="test_wallet_me_for_signed_in_user" time="0.484" /><testcase classname="tests.test_iter27_ai_billing.TestAiWalletMe" name="test_wallet_me_requires_auth" time="0.119" /><testcase classname="tests.test_iter27_ai_billing.TestAutoRecharge" name="test_set_auto_recharge" time="0.595" /><testcase classname="tests.test_iter27_ai_billing.TestAutoRecharge" name="test_auto_recharge_validation" time="0.458" /><testcase classname="tests.test_iter27_ai_billing.TestTopupCheckout" name="test_topup_checkout_returns_stripe_url" time="0.950" /><testcase classname="tests.test_iter27_ai_billing.TestTopupCheckout" name="test_topup_min_validation" time="0.474" /><testcase classname="tests.test_iter27_ai_billing.TestTopupCheckout" name="test_topup_max_validation" time="0.459" /><testcase classname="tests.test_iter27_ai_billing.TestAdminAiWallet" name="test_admin_grant_credits_user_wallet" time="1.363" /><testcase classname="tests.test_iter27_ai_billing.TestAdminAiWallet" name="test_admin_grant_requires_admin" time="0.445" /><testcase classname="tests.test_iter27_ai_billing.TestAdminAiWallet" name="test_admin_usage_report" time="0.456" /><testcase classname="tests.test_iter27_ai_billing.TestAdminAiWallet" name="test_admin_usage_report_requires_admin" time="0.460" /><testcase classname="tests.test_iter27_ai_billing.TestResearchCollab" name="test_admin_blocked_from_research_collab" time="0.486" /><testcase classname="tests.test_iter27_ai_billing.TestResearchCollab" name="test_demo_blocked_from_research_collab" time="0.472" /><testcase classname="tests.test_iter27_ai_billing.TestResearchCollab" name="test_elena_research_partner_grant_balance" time="1.161" /><testcase classname="tests.test_iter27_ai_billing.TestResearchCollab" name="test_elena_synthesize_literature_live" time="15.890" /><testcase classname="tests.test_iter27_ai_billing.TestResearchCollab" name="test_elena_suggest_tags_live" time="4.479" /><testcase classname="tests.test_iter27_ai_billing.TestVendorAi" name="test_admin_blocked_from_vendor_ai" time="0.494" /><testcase classname="tests.test_iter27_ai_billing.TestVendorAi" name="test_david_write_description_live" time="7.455" /><testcase classname="tests.test_iter27_ai_billing.TestVendorAi" name="test_david_suggest_price_live" time="4.169" /><testcase classname="tests.test_iter27_ai_billing.TestAssistantMetering" name="test_anon_chat_no_balance_gate" time="2.427" /><testcase classname="tests.test_iter27_ai_billing.TestAssistantMetering" name="test_participant_chat_no_balance_gate" time="2.917" /><testcase classname="tests.test_iter27_ai_billing.TestAssistantMetering" name="test_my_sessions_last_empty_for_brand_new_session" time="0.426" /><testcase classname="tests.test_iter27_ai_billing.TestAssistantMetering" name="test_my_sessions_last_after_chat" time="3.998" /></testsuite></testsuites>