<?xml version="1.0" encoding="utf-8"?><testsuites name="pytest tests"><testsuite name="pytest" errors="0" failures="0" skipped="0" tests="14" time="3.256" timestamp="2026-06-01T06:26:06.794413+00:00" hostname="agent-env-21f9466c-5498-45d7-81a6-dbe438116ad1"><testcase classname="tests.test_iter44_agreement_v2" name="test_versions_list" time="0.466" /><testcase classname="tests.test_iter44_agreement_v2" name="test_default_v2_draft" time="0.097" /><testcase classname="tests.test_iter44_agreement_v2" name="test_default_v2_draft_requires_admin" time="0.432" /><testcase classname="tests.test_iter44_agreement_v2" name="test_signatures_hydration" time="0.202" /><testcase classname="tests.test_iter44_agreement_v2" name="test_elena_blocked_actions" time="0.105" /><testcase classname="tests.test_iter44_agreement_v2" name="test_gate_fires_research" time="0.111" /><testcase classname="tests.test_iter44_agreement_v2" name="test_gate_fires_w9" time="0.100" /><testcase classname="tests.test_iter44_agreement_v2" name="test_gate_fires_payout_method" time="0.115" /><testcase classname="tests.test_iter44_agreement_v2" name="test_admin_bypass_studio" time="0.102" /><testcase classname="tests.test_iter44_agreement_v2" name="test_admin_bypass_research" time="0.106" /><testcase classname="tests.test_iter44_agreement_v2" name="test_admin_bypass_w9" time="0.122" /><testcase classname="tests.test_iter44_agreement_v2" name="test_active_version_returns_body" time="0.108" /><testcase classname="tests.test_iter44_agreement_v2" name="test_demo_sign_flow" time="0.655" /><testcase classname="tests.test_iter44_agreement_v2" name="test_publish_new_version_and_rollback" time="0.474" /></testsuite></testsuites>