<?xml version="1.0" encoding="utf-8"?><testsuites name="pytest tests"><testsuite name="pytest" errors="0" failures="1" skipped="0" tests="49" time="22.451" timestamp="2026-08-04T18:40:22.118206+00:00" hostname="agent-env-21f9466c-5498-45d7-81a6-dbe438116ad1"><testcase classname="tests.test_iter32_counsel_guide.TestCounselAuth" name="test_counsel_login_role" time="0.408" /><testcase classname="tests.test_iter32_counsel_guide.TestLegalDocs" name="test_docs_index_contains_counsel_entries" time="0.399" /><testcase classname="tests.test_iter32_counsel_guide.TestLegalDocs" name="test_counsel_guide_draft_download" time="0.203" /><testcase classname="tests.test_iter32_counsel_guide.TestLegalDocs" name="test_counsel_review_plan_draft_download" time="0.136" /><testcase classname="tests.test_iter32_counsel_guide.TestLegalDocs" name="test_briefing_docx_and_md_fast_path" time="0.171" /><testcase classname="tests.test_iter32_counsel_guide.TestLegalDocs" name="test_counsel_guide_md_has_correct_password" time="0.000" /><testcase classname="tests.test_iter32_counsel_guide.TestLegalDocs" name="test_counsel_guide_advises_pushing_billable_work_to_admin" time="0.000" /><testcase classname="tests.test_iter32_counsel_guide.TestPublicLegal" name="test_pages_six_slugs" time="0.138" /><testcase classname="tests.test_iter32_counsel_guide.TestPublicLegal" name="test_page_terms_body" time="0.192" /><testcase classname="tests.test_iter32_counsel_guide.TestPublicLegal" name="test_history_and_rss" time="0.294" /><testcase classname="tests.test_iter32_counsel_guide.TestCounselWrites" name="test_counsel_can_read_comments" time="0.079" /><testcase classname="tests.test_iter32_counsel_guide.TestCounselWrites" name="test_counsel_can_post_comment" time="0.126" /><testcase classname="tests.test_iter32_counsel_guide.TestCounselWrites" name="test_counsel_ratification_blocked" time="0.064" /><testcase classname="tests.test_iter32_counsel_guide.TestCounselWrites" name="test_counsel_rebuild_blocked" time="0.181" /><testcase classname="tests.test_iter32_counsel_guide.TestCounselWrites" name="test_admin_ratification_succeeds_and_revoke" time="0.631" /><testcase classname="tests.test_iter32_counsel_guide.TestCounselWrites" name="test_admin_rebuild_docx" time="1.304" /><testcase classname="tests.test_iter32_counsel_guide" name="test_zz_cleanup_comments" time="0.068" /><testcase classname="tests.test_iter32_counsel_guide.TestHelpKB" name="test_counsel_fast_path_kb" time="0.148" /><testcase classname="tests.test_iter32_counsel_guide.TestHelpKB" name="test_counsel_redline_kb" time="0.144" /><testcase classname="tests.test_iter32_counsel_guide.TestCounselAllowListScope" name="test_counsel_apply_roundtrip_reachability" time="0.064" /><testcase classname="tests.test_iter32_counsel_guide.TestCounselAllowListScope" name="test_counsel_resolve_comment_reachability" time="0.061" /><testcase classname="tests.test_iter32_counsel_guide" name="test_zzz_cleanup_playwright_comments" time="0.007" /><testcase classname="tests.test_iter33_counsel_allowlist.TestBriefingFastPath" name="test_md_contains_fast_path_near_top" time="0.507" /><testcase classname="tests.test_iter33_counsel_allowlist.TestBriefingFastPath" name="test_docx_contains_fast_path" time="0.107" /><testcase classname="tests.test_iter33_counsel_allowlist.TestCounselAllowList" name="test_comment_create_still_allowed" time="0.185" /><testcase classname="tests.test_iter33_counsel_allowlist.TestCounselAllowList" name="test_apply_roundtrip_blocked" time="0.079" /><testcase classname="tests.test_iter33_counsel_allowlist.TestCounselAllowList" name="test_import_roundtrip_blocked" time="0.084" /><testcase classname="tests.test_iter33_counsel_allowlist.TestCounselAllowList" name="test_resolve_blocked" time="0.084" /><testcase classname="tests.test_iter33_counsel_allowlist.TestCounselAllowList" name="test_export_post_blocked_but_get_allowed" time="0.231" /><testcase classname="tests.test_iter33_counsel_allowlist.TestCounselAllowList" name="test_ratification_post_and_delete_blocked" time="0.164" /><testcase classname="tests.test_iter33_counsel_allowlist.TestCounselAllowList" name="test_rebuild_docx_blocked" time="0.080" /><testcase classname="tests.test_iter33_counsel_allowlist" name="test_history_rss_valid_xml" time="0.132" /><testcase classname="tests.test_iter33_counsel_allowlist" name="test_zzz_cleanup" time="0.007" /><testcase classname="tests.test_iter34_counsel_settings.TestCounselSettingsRead" name="test_get_as_admin" time="0.720" /><testcase classname="tests.test_iter34_counsel_settings.TestCounselSettingsRead" name="test_get_as_participant_forbidden" time="0.508" /><testcase classname="tests.test_iter34_counsel_settings.TestCounselSettingsRead" name="test_get_unauthenticated" time="0.140" /><testcase classname="tests.test_iter34_counsel_settings.TestCounselSettingsRead" name="test_get_as_counsel_actual_behaviour" time="0.501" /><testcase classname="tests.test_iter34_counsel_settings.TestValidation" name="test_short_password" time="0.135" /><testcase classname="tests.test_iter34_counsel_settings.TestValidation" name="test_bad_email" time="0.148" /><testcase classname="tests.test_iter34_counsel_settings.TestValidation" name="test_empty_payload" time="0.139" /><testcase classname="tests.test_iter34_counsel_settings.TestValidation" name="test_email_collision_conflict" time="0.156" /><testcase classname="tests.test_iter34_counsel_settings.TestValidation" name="test_counsel_cannot_rotate" time="0.498" /><testcase classname="tests.test_iter34_counsel_settings.TestRotateFlow" name="test_rotate_and_login" time="1.227" /><testcase classname="tests.test_iter34_counsel_settings.TestRotateFlow" name="test_persistence_after_restart" time="5.713" /><testcase classname="tests.test_iter35_counsel_settings_strict.TestCounselStrictGate" name="test_counsel_get_forbidden" time="0.468"><failure message="AssertionError: expected 403 got 401 {&quot;detail&quot;:&quot;Session revoked. Please sign in again.&quot;}&#10;assert 401 == 403&#10; +  where 401 = &lt;Response [401]&gt;.status_code">tests/test_iter35_counsel_settings_strict.py:48: in test_counsel_get_forbidden
    assert r.status_code == 403, f"expected 403 got {r.status_code} {r.text[:300]}"
E   AssertionError: expected 403 got 401 {"detail":"Session revoked. Please sign in again."}
E   assert 401 == 403
E    +  where 401 = &lt;Response [401]&gt;.status_code</failure></testcase><testcase classname="tests.test_iter35_counsel_settings_strict.TestCounselStrictGate" name="test_counsel_rotate_forbidden" time="0.136" /><testcase classname="tests.test_iter35_counsel_settings_strict.TestCounselStrictGate" name="test_counsel_credentials_unchanged_after_attempt" time="2.841" /><testcase classname="tests.test_iter35_counsel_settings_strict.TestAdminRegression" name="test_admin_get_ok" time="0.723" /><testcase classname="tests.test_iter35_counsel_settings_strict.TestAdminRegression" name="test_admin_rotate_and_restore" time="1.795" /></testsuite></testsuites>