<?xml version="1.0" encoding="utf-8"?><testsuites name="pytest tests"><testsuite name="pytest" errors="0" failures="0" skipped="0" tests="16" time="11.999" timestamp="2026-08-04T22:54:18.880732+00:00" hostname="agent-env-21f9466c-5498-45d7-81a6-dbe438116ad1"><testcase classname="tests.test_iter49_history_timeline.TestReleaseStoresSnapshot" name="test_release_row_has_snapshot_and_summary" time="5.243" /><testcase classname="tests.test_iter49_history_timeline.TestReleaseStoresSnapshot" name="test_change_log_edit_count_matches_summary" time="0.001" /><testcase classname="tests.test_iter49_history_timeline.TestHistoryTimeline" name="test_shape_and_ordering_as_admin" time="0.063" /><testcase classname="tests.test_iter49_history_timeline.TestHistoryTimeline" name="test_counsel_can_read_timeline" time="0.076" /><testcase classname="tests.test_iter49_history_timeline.TestHistoryTimeline" name="test_limit_one" time="0.063" /><testcase classname="tests.test_iter49_history_timeline.TestHistoryTimeline" name="test_limit_clamped_to_50" time="0.061" /><testcase classname="tests.test_iter49_history_timeline.TestHistoryTimeline" name="test_limit_zero_falls_back_to_default" time="0.063" /><testcase classname="tests.test_iter49_history_timeline.TestHistoryTimeline" name="test_negative_limit_clamped_to_one" time="0.061" /><testcase classname="tests.test_iter49_history_timeline.TestHistoryTimeline" name="test_unknown_slug_returns_empty" time="0.068" /><testcase classname="tests.test_iter49_history_timeline.TestHistoryTimeline" name="test_requires_auth" time="0.153" /><testcase classname="tests.test_iter49_history_timeline.TestLegacyRowNoRollback" name="test_legacy_row_can_rollback_false_and_400" time="0.133" /><testcase classname="tests.test_iter49_history_timeline.TestRollback" name="test_counsel_forbidden" time="0.082" /><testcase classname="tests.test_iter49_history_timeline.TestRollback" name="test_unknown_ratification_404" time="0.063" /><testcase classname="tests.test_iter49_history_timeline.TestRollback" name="test_rollback_restores_content_and_discards_wd" time="1.424" /><testcase classname="tests.test_iter49_history_timeline.TestRollback" name="test_rollback_without_reason_still_works" time="1.257" /><testcase classname="tests.test_iter49_history_timeline.TestRollback" name="test_rollback_no_open_wd_reports_false" time="3.020" /></testsuite></testsuites>