<?xml version="1.0" encoding="utf-8"?><testsuites name="pytest tests"><testsuite name="pytest" errors="0" failures="0" skipped="0" tests="21" time="3.239" timestamp="2026-05-25T00:00:36.803025+00:00" hostname="agent-env-21f9466c-5498-45d7-81a6-dbe438116ad1"><testcase classname="backend.tests.test_iter15_foundation_roles.TestPublicFoundationRoles" name="test_list_open_roles" time="0.153" /><testcase classname="backend.tests.test_iter15_foundation_roles.TestPublicFoundationRoles" name="test_get_single_role" time="0.112" /><testcase classname="backend.tests.test_iter15_foundation_roles.TestPublicFoundationRoles" name="test_get_unknown_role_404" time="0.116" /><testcase classname="backend.tests.test_iter15_foundation_roles.TestApplicationSubmission" name="test_submit_valid_application" time="0.114" /><testcase classname="backend.tests.test_iter15_foundation_roles.TestApplicationSubmission" name="test_submit_unknown_role_404" time="0.106" /><testcase classname="backend.tests.test_iter15_foundation_roles.TestApplicationSubmission" name="test_submit_short_why_drawn_422" time="0.097" /><testcase classname="backend.tests.test_iter15_foundation_roles.TestAdminFoundationRolesAuth" name="test_admin_list_no_auth" time="0.106" /><testcase classname="backend.tests.test_iter15_foundation_roles.TestAdminFoundationRolesAuth" name="test_admin_list_with_auth" time="0.537" /><testcase classname="backend.tests.test_iter15_foundation_roles.TestAdminFoundationRolesCRUD" name="test_create_role" time="0.268" /><testcase classname="backend.tests.test_iter15_foundation_roles.TestAdminFoundationRolesCRUD" name="test_create_duplicate_400" time="0.109" /><testcase classname="backend.tests.test_iter15_foundation_roles.TestAdminFoundationRolesCRUD" name="test_update_role" time="0.118" /><testcase classname="backend.tests.test_iter15_foundation_roles.TestAdminFoundationRolesCRUD" name="test_delete_role" time="0.218" /><testcase classname="backend.tests.test_iter15_foundation_roles.TestAdminApplicationsQueue" name="test_list_no_auth" time="0.108" /><testcase classname="backend.tests.test_iter15_foundation_roles.TestAdminApplicationsQueue" name="test_list_with_status_filter" time="0.116" /><testcase classname="backend.tests.test_iter15_foundation_roles.TestAdminApplicationsQueue" name="test_decision_invalid_status" time="0.224" /><testcase classname="backend.tests.test_iter15_foundation_roles.TestAdminApplicationsQueue" name="test_decision_valid_status_moves" time="0.220" /><testcase classname="backend.tests.test_iter15_foundation_roles.TestAdminApplicationsQueue" name="test_cleanup_test_apps" time="0.000" /><testcase classname="backend.tests.test_iter15_foundation_roles.TestPartnersSamples" name="test_default_excludes_samples" time="0.114" /><testcase classname="backend.tests.test_iter15_foundation_roles.TestPartnersSamples" name="test_samples_only_returns_8" time="0.111" /><testcase classname="backend.tests.test_iter15_foundation_roles.TestPartnersSamples" name="test_samples_filter_by_type" time="0.098" /><testcase classname="backend.tests.test_iter15_foundation_roles.TestPartnersSamples" name="test_get_sample_partner_detail" time="0.098" /></testsuite></testsuites>