<?xml version="1.0" encoding="utf-8"?><testsuites name="pytest tests"><testsuite name="pytest" errors="0" failures="0" skipped="0" tests="25" time="4.765" timestamp="2026-05-23T08:26:53.208433+00:00" hostname="agent-env-21f9466c-5498-45d7-81a6-dbe438116ad1"><testcase classname="backend.tests.test_iter11_referrals_reports.TestReferralRedirect" name="test_invalid_code_redirects_home" time="0.169" /><testcase classname="backend.tests.test_iter11_referrals_reports.TestReferralRedirect" name="test_valid_code_redirects_to_partner_page" time="0.531" /><testcase classname="backend.tests.test_iter11_referrals_reports.TestReferralRedirect" name="test_valid_code_with_workshop_param" time="0.234" /><testcase classname="backend.tests.test_iter11_referrals_reports.TestPartnerEndpoints" name="test_my_link_requires_auth" time="0.109" /><testcase classname="backend.tests.test_iter11_referrals_reports.TestPartnerEndpoints" name="test_my_link_returns_code_and_base_path" time="0.103" /><testcase classname="backend.tests.test_iter11_referrals_reports.TestPartnerEndpoints" name="test_my_link_404_when_no_profile" time="0.420" /><testcase classname="backend.tests.test_iter11_referrals_reports.TestPartnerEndpoints" name="test_my_earnings_returns_summary" time="0.096" /><testcase classname="backend.tests.test_iter11_referrals_reports.TestAdminReferrals" name="test_admin_referrals_requires_admin" time="0.102" /><testcase classname="backend.tests.test_iter11_referrals_reports.TestAdminReferrals" name="test_admin_referrals_earned" time="0.430" /><testcase classname="backend.tests.test_iter11_referrals_reports.TestAdminReferrals" name="test_admin_referrals_paid" time="0.103" /><testcase classname="backend.tests.test_iter11_referrals_reports.TestAdminReferrals" name="test_payout_summary_requires_admin" time="0.121" /><testcase classname="backend.tests.test_iter11_referrals_reports.TestAdminReferrals" name="test_payout_summary_shape" time="0.141" /><testcase classname="backend.tests.test_iter11_referrals_reports.TestMarkPaid" name="test_mark_paid_requires_admin" time="0.115" /><testcase classname="backend.tests.test_iter11_referrals_reports.TestMarkPaid" name="test_mark_paid_changes_status" time="0.108" /><testcase classname="backend.tests.test_iter11_referrals_reports.TestMarkPaid" name="test_mark_paid_idempotent_second_call_400" time="0.105" /><testcase classname="backend.tests.test_iter11_referrals_reports.TestMarkPaid" name="test_mark_paid_404_for_unknown" time="0.104" /><testcase classname="backend.tests.test_iter11_referrals_reports.TestMyReports" name="test_requires_auth" time="0.099" /><testcase classname="backend.tests.test_iter11_referrals_reports.TestMyReports" name="test_demo_reports_shape" time="0.107" /><testcase classname="backend.tests.test_iter11_referrals_reports.TestMyReports" name="test_elena_reports_partner_null" time="0.106" /><testcase classname="backend.tests.test_iter11_referrals_reports.TestAdminReports" name="test_requires_admin" time="0.105" /><testcase classname="backend.tests.test_iter11_referrals_reports.TestAdminReports" name="test_admin_reports_shape" time="0.109" /><testcase classname="backend.tests.test_iter11_referrals_reports.TestCookieCapture" name="test_workshop_checkout_captures_referral_cookie" time="0.721" /><testcase classname="backend.tests.test_iter11_referrals_reports.TestRegression6B2" name="test_subscription_plans_returns_12" time="0.106" /><testcase classname="backend.tests.test_iter11_referrals_reports.TestRegression6B2" name="test_partners_list" time="0.107" /><testcase classname="backend.tests.test_iter11_referrals_reports.TestRegression6B2" name="test_workshops_list" time="0.148" /></testsuite></testsuites>