<?xml version="1.0" encoding="utf-8"?><testsuites name="pytest tests"><testsuite name="pytest" errors="0" failures="0" skipped="0" tests="29" time="62.091" timestamp="2026-05-25T15:42:12.232205+00:00" hostname="agent-env-21f9466c-5498-45d7-81a6-dbe438116ad1"><testcase classname="tests.test_iter27_ai_billing.TestAiWalletMe" name="test_wallet_me_for_signed_in_user" time="0.490" /><testcase classname="tests.test_iter27_ai_billing.TestAiWalletMe" name="test_wallet_me_requires_auth" time="0.142" /><testcase classname="tests.test_iter27_ai_billing.TestAutoRecharge" name="test_set_auto_recharge" time="0.584" /><testcase classname="tests.test_iter27_ai_billing.TestAutoRecharge" name="test_auto_recharge_validation" time="0.480" /><testcase classname="tests.test_iter27_ai_billing.TestTopupCheckout" name="test_topup_checkout_returns_stripe_url" time="0.893" /><testcase classname="tests.test_iter27_ai_billing.TestTopupCheckout" name="test_topup_min_validation" time="0.498" /><testcase classname="tests.test_iter27_ai_billing.TestTopupCheckout" name="test_topup_max_validation" time="0.488" /><testcase classname="tests.test_iter27_ai_billing.TestAdminAiWallet" name="test_admin_grant_credits_user_wallet" time="1.377" /><testcase classname="tests.test_iter27_ai_billing.TestAdminAiWallet" name="test_admin_grant_requires_admin" time="0.459" /><testcase classname="tests.test_iter27_ai_billing.TestAdminAiWallet" name="test_admin_usage_report" time="0.464" /><testcase classname="tests.test_iter27_ai_billing.TestAdminAiWallet" name="test_admin_usage_report_requires_admin" time="0.445" /><testcase classname="tests.test_iter27_ai_billing.TestResearchCollab" name="test_admin_blocked_from_research_collab" time="0.456" /><testcase classname="tests.test_iter27_ai_billing.TestResearchCollab" name="test_demo_blocked_from_research_collab" time="0.437" /><testcase classname="tests.test_iter27_ai_billing.TestResearchCollab" name="test_elena_research_partner_grant_balance" time="1.210" /><testcase classname="tests.test_iter27_ai_billing.TestResearchCollab" name="test_elena_synthesize_literature_live" time="19.486" /><testcase classname="tests.test_iter27_ai_billing.TestResearchCollab" name="test_elena_suggest_tags_live" time="4.088" /><testcase classname="tests.test_iter27_ai_billing.TestVendorAi" name="test_admin_blocked_from_vendor_ai" time="0.465" /><testcase classname="tests.test_iter27_ai_billing.TestVendorAi" name="test_david_write_description_live" time="5.654" /><testcase classname="tests.test_iter27_ai_billing.TestVendorAi" name="test_david_suggest_price_live" time="9.159" /><testcase classname="tests.test_iter27_ai_billing.TestAssistantMetering" name="test_anon_chat_no_balance_gate" time="3.290" /><testcase classname="tests.test_iter27_ai_billing.TestAssistantMetering" name="test_participant_chat_no_balance_gate" time="2.810" /><testcase classname="tests.test_iter27_ai_billing.TestAssistantMetering" name="test_my_sessions_last_empty_for_brand_new_session" time="0.491" /><testcase classname="tests.test_iter27_ai_billing.TestAssistantMetering" name="test_my_sessions_last_after_chat" time="5.154" /><testcase classname="tests.test_iter28_welcome_navigation.TestWelcomeCredit" name="test_new_partner_approval_grants_welcome_credit" time="0.999" /><testcase classname="tests.test_iter28_welcome_navigation.TestWelcomeCredit" name="test_welcome_credit_is_idempotent" time="0.000" /><testcase classname="tests.test_iter28_welcome_navigation.TestOutOfFunds402" name="test_research_collab_402_with_min_message" time="1.285" /><testcase classname="tests.test_iter28_welcome_navigation.TestAiOverviewPage" name="test_ai_marketing_page_renders" time="0.112" /><testcase classname="tests.test_iter28_welcome_navigation.TestAutoRechargeWiring" name="test_auto_recharge_persists" time="0.596" /><testcase classname="tests.test_iter28_welcome_navigation.TestAutoRechargeWiring" name="test_maybe_send_auto_recharge_email_exists" time="0.000" /></testsuite></testsuites>