<?xml version="1.0" encoding="utf-8"?><testsuites name="pytest tests"><testsuite name="pytest" errors="0" failures="0" skipped="0" tests="11" time="3.469" timestamp="2026-08-04T22:37:16.241355+00:00" hostname="agent-env-21f9466c-5498-45d7-81a6-dbe438116ad1"><testcase classname="tests.test_iter48_wd_email_diff.TestMarkReadyEmail" name="test_upload_creates_working_draft" time="0.934" /><testcase classname="tests.test_iter48_wd_email_diff.TestMarkReadyEmail" name="test_mark_ready_returns_email_id" time="0.297" /><testcase classname="tests.test_iter48_wd_email_diff.TestMarkReadyEmail" name="test_recipients_are_all_admins_and_exclude_counsel" time="0.002" /><testcase classname="tests.test_iter48_wd_email_diff.TestMarkReadyEmail" name="test_idempotent_second_mark_ready" time="0.484" /><testcase classname="tests.test_iter48_wd_email_diff.TestMarkReadyEmail" name="test_fanout_to_two_admins" time="0.317" /><testcase classname="tests.test_iter48_wd_email_diff.TestEmailFailureIsolation" name="test_helper_returns_none_when_send_raises" time="0.317" /><testcase classname="tests.test_iter48_wd_email_diff.TestDiffPayload" name="test_fresh_working_draft_payload" time="0.149" /><testcase classname="tests.test_iter48_wd_email_diff.TestDiffPayload" name="test_payload_after_multiple_edits" time="0.221" /><testcase classname="tests.test_iter48_wd_email_diff.TestDiffPayload" name="test_identical_working_draft_diff_payload" time="0.224" /><testcase classname="tests.test_iter48_wd_email_diff.TestDiffPayload" name="test_missing_working_draft_returns_404" time="0.076" /><testcase classname="tests.test_iter48_wd_email_diff.TestDiffPayload" name="test_mark_ready_without_draft_returns_404" time="0.290" /></testsuite></testsuites>