<?xml version="1.0" encoding="utf-8"?><testsuites name="pytest tests"><testsuite name="pytest" errors="0" failures="0" skipped="0" tests="32" time="7.100" timestamp="2026-05-25T06:10:04.569507+00:00" hostname="agent-env-21f9466c-5498-45d7-81a6-dbe438116ad1"><testcase classname="tests.test_iter18_research_payouts.TestResearchPublic" name="test_pricing" time="0.243" /><testcase classname="tests.test_iter18_research_payouts.TestResearchPublic" name="test_list_artifacts_returns_seeded" time="0.115" /><testcase classname="tests.test_iter18_research_payouts.TestResearchPublic" name="test_list_artifacts_query_filter" time="0.155" /><testcase classname="tests.test_iter18_research_payouts.TestResearchPublic" name="test_list_artifacts_category_filter" time="0.157" /><testcase classname="tests.test_iter18_research_payouts.TestResearchPublic" name="test_get_single_artifact" time="0.106" /><testcase classname="tests.test_iter18_research_payouts.TestResearchPublic" name="test_get_artifact_404" time="0.103" /><testcase classname="tests.test_iter18_research_payouts.TestResearchPublic" name="test_promoted_initially_empty" time="0.105" /><testcase classname="tests.test_iter18_research_payouts.TestResearchPartnerSide" name="test_post_artifact_requires_research_profile" time="0.501" /><testcase classname="tests.test_iter18_research_payouts.TestResearchPartnerSide" name="test_elena_has_research_profile" time="0.424" /><testcase classname="tests.test_iter18_research_payouts.TestResearchPartnerSide" name="test_create_artifact_defaults_tier_brief" time="0.115" /><testcase classname="tests.test_iter18_research_payouts.TestResearchPartnerSide" name="test_update_drops_tier_field" time="0.114" /><testcase classname="tests.test_iter18_research_payouts.TestResearchPartnerSide" name="test_promote_checkout_requires_published" time="0.104" /><testcase classname="tests.test_iter18_research_payouts.TestResearchPartnerSide" name="test_publish_then_promote_checkout" time="0.803" /><testcase classname="tests.test_iter18_research_payouts.TestResearchPartnerSide" name="test_delete_artifact" time="0.107" /><testcase classname="tests.test_iter18_research_payouts.TestResearchAdmin" name="test_set_tier_admin_only" time="0.483" /><testcase classname="tests.test_iter18_research_payouts.TestResearchAdmin" name="test_set_tier_invalid" time="0.109" /><testcase classname="tests.test_iter18_research_payouts.TestResearchAdmin" name="test_admin_grant_revoke_promotion" time="0.427" /><testcase classname="tests.test_iter18_research_payouts.TestResearchWebhookFulfillment" name="test_activate_research_promotion_via_handler" time="0.351" /><testcase classname="tests.test_iter18_research_payouts.TestPayoutsLedger" name="test_get_ledger_empty_or_zero" time="0.123" /><testcase classname="tests.test_iter18_research_payouts.TestPayoutsLedger" name="test_get_ledger_authenticated_admin" time="0.115" /><testcase classname="tests.test_iter18_research_payouts.TestPayoutsW9" name="test_get_w9_null_initially" time="0.471" /><testcase classname="tests.test_iter18_research_payouts.TestPayoutsW9" name="test_upsert_w9" time="0.231" /><testcase classname="tests.test_iter18_research_payouts.TestPayoutsW9" name="test_second_put_replaces" time="0.202" /><testcase classname="tests.test_iter18_research_payouts.TestPayoutsMethod" name="test_method_null_initially" time="0.106" /><testcase classname="tests.test_iter18_research_payouts.TestPayoutsMethod" name="test_stripe_connect_requires_account_id" time="0.122" /><testcase classname="tests.test_iter18_research_payouts.TestPayoutsMethod" name="test_stripe_connect_ok" time="0.117" /><testcase classname="tests.test_iter18_research_payouts.TestPayoutsMethod" name="test_manual_ach_requires_all_fields" time="0.102" /><testcase classname="tests.test_iter18_research_payouts.TestPayoutsMethod" name="test_manual_ach_encrypts_account" time="0.233" /><testcase classname="tests.test_iter18_research_payouts.TestAdminPayouts" name="test_credits_list_admin_only" time="0.212" /><testcase classname="tests.test_iter18_research_payouts.TestAdminPayouts" name="test_mark_paid_404_for_unknown" time="0.111" /><testcase classname="tests.test_iter18_research_payouts.TestAdminPayouts" name="test_admin_view_w9" time="0.209" /><testcase classname="tests.test_iter18_research_payouts.TestAdminPayouts" name="test_admin_w9_requires_admin" time="0.108" /></testsuite></testsuites>