<?xml version="1.0" encoding="utf-8"?><testsuites name="pytest tests"><testsuite name="pytest" errors="0" failures="0" skipped="0" tests="34" time="3.508" timestamp="2026-05-25T10:30:58.593747+00:00" hostname="agent-env-21f9466c-5498-45d7-81a6-dbe438116ad1"><testcase classname="backend.tests.test_iter22_disputes.TestFileDispute" name="test_file_dispute_success" time="0.537" /><testcase classname="backend.tests.test_iter22_disputes.TestFileDispute" name="test_reject_self_dispute" time="0.050" /><testcase classname="backend.tests.test_iter22_disputes.TestFileDispute" name="test_reject_missing_respondent" time="0.049" /><testcase classname="backend.tests.test_iter22_disputes.TestFileDispute" name="test_reject_bad_transaction" time="0.046" /><testcase classname="backend.tests.test_iter22_disputes.TestFileDispute" name="test_reject_bad_thread" time="0.048" /><testcase classname="backend.tests.test_iter22_disputes.TestFileDispute" name="test_validation_title_too_short" time="0.048" /><testcase classname="backend.tests.test_iter22_disputes.TestFileDispute" name="test_validation_description_too_short" time="0.049" /><testcase classname="backend.tests.test_iter22_disputes.TestMyDisputes" name="test_my_disputes_role_all" time="0.048" /><testcase classname="backend.tests.test_iter22_disputes.TestMyDisputes" name="test_my_disputes_role_filed" time="0.053" /><testcase classname="backend.tests.test_iter22_disputes.TestMyDisputes" name="test_my_disputes_role_against" time="0.400" /><testcase classname="backend.tests.test_iter22_disputes.TestMyDisputes" name="test_my_dispute_detail_as_filer" time="0.050" /><testcase classname="backend.tests.test_iter22_disputes.TestMyDisputes" name="test_my_dispute_detail_as_respondent" time="0.047" /><testcase classname="backend.tests.test_iter22_disputes.TestMyDisputes" name="test_my_dispute_detail_forbidden_for_outsider" time="0.401" /><testcase classname="backend.tests.test_iter22_disputes.TestAdminList" name="test_admin_list_all" time="0.397" /><testcase classname="backend.tests.test_iter22_disputes.TestAdminList" name="test_admin_list_status_filter" time="0.052" /><testcase classname="backend.tests.test_iter22_disputes.TestAdminList" name="test_admin_list_unassigned" time="0.044" /><testcase classname="backend.tests.test_iter22_disputes.TestAdminList" name="test_non_admin_non_ombuds_forbidden" time="0.048" /><testcase classname="backend.tests.test_iter22_disputes.TestAdminList" name="test_ombudsman_can_list" time="0.049" /><testcase classname="backend.tests.test_iter22_disputes.TestAssign" name="test_assign_rejects_non_ombudsman" time="0.050" /><testcase classname="backend.tests.test_iter22_disputes.TestAssign" name="test_assign_to_elena" time="0.047" /><testcase classname="backend.tests.test_iter22_disputes.TestStatusUpdate" name="test_status_to_under_review" time="0.062" /><testcase classname="backend.tests.test_iter22_disputes.TestStatusUpdate" name="test_status_rejects_terminal" time="0.046" /><testcase classname="backend.tests.test_iter22_disputes.TestStatusUpdate" name="test_status_note_too_short" time="0.045" /><testcase classname="backend.tests.test_iter22_disputes.TestResolve" name="test_resolve_with_credit" time="0.049" /><testcase classname="backend.tests.test_iter22_disputes.TestResolve" name="test_resolve_rejects_already_terminal" time="0.048" /><testcase classname="backend.tests.test_iter22_disputes.TestResolve" name="test_resolve_dismissed_path" time="0.102" /><testcase classname="backend.tests.test_iter22_disputes.TestResolve" name="test_resolve_note_too_short" time="0.098" /><testcase classname="backend.tests.test_iter22_disputes.TestResolve" name="test_resolve_negative_credit_rejected" time="0.094" /><testcase classname="backend.tests.test_iter22_disputes.TestOmbudsmanQueue" name="test_queue_as_admin" time="0.049" /><testcase classname="backend.tests.test_iter22_disputes.TestOmbudsmanQueue" name="test_queue_as_ombudsman" time="0.054" /><testcase classname="backend.tests.test_iter22_disputes.TestOmbudsmanQueue" name="test_queue_forbidden_to_regular_user" time="0.055" /><testcase classname="backend.tests.test_iter22_disputes.TestOmbudsmanQueue" name="test_ombudsman_users_list" time="0.045" /><testcase classname="backend.tests.test_iter22_disputes.TestIter21Regression" name="test_dm_preferences_get" time="0.046" /><testcase classname="backend.tests.test_iter22_disputes.TestIter21Regression" name="test_admin_dm_threads_list" time="0.049" /></testsuite></testsuites>