<?xml version="1.0" encoding="utf-8"?><testsuites name="pytest tests"><testsuite name="pytest" errors="0" failures="0" skipped="0" tests="11" time="5.053" timestamp="2026-05-23T05:30:56.994143+00:00" hostname="agent-env-21f9466c-5498-45d7-81a6-dbe438116ad1"><testcase classname="backend.tests.test_iter8_refactor.TestUserProfileShape" name="test_demo_me_has_governance_flags_and_core_fields" time="1.533" /><testcase classname="backend.tests.test_iter8_refactor.TestUserProfileShape" name="test_admin_me_has_governance_flags" time="0.102" /><testcase classname="backend.tests.test_iter8_refactor.TestDiscussionsRefactor" name="test_non_participant_403" time="0.306" /><testcase classname="backend.tests.test_iter8_refactor.TestDiscussionsRefactor" name="test_participant_can_create" time="0.128" /><testcase classname="backend.tests.test_iter8_refactor.TestDiscussionsRefactor" name="test_facilitator_reply_marks_answered_and_logs_email" time="0.770" /><testcase classname="backend.tests.test_iter8_refactor.TestDiscussionsRefactor" name="test_self_reply_does_not_mark_answered_and_no_email" time="0.308" /><testcase classname="backend.tests.test_iter8_refactor.TestDiscussionsRefactor" name="test_participant_reply_does_not_mark_answered" time="0.346" /><testcase classname="backend.tests.test_iter8_refactor.TestMailerDryRun" name="test_is_real_send_disabled" time="0.000" /><testcase classname="backend.tests.test_iter8_refactor.TestMailerDryRun" name="test_password_reset_request_logs_dry_run_email" time="0.599" /><testcase classname="backend.tests.test_iter8_refactor.TestCancelWorkshopRefactor" name="test_admin_duplicate_then_cancel_full_shape" time="0.475" /><testcase classname="backend.tests.test_iter8_refactor.TestCancelWorkshopRefactor" name="test_non_owning_facilitator_403" time="0.406" /></testsuite></testsuites>