<?xml version="1.0" encoding="utf-8"?><testsuites name="pytest tests"><testsuite name="pytest" errors="0" failures="0" skipped="0" tests="28" time="10.901" timestamp="2026-05-31T10:33:38.047336+00:00" hostname="agent-env-21f9466c-5498-45d7-81a6-dbe438116ad1"><testcase classname="tests.test_iter39_featured_artists" name="test_month_label" time="0.244" /><testcase classname="tests.test_iter39_featured_artists" name="test_human_month_label" time="0.000" /><testcase classname="tests.test_iter39_featured_artists" name="test_nominate_basic" time="0.301" /><testcase classname="tests.test_iter39_featured_artists" name="test_self_nomination_blocked" time="0.283" /><testcase classname="tests.test_iter39_featured_artists" name="test_nomination_reason_length" time="0.328" /><testcase classname="tests.test_iter39_featured_artists" name="test_shortlist_uses_weighted_score" time="0.285" /><testcase classname="tests.test_iter39_featured_artists" name="test_admin_schedule_lifecycle_proposed" time="0.302" /><testcase classname="tests.test_iter39_featured_artists" name="test_cooling_off_blocks_re_feature" time="0.283" /><testcase classname="tests.test_iter39_featured_artists" name="test_monthly_cap_enforced" time="0.279" /><testcase classname="tests.test_iter39_featured_artists" name="test_artist_accept_with_curation" time="0.597" /><testcase classname="tests.test_iter39_featured_artists" name="test_artist_decline" time="0.582" /><testcase classname="tests.test_iter39_featured_artists" name="test_copy_curation_to_gallery" time="0.600" /><testcase classname="tests.test_iter39_featured_artists" name="test_copy_curation_from_gallery" time="0.623" /><testcase classname="tests.test_iter39_featured_artists" name="test_roll_forward_unfeatured_nominations" time="0.323" /><testcase classname="tests.test_iter39_featured_artists" name="test_public_pipeline_returns_three_horizons" time="0.029" /><testcase classname="tests.test_iter39_featured_artists" name="test_pipeline_next_month_shows_only_accepted_curation" time="0.603" /><testcase classname="tests.test_iter39_featured_artists" name="test_public_artist_page_merges_featured_curation" time="0.576" /><testcase classname="tests.test_iter40_statement_position_options" name="test_statement_position_cycle" time="0.000" /><testcase classname="tests.test_iter40_statement_position_options" name="test_statement_position_locked_on_first_active_view" time="0.605" /><testcase classname="tests.test_iter40_statement_position_options" name="test_statement_options_returns_all_five" time="0.551" /><testcase classname="tests.test_iter40_statement_position_options" name="test_statement_options_requires_owner" time="0.327" /><testcase classname="tests.test_iter40_statement_position_options" name="test_signature_statement_max_180" time="0.593" /><testcase classname="tests.test_iter40_statement_position_options" name="test_adjacent_slots_get_different_positions" time="0.532" /><testcase classname="tests.test_iter41_prospects_invites" name="test_prospect_crud_and_interactions" time="0.454" /><testcase classname="tests.test_iter41_prospects_invites" name="test_invite_explore_then_accept" time="0.715" /><testcase classname="tests.test_iter41_prospects_invites" name="test_invite_decline" time="0.390" /><testcase classname="tests.test_iter41_prospects_invites" name="test_admin_list_invites" time="0.271" /><testcase classname="tests.test_iter41_prospects_invites" name="test_non_admin_cannot_access_prospects" time="0.066" /></testsuite></testsuites>