<?xml version="1.0" encoding="utf-8"?><testsuites name="pytest tests"><testsuite name="pytest" errors="0" failures="0" skipped="0" tests="8" time="2.873" timestamp="2026-08-05T20:17:30.470270+00:00" hostname="agent-env-21f9466c-5498-45d7-81a6-dbe438116ad1"><testcase classname="tests.test_iter56_counsel_review_autovisit.TestSlugMapper" name="test_mapper_recognises_all_current_paths" time="0.248" /><testcase classname="tests.test_iter56_counsel_review_autovisit.TestAutoVisited" name="test_counsel_activity_then_auto_visited_true" time="1.135" /><testcase classname="tests.test_iter56_counsel_review_autovisit.TestAutoVisited" name="test_comment_post_counts_as_visit" time="0.292" /><testcase classname="tests.test_iter56_counsel_review_autovisit.TestAutoVisited" name="test_counsel_briefing_prefix_still_matches" time="0.286" /><testcase classname="tests.test_iter56_counsel_review_autovisit.TestAutoVisited" name="test_legacy_draft_path_still_counts" time="0.223" /><testcase classname="tests.test_iter56_counsel_review_autovisit.TestAutoVisited" name="test_admin_activity_not_logged_as_counsel_visit" time="0.232" /><testcase classname="tests.test_iter56_counsel_review_autovisit.TestManualMark" name="test_manual_mark_roundtrip" time="0.326" /><testcase classname="tests.test_iter56_counsel_review_autovisit.TestManualMark" name="test_unknown_slug_404" time="0.065" /></testsuite></testsuites>