<?xml version="1.0" encoding="utf-8"?><testsuites name="pytest tests"><testsuite name="pytest" errors="0" failures="0" skipped="0" tests="16" time="3.127" timestamp="2026-05-25T09:01:37.665808+00:00" hostname="agent-env-21f9466c-5498-45d7-81a6-dbe438116ad1"><testcase classname="backend.tests.test_iter20_subs_step9.TestCancel" name="test_cancel_subscription" time="0.660" /><testcase classname="backend.tests.test_iter20_subs_step9.TestCancel" name="test_cancel_idempotent_rejection" time="0.102" /><testcase classname="backend.tests.test_iter20_subs_step9.TestChangePreview" name="test_preview_returns_expected_shape" time="0.105" /><testcase classname="backend.tests.test_iter20_subs_step9.TestChangePreview" name="test_cross_partner_type_rejected" time="0.110" /><testcase classname="backend.tests.test_iter20_subs_step9.TestChangePlanFree" name="test_free_upgrade_when_credit_covers" time="0.106" /><testcase classname="backend.tests.test_iter20_subs_step9.TestAdminSubscriptions" name="test_admin_list_returns_array" time="0.431" /><testcase classname="backend.tests.test_iter20_subs_step9.TestAdminSubscriptions" name="test_admin_list_filtered" time="0.107" /><testcase classname="backend.tests.test_iter20_subs_step9.TestAdminSubscriptions" name="test_non_admin_cant_list" time="0.134" /><testcase classname="backend.tests.test_iter20_subs_step9.TestAdminSubscriptions" name="test_revoke_requires_reason" time="0.106" /><testcase classname="backend.tests.test_iter20_subs_step9.TestAdminSubscriptions" name="test_revoke_without_refund" time="0.101" /><testcase classname="backend.tests.test_iter20_subs_step9.TestAdminSubscriptions" name="test_revoke_with_refund_records_result" time="0.313" /><testcase classname="backend.tests.test_iter20_subs_step9.TestIter19Regression" name="test_shares_log_via_community_code_sets_cookie" time="0.108" /><testcase classname="backend.tests.test_iter20_subs_step9.TestIter19Regression" name="test_my_bookmarks" time="0.109" /><testcase classname="backend.tests.test_iter20_subs_step9.TestIter19Regression" name="test_admin_ready_to_pay" time="0.107" /><testcase classname="backend.tests.test_iter20_subs_step9.TestIter19Regression" name="test_research_cite" time="0.216" /><testcase classname="backend.tests.test_iter20_subs_step9.TestIter19Regression" name="test_workshop_ics" time="0.219" /></testsuite></testsuites>