<?xml version="1.0" encoding="utf-8"?><testsuites name="pytest tests"><testsuite name="pytest" errors="0" failures="0" skipped="2" tests="22" time="5.949" timestamp="2026-05-25T03:18:58.112495+00:00" hostname="agent-env-21f9466c-5498-45d7-81a6-dbe438116ad1"><testcase classname="backend.tests.test_iter17_featured_founding.TestFeaturedPublic" name="test_pricing_defaults" time="0.171" /><testcase classname="backend.tests.test_iter17_featured_founding.TestFeaturedPublic" name="test_featured_list_returns_array" time="0.111" /><testcase classname="backend.tests.test_iter17_featured_founding.TestFoundingStats" name="test_stats_shape" time="0.110" /><testcase classname="backend.tests.test_iter17_featured_founding.TestFoundingStats" name="test_stats_taken_includes_samples" time="0.111" /><testcase classname="backend.tests.test_iter17_featured_founding.TestFoundingAdmin" name="test_cap_update_admin_only" time="0.108" /><testcase classname="backend.tests.test_iter17_featured_founding.TestFoundingAdmin" name="test_cap_update_persists" time="0.646" /><testcase classname="backend.tests.test_iter17_featured_founding.TestFoundingAdmin" name="test_grant_revoke_on_demo_community" time="0.929" /><testcase classname="backend.tests.test_iter17_featured_founding.TestFoundingAdmin" name="test_grant_unknown_404" time="0.104" /><testcase classname="backend.tests.test_iter17_featured_founding.TestFoundingAdmin" name="test_cap_full_returns_400" time="0.521" /><testcase classname="backend.tests.test_iter17_featured_founding.TestMyFeatured" name="test_my_featured_state" time="0.119" /><testcase classname="backend.tests.test_iter17_featured_founding.TestMyFeatured" name="test_my_featured_no_profile_404" time="0.113" /><testcase classname="backend.tests.test_iter17_featured_founding.TestMyFeatured" name="test_unauth_requires_login" time="0.101" /><testcase classname="backend.tests.test_iter17_featured_founding.TestAdminFeatured" name="test_admin_grant_unknown_404" time="0.110" /><testcase classname="backend.tests.test_iter17_featured_founding.TestAdminFeatured" name="test_admin_grant_then_revoke" time="0.787" /><testcase classname="backend.tests.test_iter17_featured_founding.TestAdminFeatured" name="test_admin_list_protected" time="0.108" /><testcase classname="backend.tests.test_iter17_featured_founding.TestPartnerFeaturedContentEdit" name="test_edit_requires_active_window" time="0.108" /><testcase classname="backend.tests.test_iter17_featured_founding.TestPartnerFeaturedContentEdit" name="test_edit_during_active_window" time="0.329" /><testcase classname="backend.tests.test_iter17_featured_founding.TestFeaturedCheckout" name="test_unknown_partner_type_404" time="0.104" /><testcase classname="backend.tests.test_iter17_featured_founding.TestFeaturedCheckout" name="test_checkout_creates_session" time="0.707" /><testcase classname="backend.tests.test_iter17_featured_founding.TestFeaturedCheckout" name="test_sample_profile_400" time="0.000"><skipped type="pytest.skip" message="Sample-profile rejection path covered by route logic; no sample profile owned by test users.">/app/backend/tests/test_iter17_featured_founding.py:362: Sample-profile rejection path covered by route logic; no sample profile owned by test users.</skipped></testcase><testcase classname="backend.tests.test_iter17_featured_founding.TestWebhookFulfillment" name="test_activate_featured_from_txn_dispatch" time="0.345" /><testcase classname="backend.tests.test_iter17_featured_founding.TestPartnerApplyFounding" name="test_apply_persists_founding_flag" time="0.106"><skipped type="pytest.skip" message="partners/apply requires auth in this env">/app/backend/tests/test_iter17_featured_founding.py:420: partners/apply requires auth in this env</skipped></testcase></testsuite></testsuites>