<?xml version="1.0" encoding="utf-8"?><testsuites name="pytest tests"><testsuite name="pytest" errors="0" failures="0" skipped="0" tests="65" time="115.926" timestamp="2026-08-04T19:14:01.745340+00:00" hostname="agent-env-21f9466c-5498-45d7-81a6-dbe438116ad1"><testcase classname="test_iter32_counsel_guide.TestCounselAuth" name="test_counsel_login_role" time="0.380" /><testcase classname="test_iter32_counsel_guide.TestLegalDocs" name="test_docs_index_contains_counsel_entries" time="0.425" /><testcase classname="test_iter32_counsel_guide.TestLegalDocs" name="test_counsel_guide_draft_download" time="0.132" /><testcase classname="test_iter32_counsel_guide.TestLegalDocs" name="test_counsel_review_plan_draft_download" time="0.123" /><testcase classname="test_iter32_counsel_guide.TestLegalDocs" name="test_briefing_docx_and_md_fast_path" time="0.185" /><testcase classname="test_iter32_counsel_guide.TestLegalDocs" name="test_counsel_guide_md_has_correct_password" time="0.000" /><testcase classname="test_iter32_counsel_guide.TestLegalDocs" name="test_counsel_guide_advises_pushing_billable_work_to_admin" time="0.000" /><testcase classname="test_iter32_counsel_guide.TestPublicLegal" name="test_pages_six_slugs" time="0.118" /><testcase classname="test_iter32_counsel_guide.TestPublicLegal" name="test_page_terms_body" time="0.221" /><testcase classname="test_iter32_counsel_guide.TestPublicLegal" name="test_history_and_rss" time="0.246" /><testcase classname="test_iter32_counsel_guide.TestCounselWrites" name="test_counsel_can_read_comments" time="0.079" /><testcase classname="test_iter32_counsel_guide.TestCounselWrites" name="test_counsel_can_post_comment" time="0.150" /><testcase classname="test_iter32_counsel_guide.TestCounselWrites" name="test_counsel_ratification_blocked" time="0.077" /><testcase classname="test_iter32_counsel_guide.TestCounselWrites" name="test_counsel_rebuild_blocked" time="0.085" /><testcase classname="test_iter32_counsel_guide.TestCounselWrites" name="test_admin_ratification_succeeds_and_revoke" time="0.594" /><testcase classname="test_iter32_counsel_guide.TestCounselWrites" name="test_admin_rebuild_docx" time="1.252" /><testcase classname="test_iter32_counsel_guide" name="test_zz_cleanup_comments" time="0.018" /><testcase classname="test_iter32_counsel_guide.TestHelpKB" name="test_counsel_fast_path_kb" time="0.129" /><testcase classname="test_iter32_counsel_guide.TestHelpKB" name="test_counsel_redline_kb" time="0.137" /><testcase classname="test_iter32_counsel_guide.TestCounselAllowListScope" name="test_counsel_apply_roundtrip_reachability" time="0.070" /><testcase classname="test_iter32_counsel_guide.TestCounselAllowListScope" name="test_counsel_resolve_comment_reachability" time="0.075" /><testcase classname="test_iter32_counsel_guide" name="test_zzz_cleanup_playwright_comments" time="0.008" /><testcase classname="test_iter33_counsel_allowlist.TestBriefingFastPath" name="test_md_contains_fast_path_near_top" time="0.411" /><testcase classname="test_iter33_counsel_allowlist.TestBriefingFastPath" name="test_docx_contains_fast_path" time="0.069" /><testcase classname="test_iter33_counsel_allowlist.TestCounselAllowList" name="test_comment_create_still_allowed" time="0.130" /><testcase classname="test_iter33_counsel_allowlist.TestCounselAllowList" name="test_apply_roundtrip_blocked" time="0.066" /><testcase classname="test_iter33_counsel_allowlist.TestCounselAllowList" name="test_import_roundtrip_blocked" time="0.068" /><testcase classname="test_iter33_counsel_allowlist.TestCounselAllowList" name="test_resolve_blocked" time="0.061" /><testcase classname="test_iter33_counsel_allowlist.TestCounselAllowList" name="test_export_post_blocked_but_get_allowed" time="0.175" /><testcase classname="test_iter33_counsel_allowlist.TestCounselAllowList" name="test_ratification_post_and_delete_blocked" time="0.135" /><testcase classname="test_iter33_counsel_allowlist.TestCounselAllowList" name="test_rebuild_docx_blocked" time="0.066" /><testcase classname="test_iter33_counsel_allowlist" name="test_history_rss_valid_xml" time="0.166" /><testcase classname="test_iter33_counsel_allowlist" name="test_zzz_cleanup" time="0.006" /><testcase classname="test_iter34_counsel_settings.TestCounselSettingsRead" name="test_get_as_admin" time="0.707" /><testcase classname="test_iter34_counsel_settings.TestCounselSettingsRead" name="test_get_as_participant_forbidden" time="0.479" /><testcase classname="test_iter34_counsel_settings.TestCounselSettingsRead" name="test_get_unauthenticated" time="0.143" /><testcase classname="test_iter34_counsel_settings.TestCounselSettingsRead" name="test_get_as_counsel_actual_behaviour" time="0.483" /><testcase classname="test_iter34_counsel_settings.TestValidation" name="test_short_password" time="0.129" /><testcase classname="test_iter34_counsel_settings.TestValidation" name="test_bad_email" time="0.127" /><testcase classname="test_iter34_counsel_settings.TestValidation" name="test_empty_payload" time="0.115" /><testcase classname="test_iter34_counsel_settings.TestValidation" name="test_email_collision_conflict" time="0.141" /><testcase classname="test_iter34_counsel_settings.TestValidation" name="test_counsel_cannot_rotate" time="0.511" /><testcase classname="test_iter34_counsel_settings.TestRotateFlow" name="test_rotate_and_login" time="1.440" /><testcase classname="test_iter34_counsel_settings.TestRotateFlow" name="test_persistence_after_restart" time="5.609" /><testcase classname="test_iter35_counsel_settings_strict.TestCounselStrictGate" name="test_counsel_get_forbidden" time="0.473" /><testcase classname="test_iter35_counsel_settings_strict.TestCounselStrictGate" name="test_counsel_rotate_forbidden" time="0.127" /><testcase classname="test_iter35_counsel_settings_strict.TestCounselStrictGate" name="test_counsel_credentials_unchanged_after_attempt" time="0.356" /><testcase classname="test_iter35_counsel_settings_strict.TestAdminRegression" name="test_admin_get_ok" time="0.734" /><testcase classname="test_iter35_counsel_settings_strict.TestAdminRegression" name="test_admin_rotate_and_restore" time="1.780" /><testcase classname="test_iter36_counsel_session_setpw.TestDoc" name="test_cloudflare_resend_doc" time="0.002" /><testcase classname="test_iter36_counsel_session_setpw.TestSessionRevocation" name="test_revocation_kills_old_token" time="2.552" /><testcase classname="test_iter36_counsel_session_setpw.TestSendLink" name="test_send_link_happy" time="0.678" /><testcase classname="test_iter36_counsel_session_setpw.TestSendLink" name="test_send_link_counsel_forbidden" time="0.475" /><testcase classname="test_iter36_counsel_session_setpw.TestSetPasswordFromToken" name="test_happy_path_and_session_kill" time="2.178" /><testcase classname="test_iter36_counsel_session_setpw.TestSetPasswordFromToken" name="test_missing_token" time="0.130" /><testcase classname="test_iter36_counsel_session_setpw.TestSetPasswordFromToken" name="test_unknown_token" time="0.127" /><testcase classname="test_iter36_counsel_session_setpw.TestSetPasswordFromToken" name="test_expired_token" time="0.124" /><testcase classname="test_iter36_counsel_session_setpw.TestSetPasswordFromToken" name="test_short_password" time="0.842" /><testcase classname="test_iter36b_counsel_race_boundary.TestRotateLoginRace" name="test_no_false_revocation_5x" time="5.195" /><testcase classname="test_iter36b_counsel_race_boundary.TestOlderTokenStillRevoked" name="test_old_token_revoked" time="3.667" /><testcase classname="test_iter36b_counsel_race_boundary.TestSameSecondBoundary" name="test_same_second_iat_accepted" time="1.002" /><testcase classname="test_iter38_counsel_iat_ms.TestIatMsClaim" name="test_fresh_token_has_iat_ms" time="0.357" /><testcase classname="test_iter38_counsel_iat_ms.TestSameSecondRevocation" name="test_same_second_revocation_5x" time="68.874" /><testcase classname="test_iter38_counsel_iat_ms.TestFreshLoginAfterRotate" name="test_fresh_login_after_rotate_5x" time="5.634" /><testcase classname="test_iter38_counsel_iat_ms.TestOlderTokenRegression" name="test_older_token_revoked" time="4.613" /></testsuite></testsuites>