<?xml version="1.0" encoding="utf-8"?><testsuites name="pytest tests"><testsuite name="pytest" errors="0" failures="0" skipped="0" tests="34" time="6.383" timestamp="2026-05-23T06:29:42.296181+00:00" hostname="agent-env-21f9466c-5498-45d7-81a6-dbe438116ad1"><testcase classname="backend.tests.test_iter9_partners.TestApply" name="test_apply_anonymous_401" time="0.265" /><testcase classname="backend.tests.test_iter9_partners.TestApply" name="test_apply_facilitator_missing_presents_400" time="1.116" /><testcase classname="backend.tests.test_iter9_partners.TestApply" name="test_apply_headline_too_short_422" time="0.112" /><testcase classname="backend.tests.test_iter9_partners.TestApply" name="test_apply_bio_too_short_422" time="0.134" /><testcase classname="backend.tests.test_iter9_partners.TestApply" name="test_demo_already_has_community_profile_blocks_reapply" time="0.112" /><testcase classname="backend.tests.test_iter9_partners.TestApply" name="test_apply_research_then_block_pending_reapply" time="0.221" /><testcase classname="backend.tests.test_iter9_partners.TestApply" name="test_facilitator_with_presents_birthright_ip_succeeds" time="0.222" /><testcase classname="backend.tests.test_iter9_partners.TestMyApplicationsAndProfiles" name="test_my_applications_requires_auth" time="0.096" /><testcase classname="backend.tests.test_iter9_partners.TestMyApplicationsAndProfiles" name="test_demo_my_applications_returns_only_own" time="0.113" /><testcase classname="backend.tests.test_iter9_partners.TestMyApplicationsAndProfiles" name="test_demo_my_profiles_includes_community" time="0.102" /><testcase classname="backend.tests.test_iter9_partners.TestUpdateMyProfile" name="test_invalid_partner_type_400" time="0.096" /><testcase classname="backend.tests.test_iter9_partners.TestUpdateMyProfile" name="test_no_such_profile_404" time="0.101" /><testcase classname="backend.tests.test_iter9_partners.TestUpdateMyProfile" name="test_update_community_profile_persists" time="0.530" /><testcase classname="backend.tests.test_iter9_partners.TestPublicDirectory" name="test_public_list_no_auth" time="0.128" /><testcase classname="backend.tests.test_iter9_partners.TestPublicDirectory" name="test_sam_rivera_visible_in_directory" time="0.100" /><testcase classname="backend.tests.test_iter9_partners.TestPublicDirectory" name="test_partner_type_filter" time="0.137" /><testcase classname="backend.tests.test_iter9_partners.TestPublicDirectory" name="test_search_q_short_ignored" time="0.101" /><testcase classname="backend.tests.test_iter9_partners.TestPublicDirectory" name="test_search_q_filters" time="0.118" /><testcase classname="backend.tests.test_iter9_partners.TestPublicDirectory" name="test_get_partner_by_slug" time="0.103" /><testcase classname="backend.tests.test_iter9_partners.TestPublicDirectory" name="test_get_unknown_slug_404" time="0.100" /><testcase classname="backend.tests.test_iter9_partners.TestPublicDirectory" name="test_invalid_partner_type_filter_400" time="0.103" /><testcase classname="backend.tests.test_iter9_partners.TestAdminInviteAndList" name="test_invite_requires_admin" time="0.106" /><testcase classname="backend.tests.test_iter9_partners.TestAdminInviteAndList" name="test_admin_invite_creates_pending" time="0.105" /><testcase classname="backend.tests.test_iter9_partners.TestAdminInviteAndList" name="test_applications_list_filters" time="0.105" /><testcase classname="backend.tests.test_iter9_partners.TestAdminInviteAndList" name="test_approve_invite_without_user_fails" time="0.104" /><testcase classname="backend.tests.test_iter9_partners.TestAdminInviteAndList" name="test_non_admin_list_403" time="0.106" /><testcase classname="backend.tests.test_iter9_partners.TestApproveReject" name="test_approve_elena_research_then_reject_branch" time="0.335" /><testcase classname="backend.tests.test_iter9_partners.TestApproveReject" name="test_approved_profile_visible_in_directory" time="0.106" /><testcase classname="backend.tests.test_iter9_partners.TestApproveReject" name="test_reject_facilitator_app" time="0.230" /><testcase classname="backend.tests.test_iter9_partners.TestRevokeReinstate" name="test_revoke_then_reinstate_research_profile" time="0.527" /><testcase classname="backend.tests.test_iter9_partners.TestRegression" name="test_governance_defaults" time="0.117" /><testcase classname="backend.tests.test_iter9_partners.TestRegression" name="test_legal_indemnification_active" time="0.107" /><testcase classname="backend.tests.test_iter9_partners.TestRegression" name="test_reviews_search" time="0.115" /><testcase classname="backend.tests.test_iter9_partners.TestRegression" name="test_workshops_list" time="0.103" /></testsuite></testsuites>