<?xml version="1.0" encoding="utf-8"?><testsuites name="pytest tests"><testsuite name="pytest" errors="0" failures="0" skipped="2" tests="70" time="9.663" timestamp="2026-05-22T04:19:55.291990+00:00" hostname="agent-env-21f9466c-5498-45d7-81a6-dbe438116ad1"><testcase classname="backend.tests.backend_test.TestHealth" name="test_health" time="0.191" /><testcase classname="backend.tests.backend_test.TestHealth" name="test_root" time="0.047" /><testcase classname="backend.tests.backend_test.TestAuth" name="test_register_new_user" time="0.280" /><testcase classname="backend.tests.backend_test.TestAuth" name="test_register_duplicate" time="0.048" /><testcase classname="backend.tests.backend_test.TestAuth" name="test_login_admin" time="0.269" /><testcase classname="backend.tests.backend_test.TestAuth" name="test_login_facilitator" time="0.272" /><testcase classname="backend.tests.backend_test.TestAuth" name="test_login_participant" time="0.272" /><testcase classname="backend.tests.backend_test.TestAuth" name="test_login_invalid" time="0.269" /><testcase classname="backend.tests.backend_test.TestAuth" name="test_me" time="0.316" /><testcase classname="backend.tests.backend_test.TestAuth" name="test_me_unauthorized" time="0.051" /><testcase classname="backend.tests.backend_test.TestWorkshops" name="test_list_with_status" time="0.052" /><testcase classname="backend.tests.backend_test.TestWorkshops" name="test_list_search" time="0.047" /><testcase classname="backend.tests.backend_test.TestWorkshops" name="test_get_by_slug" time="0.073" /><testcase classname="backend.tests.backend_test.TestWorkshops" name="test_get_by_id" time="0.095" /><testcase classname="backend.tests.backend_test.TestWorkshops" name="test_get_404" time="0.048" /><testcase classname="backend.tests.backend_test.TestWorkshops" name="test_list_does_not_leak_checkin_code" time="0.053"><skipped type="pytest.xfail" message="SECURITY BUG: list endpoint leaks check_in_code in response" /></testcase><testcase classname="backend.tests.backend_test.TestWorkshops" name="test_capacity_count" time="0.000" /><testcase classname="backend.tests.backend_test.TestProducts" name="test_list_products" time="0.048" /><testcase classname="backend.tests.backend_test.TestProducts" name="test_workshop_material_locked_for_guest" time="0.093" /><testcase classname="backend.tests.backend_test.TestProducts" name="test_workshop_material_unlocked_for_registered" time="0.047"><skipped type="pytest.skip" message="no workshop_material for past cohort">/app/backend/tests/backend_test.py:227: no workshop_material for past cohort</skipped></testcase><testcase classname="backend.tests.backend_test.TestProducts" name="test_merch_not_locked" time="0.095" /><testcase classname="backend.tests.backend_test.TestCheckout" name="test_sponsorship_tiers" time="0.047" /><testcase classname="backend.tests.backend_test.TestCheckout" name="test_workshop_material_blocked_as_guest" time="0.092" /><testcase classname="backend.tests.backend_test.TestCheckout" name="test_workshop_material_blocked_for_non_registered_user" time="0.362" /><testcase classname="backend.tests.backend_test.TestCheckout" name="test_donation_min_validation" time="0.046" /><testcase classname="backend.tests.backend_test.TestCheckout" name="test_invalid_sponsorship_tier" time="0.046" /><testcase classname="backend.tests.backend_test.TestCheckout" name="test_workshop_already_registered_blocked" time="0.067" /><testcase classname="backend.tests.backend_test.TestCheckout" name="test_workshop_checkout_creates_txn" time="0.917" /><testcase classname="backend.tests.backend_test.TestCheckout" name="test_donation_creates_txn" time="0.475" /><testcase classname="backend.tests.backend_test.TestCheckout" name="test_sponsorship_creates_txn" time="0.466" /><testcase classname="backend.tests.backend_test.TestCheckout" name="test_status_404" time="0.050" /><testcase classname="backend.tests.backend_test.TestCheckout" name="test_paid_txn_creates_registration_via_process" time="0.319" /><testcase classname="backend.tests.backend_test.TestDiscussions" name="test_create_blocked_for_non_enrolled" time="0.048" /><testcase classname="backend.tests.backend_test.TestDiscussions" name="test_create_for_enrolled" time="0.048" /><testcase classname="backend.tests.backend_test.TestDiscussions" name="test_list_blocked_for_non_enrolled" time="0.051" /><testcase classname="backend.tests.backend_test.TestDiscussions" name="test_facilitator_can_mark_answered" time="0.364" /><testcase classname="backend.tests.backend_test.TestChat" name="test_send_chat_blocked_for_non_enrolled" time="0.049" /><testcase classname="backend.tests.backend_test.TestChat" name="test_send_and_list_group_chat" time="0.092" /><testcase classname="backend.tests.backend_test.TestChat" name="test_chat_participants" time="0.048" /><testcase classname="backend.tests.backend_test.TestReviews" name="test_list_reviews_public" time="0.049" /><testcase classname="backend.tests.backend_test.TestReviews" name="test_review_blocked_for_non_participant" time="0.047" /><testcase classname="backend.tests.backend_test.TestReviews" name="test_review_upsert_for_participant" time="0.045" /><testcase classname="backend.tests.backend_test.TestReviews" name="test_anonymize" time="0.096" /><testcase classname="backend.tests.backend_test.TestImpact" name="test_list_impact" time="0.054" /><testcase classname="backend.tests.backend_test.TestImpact" name="test_public_only" time="0.046" /><testcase classname="backend.tests.backend_test.TestImpact" name="test_create_blocked_non_participant" time="0.047" /><testcase classname="backend.tests.backend_test.TestImpact" name="test_mine" time="0.049" /><testcase classname="backend.tests.backend_test.TestSupport" name="test_create_blocked_non_participant" time="0.049" /><testcase classname="backend.tests.backend_test.TestSupport" name="test_create_and_respond" time="0.099" /><testcase classname="backend.tests.backend_test.TestSupport" name="test_list_role_filter_participant" time="0.314" /><testcase classname="backend.tests.backend_test.TestSupport" name="test_list_role_filter_facilitator" time="0.046" /><testcase classname="backend.tests.backend_test.TestSupport" name="test_list_admin_sees_all" time="0.318" /><testcase classname="backend.tests.backend_test.TestCheckIn" name="test_check_in_invalid_code" time="0.048" /><testcase classname="backend.tests.backend_test.TestCheckIn" name="test_check_in_not_registered" time="0.050" /><testcase classname="backend.tests.backend_test.TestCheckIn" name="test_check_in_success" time="0.050" /><testcase classname="backend.tests.backend_test.TestCheckIn" name="test_my_registration" time="0.047" /><testcase classname="backend.tests.backend_test.TestFoundation" name="test_get_content" time="0.049" /><testcase classname="backend.tests.backend_test.TestFoundation" name="test_governing_members_list" time="0.047" /><testcase classname="backend.tests.backend_test.TestFoundation" name="test_governing_member_crud_admin" time="0.142" /><testcase classname="backend.tests.backend_test.TestFacilitators" name="test_list_facilitators" time="0.048" /><testcase classname="backend.tests.backend_test.TestFacilitators" name="test_facilitator_hub" time="0.050" /><testcase classname="backend.tests.backend_test.TestContactNewsletter" name="test_contact_with_newsletter" time="0.049" /><testcase classname="backend.tests.backend_test.TestContactNewsletter" name="test_newsletter_idempotent" time="0.094" /><testcase classname="backend.tests.backend_test.TestWaitlist" name="test_waitlist_join_idempotent" time="0.635" /><testcase classname="backend.tests.backend_test.TestDashboards" name="test_dashboard_me" time="0.049" /><testcase classname="backend.tests.backend_test.TestDashboards" name="test_dashboard_facilitator" time="0.053" /><testcase classname="backend.tests.backend_test.TestDashboards" name="test_dashboard_admin" time="0.049" /><testcase classname="backend.tests.backend_test.TestDashboards" name="test_admin_dashboard_blocked_for_non_admin" time="0.046" /><testcase classname="backend.tests.backend_test.TestAdminRoleChange" name="test_change_role" time="0.364" /><testcase classname="backend.tests.backend_test.TestWebhook" name="test_webhook_post_accessible" time="0.045" /></testsuite></testsuites>